[ 2018-09-07T11:19:13+08:00 ] 127.0.0.1 /mobile/index.php?m=user&a=history
ERR: 1064:You have an error in your SQL syntax; check the manual that corresponds to your MySQL server version for the right syntax to use near '11.00' at line 1
 [ SQL语句 ] : SELECT * FROM `paipai`.`dsc_paipai_goods_bid_user`11.00
ERR: 1064:You have an error in your SQL syntax; check the manual that corresponds to your MySQL server version for the right syntax to use near '11.00' at line 1
 [ SQL语句 ] : SELECT * FROM `paipai`.`dsc_paipai_goods_bid_user`11.00

[ 2018-09-07T14:09:23+08:00 ] 127.0.0.1 /mobile/index.php?m=user&a=history
ERR: 1064:You have an error in your SQL syntax; check the manual that corresponds to your MySQL server version for the right syntax to use near 'min(Array)} AND createtime={min(Array)}' at line 1
 [ SQL语句 ] :  SELECT * FROM `paipai`.`dsc_paipai_goods_sellers` WHERE seller_min_fee={min(Array)} AND createtime={min(Array)} 
ERR: 1064:You have an error in your SQL syntax; check the manual that corresponds to your MySQL server version for the right syntax to use near 'min(Array)} AND createtime={min(Array)}' at line 1
 [ SQL语句 ] :  SELECT * FROM `paipai`.`dsc_paipai_goods_sellers` WHERE seller_min_fee={min(Array)} AND createtime={min(Array)} 

[ 2018-09-07T14:47:27+08:00 ] 127.0.0.1 /mobile/index.php?m=user&a=history
ERR: 1054:Unknown column 'is_status' in 'where clause'
 [ SQL语句 ] : SELECT * FROM `paipai`.`dsc_paipai_goods_sellers` WHERE 1  AND ppj_id=123 AND ppj_no=2 AND is_status='2' AND user_id !=32523   AND ls_staus=1
ERR: 1054:Unknown column 'is_status' in 'where clause'
 [ SQL语句 ] : SELECT * FROM `paipai`.`dsc_paipai_goods_sellers` WHERE 1  AND ppj_id=123 AND ppj_no=2 AND is_status='2' AND user_id !=32523   AND ls_staus=1

[ 2018-09-07T14:56:44+08:00 ] 127.0.0.1 /mobile/index.php?m=user&a=history
ERR: 1054:Unknown column 'is_status' in 'where clause'
 [ SQL语句 ] : SELECT * FROM `paipai`.`dsc_paipai_goods_sellers` WHERE 1  AND ppj_id=123 AND ppj_no=2 AND is_status='2' AND user_id !=32523   AND ls_staus=1
ERR: 1054:Unknown column 'is_status' in 'where clause'
 [ SQL语句 ] : SELECT * FROM `paipai`.`dsc_paipai_goods_sellers` WHERE 1  AND ppj_id=123 AND ppj_no=2 AND is_status='2' AND user_id !=32523   AND ls_staus=1

[ 2018-09-07T14:56:52+08:00 ] 127.0.0.1 /mobile/index.php?m=user&a=history
ERR: 1054:Unknown column 'is_status' in 'where clause'
 [ SQL语句 ] : SELECT * FROM `paipai`.`dsc_paipai_goods_sellers` WHERE 1  AND ppj_id=123 AND ppj_no=2 AND is_status='2' AND user_id !=32523   AND ls_staus=1
ERR: 1054:Unknown column 'is_status' in 'where clause'
 [ SQL语句 ] : SELECT * FROM `paipai`.`dsc_paipai_goods_sellers` WHERE 1  AND ppj_id=123 AND ppj_no=2 AND is_status='2' AND user_id !=32523   AND ls_staus=1

[ 2018-09-07T14:59:07+08:00 ] 127.0.0.1 /mobile/index.php?m=user&a=history
ERR: 1054:Unknown column 'is_status' in 'where clause'
 [ SQL语句 ] : SELECT * FROM `paipai`.`dsc_paipai_goods_sellers` WHERE 1  AND ppj_id=123 AND ppj_no=2 AND is_status='2' AND user_id !=32523   AND ls_staus=1
ERR: 1054:Unknown column 'is_status' in 'where clause'
 [ SQL语句 ] : SELECT * FROM `paipai`.`dsc_paipai_goods_sellers` WHERE 1  AND ppj_id=123 AND ppj_no=2 AND is_status='2' AND user_id !=32523   AND ls_staus=1

[ 2018-09-07T14:59:11+08:00 ] 127.0.0.1 /mobile/index.php?m=user&a=history
ERR: 1054:Unknown column 'is_status' in 'where clause'
 [ SQL语句 ] : SELECT * FROM `paipai`.`dsc_paipai_goods_sellers` WHERE 1  AND ppj_id=123 AND ppj_no=2 AND is_status='2' AND user_id !=32523   AND ls_staus=1
ERR: 1054:Unknown column 'is_status' in 'where clause'
 [ SQL语句 ] : SELECT * FROM `paipai`.`dsc_paipai_goods_sellers` WHERE 1  AND ppj_id=123 AND ppj_no=2 AND is_status='2' AND user_id !=32523   AND ls_staus=1

[ 2018-09-07T15:01:50+08:00 ] 127.0.0.1 /mobile/index.php?m=user&a=history
ERR: 1054:Unknown column 'is_status' in 'where clause'
 [ SQL语句 ] : SELECT * FROM `paipai`.`dsc_paipai_goods_sellers` WHERE 1  AND ppj_id=123 AND ppj_no=2 AND is_status='2' AND user_id !=32523   AND ls_staus=1
ERR: 1054:Unknown column 'is_status' in 'where clause'
 [ SQL语句 ] : SELECT * FROM `paipai`.`dsc_paipai_goods_sellers` WHERE 1  AND ppj_id=123 AND ppj_no=2 AND is_status='2' AND user_id !=32523   AND ls_staus=1

[ 2018-09-07T15:02:09+08:00 ] 127.0.0.1 /mobile/index.php?m=user&a=history
ERR: 1054:Unknown column 'is_status' in 'where clause'
 [ SQL语句 ] : SELECT * FROM `paipai`.`dsc_paipai_goods_sellers` WHERE 1  AND ppj_id=123 AND ppj_no=2 AND is_status='2' AND user_id !=32523   AND ls_staus=1
ERR: 1054:Unknown column 'is_status' in 'where clause'
 [ SQL语句 ] : SELECT * FROM `paipai`.`dsc_paipai_goods_sellers` WHERE 1  AND ppj_id=123 AND ppj_no=2 AND is_status='2' AND user_id !=32523   AND ls_staus=1

[ 2018-09-07T15:03:03+08:00 ] 127.0.0.1 /mobile/index.php?m=user&a=history
ERR: 1054:Unknown column 'is_status' in 'where clause'
 [ SQL语句 ] : SELECT * FROM `paipai`.`dsc_paipai_goods_sellers` WHERE 1  AND ppj_id=123 AND ppj_no=2 AND is_status='2' AND user_id !=32523   AND ls_staus=1
ERR: 1054:Unknown column 'is_status' in 'where clause'
 [ SQL语句 ] : SELECT * FROM `paipai`.`dsc_paipai_goods_sellers` WHERE 1  AND ppj_id=123 AND ppj_no=2 AND is_status='2' AND user_id !=32523   AND ls_staus=1

[ 2018-09-07T15:04:25+08:00 ] 127.0.0.1 /mobile/index.php?m=user&a=history
ERR: 1064:You have an error in your SQL syntax; check the manual that corresponds to your MySQL server version for the right syntax to use near 'user_id !={$user_id} AND is_status=2' at line 1
 [ SQL语句 ] : SELECT * FROM `paipai`.`dsc_paipai_goods_bid_user` WHERE 1  AND ppj_id=123 AND ppj_no=2AND user_id !={$user_id} AND is_status=2 
ERR: 1064:You have an error in your SQL syntax; check the manual that corresponds to your MySQL server version for the right syntax to use near 'user_id !={$user_id} AND is_status=2' at line 1
 [ SQL语句 ] : SELECT * FROM `paipai`.`dsc_paipai_goods_bid_user` WHERE 1  AND ppj_id=123 AND ppj_no=2AND user_id !={$user_id} AND is_status=2 

[ 2018-09-07T15:05:49+08:00 ] 127.0.0.1 /mobile/index.php?m=user&a=history
ERR: 1064:You have an error in your SQL syntax; check the manual that corresponds to your MySQL server version for the right syntax to use near 'user_id !={$user_id} AND is_status=2' at line 1
 [ SQL语句 ] : SELECT * FROM `paipai`.`dsc_paipai_goods_bid_user` WHERE 1  AND ppj_id=123 AND ppj_no=2AND user_id !={$user_id} AND is_status=2 
ERR: 1064:You have an error in your SQL syntax; check the manual that corresponds to your MySQL server version for the right syntax to use near 'user_id !={$user_id} AND is_status=2' at line 1
 [ SQL语句 ] : SELECT * FROM `paipai`.`dsc_paipai_goods_bid_user` WHERE 1  AND ppj_id=123 AND ppj_no=2AND user_id !={$user_id} AND is_status=2 

[ 2018-09-07T15:05:58+08:00 ] 127.0.0.1 /mobile/index.php?m=user&a=history
ERR: 1064:You have an error in your SQL syntax; check the manual that corresponds to your MySQL server version for the right syntax to use near '} AND is_status=2' at line 1
 [ SQL语句 ] : SELECT * FROM `paipai`.`dsc_paipai_goods_bid_user` WHERE 1  AND ppj_id=123 AND ppj_no=2 AND user_id !={$user_id} AND is_status=2 
ERR: 1064:You have an error in your SQL syntax; check the manual that corresponds to your MySQL server version for the right syntax to use near '} AND is_status=2' at line 1
 [ SQL语句 ] : SELECT * FROM `paipai`.`dsc_paipai_goods_bid_user` WHERE 1  AND ppj_id=123 AND ppj_no=2 AND user_id !={$user_id} AND is_status=2 

[ 2018-09-07T18:12:50+08:00 ] 127.0.0.1 /mobile/index.php?m=user&c=userbuy&a=userbuy
ERR: 1064:You have an error in your SQL syntax; check the manual that corresponds to your MySQL server version for the right syntax to use near 'AND ppj_no= AND user_id=32523 AND is_status=2' at line 1
 [ SQL语句 ] : SELECT * FROM `paipai`.`dsc_paipai_goods_bid_user`WHERE ppj_id= AND ppj_no= AND user_id=32523 AND is_status=2
ERR: 1064:You have an error in your SQL syntax; check the manual that corresponds to your MySQL server version for the right syntax to use near 'AND ppj_no= AND user_id=32523 AND is_status=2' at line 1
 [ SQL语句 ] : SELECT * FROM `paipai`.`dsc_paipai_goods_bid_user`WHERE ppj_id= AND ppj_no= AND user_id=32523 AND is_status=2

[ 2018-09-07T18:13:40+08:00 ] 127.0.0.1 /mobile/index.php?m=user&c=userbuy&a=userbuy
ERR: 1064:You have an error in your SQL syntax; check the manual that corresponds to your MySQL server version for the right syntax to use near 'AND ppj_no= AND user_id=32523 AND is_status=2' at line 1
 [ SQL语句 ] : SELECT * FROM `paipai`.`dsc_paipai_goods_bid_user`WHERE ppj_id= AND ppj_no= AND user_id=32523 AND is_status=2
ERR: 1064:You have an error in your SQL syntax; check the manual that corresponds to your MySQL server version for the right syntax to use near 'AND ppj_no= AND user_id=32523 AND is_status=2' at line 1
 [ SQL语句 ] : SELECT * FROM `paipai`.`dsc_paipai_goods_bid_user`WHERE ppj_id= AND ppj_no= AND user_id=32523 AND is_status=2

[ 2018-09-07T18:13:56+08:00 ] 127.0.0.1 /mobile/index.php?m=user&c=userbuy&a=userbuy
ERR: 1064:You have an error in your SQL syntax; check the manual that corresponds to your MySQL server version for the right syntax to use near 'AND ppj_no= AND user_id=32523 AND is_status=2' at line 1
 [ SQL语句 ] : SELECT * FROM `paipai`.`dsc_paipai_goods_bid_user`WHERE ppj_id= AND ppj_no= AND user_id=32523 AND is_status=2
ERR: 1064:You have an error in your SQL syntax; check the manual that corresponds to your MySQL server version for the right syntax to use near 'AND ppj_no= AND user_id=32523 AND is_status=2' at line 1
 [ SQL语句 ] : SELECT * FROM `paipai`.`dsc_paipai_goods_bid_user`WHERE ppj_id= AND ppj_no= AND user_id=32523 AND is_status=2

[ 2018-09-07T18:14:03+08:00 ] 127.0.0.1 /mobile/index.php?m=user&c=userbuy&a=userbuy
ERR: 1064:You have an error in your SQL syntax; check the manual that corresponds to your MySQL server version for the right syntax to use near 'AND ppj_no= AND user_id=32523 AND is_status=2' at line 1
 [ SQL语句 ] : SELECT * FROM `paipai`.`dsc_paipai_goods_bid_user`WHERE ppj_id= AND ppj_no= AND user_id=32523 AND is_status=2
ERR: 1064:You have an error in your SQL syntax; check the manual that corresponds to your MySQL server version for the right syntax to use near 'AND ppj_no= AND user_id=32523 AND is_status=2' at line 1
 [ SQL语句 ] : SELECT * FROM `paipai`.`dsc_paipai_goods_bid_user`WHERE ppj_id= AND ppj_no= AND user_id=32523 AND is_status=2

[ 2018-09-07T20:21:08+08:00 ] 127.0.0.1 /mobile/index.php?m=user&c=userbuy&a=ajaxbuy
ERR: 1064:You have an error in your SQL syntax; check the manual that corresponds to your MySQL server version for the right syntax to use near 'AND pl.ppj_no=' at line 1
 [ SQL语句 ] : SELECT pl.start_time,pl.end_time,pl.ppj_startpay_time,pl.ppj_endpay_time,pl.ppj_staus,pl.goods_count,pl.ppj_start_fee,pl.ppj_buy_fee,g.goods_id,g.market_price,g.shop_price FROM `paipai`.`dsc_paipai_list` AS pl LEFT JOIN `paipai`.`dsc_goods` AS g ON pl.goods_id=g.goods_id WHERE pl.ppj_id= AND pl.ppj_no= 
ERR: 1064:You have an error in your SQL syntax; check the manual that corresponds to your MySQL server version for the right syntax to use near 'AND pl.ppj_no=' at line 1
 [ SQL语句 ] : SELECT pl.start_time,pl.end_time,pl.ppj_startpay_time,pl.ppj_endpay_time,pl.ppj_staus,pl.goods_count,pl.ppj_start_fee,pl.ppj_buy_fee,g.goods_id,g.market_price,g.shop_price FROM `paipai`.`dsc_paipai_list` AS pl LEFT JOIN `paipai`.`dsc_goods` AS g ON pl.goods_id=g.goods_id WHERE pl.ppj_id= AND pl.ppj_no= 

[ 2018-09-07T20:21:10+08:00 ] 127.0.0.1 /mobile/index.php?m=user&c=userbuy&a=ajaxbuy
ERR: 1064:You have an error in your SQL syntax; check the manual that corresponds to your MySQL server version for the right syntax to use near 'AND pl.ppj_no=' at line 1
 [ SQL语句 ] : SELECT pl.start_time,pl.end_time,pl.ppj_startpay_time,pl.ppj_endpay_time,pl.ppj_staus,pl.goods_count,pl.ppj_start_fee,pl.ppj_buy_fee,g.goods_id,g.market_price,g.shop_price FROM `paipai`.`dsc_paipai_list` AS pl LEFT JOIN `paipai`.`dsc_goods` AS g ON pl.goods_id=g.goods_id WHERE pl.ppj_id= AND pl.ppj_no= 
ERR: 1064:You have an error in your SQL syntax; check the manual that corresponds to your MySQL server version for the right syntax to use near 'AND pl.ppj_no=' at line 1
 [ SQL语句 ] : SELECT pl.start_time,pl.end_time,pl.ppj_startpay_time,pl.ppj_endpay_time,pl.ppj_staus,pl.goods_count,pl.ppj_start_fee,pl.ppj_buy_fee,g.goods_id,g.market_price,g.shop_price FROM `paipai`.`dsc_paipai_list` AS pl LEFT JOIN `paipai`.`dsc_goods` AS g ON pl.goods_id=g.goods_id WHERE pl.ppj_id= AND pl.ppj_no= 

[ 2018-09-07T20:21:12+08:00 ] 127.0.0.1 /mobile/index.php?m=user&c=userbuy&a=ajaxbuy
ERR: 1064:You have an error in your SQL syntax; check the manual that corresponds to your MySQL server version for the right syntax to use near 'AND pl.ppj_no=' at line 1
 [ SQL语句 ] : SELECT pl.start_time,pl.end_time,pl.ppj_startpay_time,pl.ppj_endpay_time,pl.ppj_staus,pl.goods_count,pl.ppj_start_fee,pl.ppj_buy_fee,g.goods_id,g.market_price,g.shop_price FROM `paipai`.`dsc_paipai_list` AS pl LEFT JOIN `paipai`.`dsc_goods` AS g ON pl.goods_id=g.goods_id WHERE pl.ppj_id= AND pl.ppj_no= 
ERR: 1064:You have an error in your SQL syntax; check the manual that corresponds to your MySQL server version for the right syntax to use near 'AND pl.ppj_no=' at line 1
 [ SQL语句 ] : SELECT pl.start_time,pl.end_time,pl.ppj_startpay_time,pl.ppj_endpay_time,pl.ppj_staus,pl.goods_count,pl.ppj_start_fee,pl.ppj_buy_fee,g.goods_id,g.market_price,g.shop_price FROM `paipai`.`dsc_paipai_list` AS pl LEFT JOIN `paipai`.`dsc_goods` AS g ON pl.goods_id=g.goods_id WHERE pl.ppj_id= AND pl.ppj_no= 

[ 2018-09-07T20:21:14+08:00 ] 127.0.0.1 /mobile/index.php?m=user&c=userbuy&a=ajaxbuy
ERR: 1064:You have an error in your SQL syntax; check the manual that corresponds to your MySQL server version for the right syntax to use near 'AND pl.ppj_no=' at line 1
 [ SQL语句 ] : SELECT pl.start_time,pl.end_time,pl.ppj_startpay_time,pl.ppj_endpay_time,pl.ppj_staus,pl.goods_count,pl.ppj_start_fee,pl.ppj_buy_fee,g.goods_id,g.market_price,g.shop_price FROM `paipai`.`dsc_paipai_list` AS pl LEFT JOIN `paipai`.`dsc_goods` AS g ON pl.goods_id=g.goods_id WHERE pl.ppj_id= AND pl.ppj_no= 
ERR: 1064:You have an error in your SQL syntax; check the manual that corresponds to your MySQL server version for the right syntax to use near 'AND pl.ppj_no=' at line 1
 [ SQL语句 ] : SELECT pl.start_time,pl.end_time,pl.ppj_startpay_time,pl.ppj_endpay_time,pl.ppj_staus,pl.goods_count,pl.ppj_start_fee,pl.ppj_buy_fee,g.goods_id,g.market_price,g.shop_price FROM `paipai`.`dsc_paipai_list` AS pl LEFT JOIN `paipai`.`dsc_goods` AS g ON pl.goods_id=g.goods_id WHERE pl.ppj_id= AND pl.ppj_no= 

[ 2018-09-07T20:21:16+08:00 ] 127.0.0.1 /mobile/index.php?m=user&c=userbuy&a=ajaxbuy
ERR: 1064:You have an error in your SQL syntax; check the manual that corresponds to your MySQL server version for the right syntax to use near 'AND pl.ppj_no=' at line 1
 [ SQL语句 ] : SELECT pl.start_time,pl.end_time,pl.ppj_startpay_time,pl.ppj_endpay_time,pl.ppj_staus,pl.goods_count,pl.ppj_start_fee,pl.ppj_buy_fee,g.goods_id,g.market_price,g.shop_price FROM `paipai`.`dsc_paipai_list` AS pl LEFT JOIN `paipai`.`dsc_goods` AS g ON pl.goods_id=g.goods_id WHERE pl.ppj_id= AND pl.ppj_no= 
ERR: 1064:You have an error in your SQL syntax; check the manual that corresponds to your MySQL server version for the right syntax to use near 'AND pl.ppj_no=' at line 1
 [ SQL语句 ] : SELECT pl.start_time,pl.end_time,pl.ppj_startpay_time,pl.ppj_endpay_time,pl.ppj_staus,pl.goods_count,pl.ppj_start_fee,pl.ppj_buy_fee,g.goods_id,g.market_price,g.shop_price FROM `paipai`.`dsc_paipai_list` AS pl LEFT JOIN `paipai`.`dsc_goods` AS g ON pl.goods_id=g.goods_id WHERE pl.ppj_id= AND pl.ppj_no= 

[ 2018-09-07T20:21:18+08:00 ] 127.0.0.1 /mobile/index.php?m=user&c=userbuy&a=ajaxbuy
ERR: 1064:You have an error in your SQL syntax; check the manual that corresponds to your MySQL server version for the right syntax to use near 'AND pl.ppj_no=' at line 1
 [ SQL语句 ] : SELECT pl.start_time,pl.end_time,pl.ppj_startpay_time,pl.ppj_endpay_time,pl.ppj_staus,pl.goods_count,pl.ppj_start_fee,pl.ppj_buy_fee,g.goods_id,g.market_price,g.shop_price FROM `paipai`.`dsc_paipai_list` AS pl LEFT JOIN `paipai`.`dsc_goods` AS g ON pl.goods_id=g.goods_id WHERE pl.ppj_id= AND pl.ppj_no= 
ERR: 1064:You have an error in your SQL syntax; check the manual that corresponds to your MySQL server version for the right syntax to use near 'AND pl.ppj_no=' at line 1
 [ SQL语句 ] : SELECT pl.start_time,pl.end_time,pl.ppj_startpay_time,pl.ppj_endpay_time,pl.ppj_staus,pl.goods_count,pl.ppj_start_fee,pl.ppj_buy_fee,g.goods_id,g.market_price,g.shop_price FROM `paipai`.`dsc_paipai_list` AS pl LEFT JOIN `paipai`.`dsc_goods` AS g ON pl.goods_id=g.goods_id WHERE pl.ppj_id= AND pl.ppj_no= 

[ 2018-09-07T20:21:20+08:00 ] 127.0.0.1 /mobile/index.php?m=user&c=userbuy&a=ajaxbuy
ERR: 1064:You have an error in your SQL syntax; check the manual that corresponds to your MySQL server version for the right syntax to use near 'AND pl.ppj_no=' at line 1
 [ SQL语句 ] : SELECT pl.start_time,pl.end_time,pl.ppj_startpay_time,pl.ppj_endpay_time,pl.ppj_staus,pl.goods_count,pl.ppj_start_fee,pl.ppj_buy_fee,g.goods_id,g.market_price,g.shop_price FROM `paipai`.`dsc_paipai_list` AS pl LEFT JOIN `paipai`.`dsc_goods` AS g ON pl.goods_id=g.goods_id WHERE pl.ppj_id= AND pl.ppj_no= 
ERR: 1064:You have an error in your SQL syntax; check the manual that corresponds to your MySQL server version for the right syntax to use near 'AND pl.ppj_no=' at line 1
 [ SQL语句 ] : SELECT pl.start_time,pl.end_time,pl.ppj_startpay_time,pl.ppj_endpay_time,pl.ppj_staus,pl.goods_count,pl.ppj_start_fee,pl.ppj_buy_fee,g.goods_id,g.market_price,g.shop_price FROM `paipai`.`dsc_paipai_list` AS pl LEFT JOIN `paipai`.`dsc_goods` AS g ON pl.goods_id=g.goods_id WHERE pl.ppj_id= AND pl.ppj_no= 

[ 2018-09-07T20:21:22+08:00 ] 127.0.0.1 /mobile/index.php?m=user&c=userbuy&a=ajaxbuy
ERR: 1064:You have an error in your SQL syntax; check the manual that corresponds to your MySQL server version for the right syntax to use near 'AND pl.ppj_no=' at line 1
 [ SQL语句 ] : SELECT pl.start_time,pl.end_time,pl.ppj_startpay_time,pl.ppj_endpay_time,pl.ppj_staus,pl.goods_count,pl.ppj_start_fee,pl.ppj_buy_fee,g.goods_id,g.market_price,g.shop_price FROM `paipai`.`dsc_paipai_list` AS pl LEFT JOIN `paipai`.`dsc_goods` AS g ON pl.goods_id=g.goods_id WHERE pl.ppj_id= AND pl.ppj_no= 
ERR: 1064:You have an error in your SQL syntax; check the manual that corresponds to your MySQL server version for the right syntax to use near 'AND pl.ppj_no=' at line 1
 [ SQL语句 ] : SELECT pl.start_time,pl.end_time,pl.ppj_startpay_time,pl.ppj_endpay_time,pl.ppj_staus,pl.goods_count,pl.ppj_start_fee,pl.ppj_buy_fee,g.goods_id,g.market_price,g.shop_price FROM `paipai`.`dsc_paipai_list` AS pl LEFT JOIN `paipai`.`dsc_goods` AS g ON pl.goods_id=g.goods_id WHERE pl.ppj_id= AND pl.ppj_no= 

