[ 2018-09-09T16:20:48+08:00 ] ::1 /newppj/mobile/index.php?m=onlinepay&order_sn=2018090916287988645
NOTIC: [8] date_default_timezone_set(): Timezone ID '' is invalid D:\phpStudy\PHPTutorial\WWW\newppj\mobile\vendor\Library\Think\Think.class.php 第 106 行.
INFO: [ app_init ] --START--
INFO: Run Behavior\BuildLiteBehavior [ RunTime:0.000000s ]
INFO: [ app_init ] --END-- [ RunTime:0.000000s ]
INFO: [ app_begin ] --START--
INFO: Run Behavior\ReadHtmlCacheBehavior [ RunTime:0.000974s ]
INFO: Run App\Behavior\SaaSServiceBehavior [ RunTime:0.000975s ]
INFO: [ app_begin ] --END-- [ RunTime:0.001949s ]
SQL: SELECT code, value FROM `paipai`.`dsc_shop_config` WHERE parent_id > 0 [ RunTime:0.0010s ]
NOTIC: [8] Undefined index: type_city D:\phpStudy\PHPTutorial\WWW\newppj\mobile\app\Modules\Base\Controllers\FrontendController.php 第 208 行.
SQL: select region_id, region_name from `paipai`.`dsc_region` where 1 AND parent_id = '' order by region_id asc limit 0, 1 [ RunTime:0.0010s ]
NOTIC: [8] Undefined index: type_province D:\phpStudy\PHPTutorial\WWW\newppj\mobile\app\Modules\Base\Controllers\FrontendController.php 第 215 行.
SQL: select region_id, region_name from `paipai`.`dsc_region` where 1 AND parent_id = '' order by region_id asc limit 0, 1 [ RunTime:0.0000s ]
NOTIC: [8] Undefined index: type_city D:\phpStudy\PHPTutorial\WWW\newppj\mobile\app\Modules\Base\Controllers\FrontendController.php 第 216 行.
SQL: select r1.parent_id, r2.region_name from `paipai`.`dsc_region` as r1, `paipai`.`dsc_region` as r2  where 1 AND r1.parent_id = r2.region_id AND r1.region_id = '' [ RunTime:0.0010s ]
NOTIC: [8] Undefined index: type_district D:\phpStudy\PHPTutorial\WWW\newppj\mobile\app\Modules\Base\Controllers\FrontendController.php 第 217 行.
SQL: select r1.parent_id, r2.region_name from `paipai`.`dsc_region` as r1, `paipai`.`dsc_region` as r2  where 1 AND r1.parent_id = r2.region_id AND r1.region_id = '' [ RunTime:0.0000s ]
NOTIC: [8] Undefined index: type_province D:\phpStudy\PHPTutorial\WWW\newppj\mobile\app\Modules\Base\Controllers\FrontendController.php 第 218 行.
SQL: select region_id,region_name from `paipai`.`dsc_region_warehouse` where regionId = '31' LIMIT 1 [ RunTime:0.0010s ]
SQL: select province, city, district from `paipai`.`dsc_seller_shopinfo` where ru_id = 0 [ RunTime:0.0000s ]
NOTIC: [2] ltrim(): Invalid '..'-range, no character to the left of '..' D:\phpStudy\PHPTutorial\WWW\newppj\mobile\app\Modules\Base\Controllers\FrontendController.php 第 323 行.
INFO: [ frontend_init ] --START--
SQL: SHOW COLUMNS FROM `dsc_drp_config` [ RunTime:0.0029s ]
SQL: SELECT `value` FROM `dsc_drp_config` WHERE `code` = 'custom_distribution' LIMIT 1   [ RunTime:0.0010s ]
SQL: SHOW COLUMNS FROM `dsc_drp_config` [ RunTime:0.0019s ]
SQL: SELECT `value` FROM `dsc_drp_config` WHERE `code` = 'custom_distributor' LIMIT 1   [ RunTime:0.0010s ]
INFO: Run App\Behavior\ReplaceLangBehavior [ RunTime:0.009741s ]
INFO: [ frontend_init ] --END-- [ RunTime:0.009741s ]
SQL: SHOW COLUMNS FROM `dsc_order_info` [ RunTime:0.0039s ]
SQL: SELECT `order_id` FROM `dsc_order_info` WHERE `order_sn` = '2018090916287988645' AND `user_id` = 3331 LIMIT 1   [ RunTime:0.0000s ]
SQL: SELECT pay_id, pay_code, pay_name, pay_fee,is_online,pay_desc, pay_config, is_cod FROM `paipai`.`dsc_payment` WHERE enabled = 1 AND is_cod = 0 ORDER BY pay_order ASC [ RunTime:0.0000s ]
SQL: SHOW COLUMNS FROM `dsc_payment` [ RunTime:0.0000s ]
SQL: SELECT `pay_config` FROM `dsc_payment` WHERE `pay_code` = 'wxpay' LIMIT 1   [ RunTime:0.0000s ]
SQL: SELECT * FROM dsc_order_info WHERE order_id='461' LIMIT 1 [ RunTime:0.0000s ]
SQL:  SELECT log_id FROM `paipai`.`dsc_pay_log` WHERE order_id = '461' LIMIT 1  [ RunTime:0.0000s ]
SQL: SELECT pay_id FROM dsc_payment WHERE pay_code='onlinepay' [ RunTime:0.0000s ]
SQL: SELECT enabled FROM dsc_payment WHERE pay_code=15 [ RunTime:0.0000s ]
SQL: SELECT * FROM `paipai`.`dsc_payment` WHERE pay_id = '9' AND enabled = 1 [ RunTime:0.0000s ]
SQL: UPDATE dsc_order_info set pay_id='9',pay_name='支付宝' WHERE order_id = '461' [ RunTime:0.0000s ]
SQL: SELECT order_id FROM `paipai`.`dsc_order_info` WHERE main_order_id = '461' [ RunTime:0.0000s ]
SQL: SELECT * FROM `paipai`.`dsc_payment` WHERE pay_code = 'alipay' AND enabled = '1' [ RunTime:0.0000s ]
NOTIC: [2048] Only variables should be passed by reference D:\phpStudy\PHPTutorial\WWW\newppj\mobile\vendor\Library\Think\View.class.php 第 175 行.
INFO: [ view_parse ] --START--
INFO: [ template_replace ] --START--
INFO: Run App\Behavior\ParseTemplateBehavior [ RunTime:0.000974s ]
INFO: [ template_replace ] --END-- [ RunTime:0.000974s ]
NOTIC: [2048] Only variables should be passed by reference D:\phpStudy\PHPTutorial\WWW\newppj\mobile\vendor\Common\functions.php 第 257 行.
NOTIC: [2048] Only variables should be passed by reference D:\phpStudy\PHPTutorial\WWW\newppj\mobile\vendor\Common\functions.php 第 262 行.
NOTIC: [2048] Only variables should be passed by reference D:\phpStudy\PHPTutorial\WWW\newppj\mobile\vendor\Common\functions.php 第 267 行.
INFO: [ template_replace ] --START--
INFO: Run App\Behavior\ParseTemplateBehavior [ RunTime:0.000974s ]
INFO: [ template_replace ] --END-- [ RunTime:-0.000974s ]
NOTIC: [2048] Only variables should be passed by reference D:\phpStudy\PHPTutorial\WWW\newppj\mobile\vendor\Common\functions.php 第 257 行.
NOTIC: [2048] Only variables should be passed by reference D:\phpStudy\PHPTutorial\WWW\newppj\mobile\vendor\Common\functions.php 第 262 行.
NOTIC: [2048] Only variables should be passed by reference D:\phpStudy\PHPTutorial\WWW\newppj\mobile\vendor\Common\functions.php 第 267 行.
INFO: [ template_replace ] --START--
INFO: Run App\Behavior\ParseTemplateBehavior [ RunTime:0.000974s ]
INFO: [ template_replace ] --END-- [ RunTime:-0.003896s ]
INFO: [ template_filter ] --START--
INFO: Run Behavior\ContentReplaceBehavior [ RunTime:0.000000s ]
INFO: [ template_filter ] --END-- [ RunTime:0.000000s ]
NOTIC: [8] Undefined variable: description D:\phpStudy\PHPTutorial\WWW\newppj\mobile\storage\framework\87a5e1\Cache\Onlinepay\f297608ee00e144e7e501fdf9612b9f6.php 第 9 行.
NOTIC: [8] Undefined variable: keywords D:\phpStudy\PHPTutorial\WWW\newppj\mobile\storage\framework\87a5e1\Cache\Onlinepay\f297608ee00e144e7e501fdf9612b9f6.php 第 10 行.
INFO: Run Behavior\ParseTemplateBehavior [ RunTime:0.065265s ]
INFO: [ view_parse ] --END-- [ RunTime:0.065265s ]
INFO: [ view_filter ] --START--
INFO: Run Behavior\WriteHtmlCacheBehavior [ RunTime:0.000974s ]
INFO: Run Behavior\TokenBuildBehavior [ RunTime:0.001948s ]
INFO: [ view_filter ] --END-- [ RunTime:0.002922s ]
INFO: [ app_end ] --START--
INFO: Run Behavior\ShowPageTraceBehavior [ RunTime:0.000975s ]
INFO: [ app_end ] --END-- [ RunTime:0.000975s ]

[ 2018-09-09T16:49:39+08:00 ] 223.93.142.25 /mobile/index.php?m=onlinepay&order_sn=2018090916503569160
NOTIC: [8] date_default_timezone_set(): Timezone ID '' is invalid D:\phpStudy\PHPTutorial\WWW\newppj\mobile\vendor\Library\Think\Think.class.php 第 106 行.
INFO: [ app_init ] --START--
INFO: Run Behavior\BuildLiteBehavior [ RunTime:0.000000s ]
INFO: [ app_init ] --END-- [ RunTime:0.000000s ]
INFO: [ app_begin ] --START--
INFO: Run Behavior\ReadHtmlCacheBehavior [ RunTime:0.000000s ]
INFO: Run App\Behavior\SaaSServiceBehavior [ RunTime:0.000000s ]
INFO: [ app_begin ] --END-- [ RunTime:0.000000s ]
SQL: SELECT code, value FROM `paipai`.`dsc_shop_config` WHERE parent_id > 0 [ RunTime:0.0000s ]
NOTIC: [8] Undefined index: type_city D:\phpStudy\PHPTutorial\WWW\newppj\mobile\app\Modules\Base\Controllers\FrontendController.php 第 208 行.
SQL: select region_id, region_name from `paipai`.`dsc_region` where 1 AND parent_id = '' order by region_id asc limit 0, 1 [ RunTime:0.0000s ]
NOTIC: [8] Undefined index: type_province D:\phpStudy\PHPTutorial\WWW\newppj\mobile\app\Modules\Base\Controllers\FrontendController.php 第 215 行.
SQL: select region_id, region_name from `paipai`.`dsc_region` where 1 AND parent_id = '' order by region_id asc limit 0, 1 [ RunTime:0.0000s ]
NOTIC: [8] Undefined index: type_city D:\phpStudy\PHPTutorial\WWW\newppj\mobile\app\Modules\Base\Controllers\FrontendController.php 第 216 行.
SQL: select r1.parent_id, r2.region_name from `paipai`.`dsc_region` as r1, `paipai`.`dsc_region` as r2  where 1 AND r1.parent_id = r2.region_id AND r1.region_id = '' [ RunTime:0.0000s ]
NOTIC: [8] Undefined index: type_district D:\phpStudy\PHPTutorial\WWW\newppj\mobile\app\Modules\Base\Controllers\FrontendController.php 第 217 行.
SQL: select r1.parent_id, r2.region_name from `paipai`.`dsc_region` as r1, `paipai`.`dsc_region` as r2  where 1 AND r1.parent_id = r2.region_id AND r1.region_id = '' [ RunTime:0.0000s ]
NOTIC: [8] Undefined index: type_province D:\phpStudy\PHPTutorial\WWW\newppj\mobile\app\Modules\Base\Controllers\FrontendController.php 第 218 行.
SQL: select region_id,region_name from `paipai`.`dsc_region_warehouse` where regionId = '31' LIMIT 1 [ RunTime:0.0000s ]
SQL: select province, city, district from `paipai`.`dsc_seller_shopinfo` where ru_id = 0 [ RunTime:0.0000s ]
NOTIC: [2] ltrim(): Invalid '..'-range, no character to the left of '..' D:\phpStudy\PHPTutorial\WWW\newppj\mobile\app\Modules\Base\Controllers\FrontendController.php 第 323 行.
INFO: [ frontend_init ] --START--
SQL: SHOW COLUMNS FROM `dsc_drp_config` [ RunTime:0.0000s ]
SQL: SELECT `value` FROM `dsc_drp_config` WHERE `code` = 'custom_distribution' LIMIT 1   [ RunTime:0.0000s ]
SQL: SHOW COLUMNS FROM `dsc_drp_config` [ RunTime:0.0000s ]
SQL: SELECT `value` FROM `dsc_drp_config` WHERE `code` = 'custom_distributor' LIMIT 1   [ RunTime:0.0000s ]
INFO: Run App\Behavior\ReplaceLangBehavior [ RunTime:0.000000s ]
INFO: [ frontend_init ] --END-- [ RunTime:0.000000s ]
SQL: SHOW COLUMNS FROM `dsc_order_info` [ RunTime:0.0156s ]
SQL: SELECT `order_id` FROM `dsc_order_info` WHERE `order_sn` = '2018090916503569160' AND `user_id` = 3331 LIMIT 1   [ RunTime:0.0000s ]
SQL: SELECT pay_id, pay_code, pay_name, pay_fee,is_online,pay_desc, pay_config, is_cod FROM `paipai`.`dsc_payment` WHERE enabled = 1 AND is_cod = 0 ORDER BY pay_order ASC [ RunTime:0.0000s ]
SQL: SHOW COLUMNS FROM `dsc_payment` [ RunTime:0.0000s ]
SQL: SELECT `pay_config` FROM `dsc_payment` WHERE `pay_code` = 'wxpay' LIMIT 1   [ RunTime:0.0000s ]
SQL: SELECT * FROM dsc_order_info WHERE order_id='462' LIMIT 1 [ RunTime:0.0000s ]
SQL:  SELECT log_id FROM `paipai`.`dsc_pay_log` WHERE order_id = '462' LIMIT 1  [ RunTime:0.0000s ]
SQL: SELECT pay_id FROM dsc_payment WHERE pay_code='onlinepay' [ RunTime:0.0000s ]
SQL: SELECT enabled FROM dsc_payment WHERE pay_code=15 [ RunTime:0.0000s ]
SQL: SELECT * FROM `paipai`.`dsc_payment` WHERE pay_id = '9' AND enabled = 1 [ RunTime:0.0000s ]
SQL: UPDATE dsc_order_info set pay_id='9',pay_name='支付宝' WHERE order_id = '462' [ RunTime:0.0000s ]
SQL: SELECT order_id FROM `paipai`.`dsc_order_info` WHERE main_order_id = '462' [ RunTime:0.0000s ]
SQL: SELECT * FROM `paipai`.`dsc_payment` WHERE pay_code = 'alipay' AND enabled = '1' [ RunTime:0.0000s ]
NOTIC: [2048] Only variables should be passed by reference D:\phpStudy\PHPTutorial\WWW\newppj\mobile\vendor\Library\Think\View.class.php 第 175 行.
INFO: [ view_parse ] --START--
INFO: [ template_replace ] --START--
INFO: Run App\Behavior\ParseTemplateBehavior [ RunTime:0.000000s ]
INFO: [ template_replace ] --END-- [ RunTime:0.000000s ]
NOTIC: [2048] Only variables should be passed by reference D:\phpStudy\PHPTutorial\WWW\newppj\mobile\vendor\Common\functions.php 第 257 行.
NOTIC: [2048] Only variables should be passed by reference D:\phpStudy\PHPTutorial\WWW\newppj\mobile\vendor\Common\functions.php 第 262 行.
NOTIC: [2048] Only variables should be passed by reference D:\phpStudy\PHPTutorial\WWW\newppj\mobile\vendor\Common\functions.php 第 267 行.
INFO: [ template_replace ] --START--
INFO: Run App\Behavior\ParseTemplateBehavior [ RunTime:0.000000s ]
INFO: [ template_replace ] --END-- [ RunTime:0.000000s ]
NOTIC: [2048] Only variables should be passed by reference D:\phpStudy\PHPTutorial\WWW\newppj\mobile\vendor\Common\functions.php 第 257 行.
NOTIC: [2048] Only variables should be passed by reference D:\phpStudy\PHPTutorial\WWW\newppj\mobile\vendor\Common\functions.php 第 262 行.
NOTIC: [2048] Only variables should be passed by reference D:\phpStudy\PHPTutorial\WWW\newppj\mobile\vendor\Common\functions.php 第 267 行.
INFO: [ template_replace ] --START--
INFO: Run App\Behavior\ParseTemplateBehavior [ RunTime:0.000000s ]
INFO: [ template_replace ] --END-- [ RunTime:-0.015625s ]
INFO: [ template_filter ] --START--
INFO: Run Behavior\ContentReplaceBehavior [ RunTime:0.000000s ]
INFO: [ template_filter ] --END-- [ RunTime:0.000000s ]
NOTIC: [8] Undefined variable: description D:\phpStudy\PHPTutorial\WWW\newppj\mobile\storage\framework\87a5e1\Cache\Onlinepay\f297608ee00e144e7e501fdf9612b9f6.php 第 9 行.
NOTIC: [8] Undefined variable: keywords D:\phpStudy\PHPTutorial\WWW\newppj\mobile\storage\framework\87a5e1\Cache\Onlinepay\f297608ee00e144e7e501fdf9612b9f6.php 第 10 行.
INFO: Run Behavior\ParseTemplateBehavior [ RunTime:0.015625s ]
INFO: [ view_parse ] --END-- [ RunTime:0.015625s ]
INFO: [ view_filter ] --START--
INFO: Run Behavior\WriteHtmlCacheBehavior [ RunTime:0.000000s ]
INFO: Run Behavior\TokenBuildBehavior [ RunTime:0.000000s ]
INFO: [ view_filter ] --END-- [ RunTime:0.000000s ]
INFO: [ app_end ] --START--
INFO: Run Behavior\ShowPageTraceBehavior [ RunTime:0.000000s ]
INFO: [ app_end ] --END-- [ RunTime:0.000000s ]

[ 2018-09-09T17:30:38+08:00 ] 223.93.142.25 /mobile/index.php?m=onlinepay&order_sn=2018090917314096563
NOTIC: [8] date_default_timezone_set(): Timezone ID '' is invalid D:\phpStudy\PHPTutorial\WWW\newppj\mobile\vendor\Library\Think\Think.class.php 第 106 行.
INFO: [ app_init ] --START--
INFO: Run Behavior\BuildLiteBehavior [ RunTime:0.000000s ]
INFO: [ app_init ] --END-- [ RunTime:0.000000s ]
INFO: [ app_begin ] --START--
INFO: Run Behavior\ReadHtmlCacheBehavior [ RunTime:0.000000s ]
INFO: Run App\Behavior\SaaSServiceBehavior [ RunTime:0.000000s ]
INFO: [ app_begin ] --END-- [ RunTime:0.000000s ]
SQL: SELECT code, value FROM `paipai`.`dsc_shop_config` WHERE parent_id > 0 [ RunTime:0.0000s ]
NOTIC: [8] Undefined index: type_city D:\phpStudy\PHPTutorial\WWW\newppj\mobile\app\Modules\Base\Controllers\FrontendController.php 第 208 行.
SQL: select region_id, region_name from `paipai`.`dsc_region` where 1 AND parent_id = '' order by region_id asc limit 0, 1 [ RunTime:0.0000s ]
NOTIC: [8] Undefined index: type_province D:\phpStudy\PHPTutorial\WWW\newppj\mobile\app\Modules\Base\Controllers\FrontendController.php 第 215 行.
SQL: select region_id, region_name from `paipai`.`dsc_region` where 1 AND parent_id = '' order by region_id asc limit 0, 1 [ RunTime:0.0000s ]
NOTIC: [8] Undefined index: type_city D:\phpStudy\PHPTutorial\WWW\newppj\mobile\app\Modules\Base\Controllers\FrontendController.php 第 216 行.
SQL: select r1.parent_id, r2.region_name from `paipai`.`dsc_region` as r1, `paipai`.`dsc_region` as r2  where 1 AND r1.parent_id = r2.region_id AND r1.region_id = '' [ RunTime:0.0000s ]
NOTIC: [8] Undefined index: type_district D:\phpStudy\PHPTutorial\WWW\newppj\mobile\app\Modules\Base\Controllers\FrontendController.php 第 217 行.
SQL: select r1.parent_id, r2.region_name from `paipai`.`dsc_region` as r1, `paipai`.`dsc_region` as r2  where 1 AND r1.parent_id = r2.region_id AND r1.region_id = '' [ RunTime:0.0000s ]
NOTIC: [8] Undefined index: type_province D:\phpStudy\PHPTutorial\WWW\newppj\mobile\app\Modules\Base\Controllers\FrontendController.php 第 218 行.
SQL: select region_id,region_name from `paipai`.`dsc_region_warehouse` where regionId = '31' LIMIT 1 [ RunTime:0.0000s ]
SQL: select province, city, district from `paipai`.`dsc_seller_shopinfo` where ru_id = 0 [ RunTime:0.0000s ]
NOTIC: [2] ltrim(): Invalid '..'-range, no character to the left of '..' D:\phpStudy\PHPTutorial\WWW\newppj\mobile\app\Modules\Base\Controllers\FrontendController.php 第 323 行.
INFO: [ frontend_init ] --START--
SQL: SHOW COLUMNS FROM `dsc_drp_config` [ RunTime:0.0000s ]
SQL: SELECT `value` FROM `dsc_drp_config` WHERE `code` = 'custom_distribution' LIMIT 1   [ RunTime:0.0000s ]
SQL: SHOW COLUMNS FROM `dsc_drp_config` [ RunTime:0.0000s ]
SQL: SELECT `value` FROM `dsc_drp_config` WHERE `code` = 'custom_distributor' LIMIT 1   [ RunTime:0.0000s ]
INFO: Run App\Behavior\ReplaceLangBehavior [ RunTime:0.000000s ]
INFO: [ frontend_init ] --END-- [ RunTime:0.000000s ]
SQL: SHOW COLUMNS FROM `dsc_order_info` [ RunTime:0.0000s ]
SQL: SELECT `order_id` FROM `dsc_order_info` WHERE `order_sn` = '2018090917314096563' AND `user_id` = 3331 LIMIT 1   [ RunTime:0.0000s ]
SQL: SELECT pay_id, pay_code, pay_name, pay_fee,is_online,pay_desc, pay_config, is_cod FROM `paipai`.`dsc_payment` WHERE enabled = 1 AND is_cod = 0 ORDER BY pay_order ASC [ RunTime:0.0000s ]
SQL: SHOW COLUMNS FROM `dsc_payment` [ RunTime:0.0000s ]
SQL: SELECT `pay_config` FROM `dsc_payment` WHERE `pay_code` = 'wxpay' LIMIT 1   [ RunTime:0.0000s ]
SQL: SELECT * FROM dsc_order_info WHERE order_id='463' LIMIT 1 [ RunTime:0.0000s ]
SQL:  SELECT log_id FROM `paipai`.`dsc_pay_log` WHERE order_id = '463' LIMIT 1  [ RunTime:0.0000s ]
SQL: SELECT pay_id FROM dsc_payment WHERE pay_code='onlinepay' [ RunTime:0.0156s ]
SQL: SELECT enabled FROM dsc_payment WHERE pay_code=15 [ RunTime:0.0000s ]
SQL: SELECT * FROM `paipai`.`dsc_payment` WHERE pay_id = '9' AND enabled = 1 [ RunTime:0.0000s ]
SQL: UPDATE dsc_order_info set pay_id='9',pay_name='支付宝' WHERE order_id = '463' [ RunTime:0.0000s ]
SQL: SELECT order_id FROM `paipai`.`dsc_order_info` WHERE main_order_id = '463' [ RunTime:0.0000s ]
SQL: SELECT * FROM `paipai`.`dsc_payment` WHERE pay_code = 'alipay' AND enabled = '1' [ RunTime:0.0000s ]
NOTIC: [2048] Only variables should be passed by reference D:\phpStudy\PHPTutorial\WWW\newppj\mobile\vendor\Library\Think\View.class.php 第 175 行.
INFO: [ view_parse ] --START--
INFO: [ template_replace ] --START--
INFO: Run App\Behavior\ParseTemplateBehavior [ RunTime:0.000000s ]
INFO: [ template_replace ] --END-- [ RunTime:0.000000s ]
NOTIC: [2048] Only variables should be passed by reference D:\phpStudy\PHPTutorial\WWW\newppj\mobile\vendor\Common\functions.php 第 257 行.
NOTIC: [2048] Only variables should be passed by reference D:\phpStudy\PHPTutorial\WWW\newppj\mobile\vendor\Common\functions.php 第 262 行.
NOTIC: [2048] Only variables should be passed by reference D:\phpStudy\PHPTutorial\WWW\newppj\mobile\vendor\Common\functions.php 第 267 行.
INFO: [ template_replace ] --START--
INFO: Run App\Behavior\ParseTemplateBehavior [ RunTime:0.000000s ]
INFO: [ template_replace ] --END-- [ RunTime:0.000000s ]
NOTIC: [2048] Only variables should be passed by reference D:\phpStudy\PHPTutorial\WWW\newppj\mobile\vendor\Common\functions.php 第 257 行.
NOTIC: [2048] Only variables should be passed by reference D:\phpStudy\PHPTutorial\WWW\newppj\mobile\vendor\Common\functions.php 第 262 行.
NOTIC: [2048] Only variables should be passed by reference D:\phpStudy\PHPTutorial\WWW\newppj\mobile\vendor\Common\functions.php 第 267 行.
INFO: [ template_replace ] --START--
INFO: Run App\Behavior\ParseTemplateBehavior [ RunTime:0.000000s ]
INFO: [ template_replace ] --END-- [ RunTime:0.000000s ]
INFO: [ template_filter ] --START--
INFO: Run Behavior\ContentReplaceBehavior [ RunTime:0.000000s ]
INFO: [ template_filter ] --END-- [ RunTime:0.000000s ]
NOTIC: [8] Undefined variable: description D:\phpStudy\PHPTutorial\WWW\newppj\mobile\storage\framework\87a5e1\Cache\Onlinepay\f297608ee00e144e7e501fdf9612b9f6.php 第 9 行.
NOTIC: [8] Undefined variable: keywords D:\phpStudy\PHPTutorial\WWW\newppj\mobile\storage\framework\87a5e1\Cache\Onlinepay\f297608ee00e144e7e501fdf9612b9f6.php 第 10 行.
INFO: Run Behavior\ParseTemplateBehavior [ RunTime:0.015598s ]
INFO: [ view_parse ] --END-- [ RunTime:0.015598s ]
INFO: [ view_filter ] --START--
INFO: Run Behavior\WriteHtmlCacheBehavior [ RunTime:0.000000s ]
INFO: Run Behavior\TokenBuildBehavior [ RunTime:0.000000s ]
INFO: [ view_filter ] --END-- [ RunTime:0.000000s ]
INFO: [ app_end ] --START--
INFO: Run Behavior\ShowPageTraceBehavior [ RunTime:0.000000s ]
INFO: [ app_end ] --END-- [ RunTime:0.000000s ]

[ 2018-09-09T17:30:58+08:00 ] 223.93.142.25 /mobile/index.php?m=onlinepay&order_sn=2018090917388412124
NOTIC: [8] date_default_timezone_set(): Timezone ID '' is invalid D:\phpStudy\PHPTutorial\WWW\newppj\mobile\vendor\Library\Think\Think.class.php 第 106 行.
INFO: [ app_init ] --START--
INFO: Run Behavior\BuildLiteBehavior [ RunTime:0.000000s ]
INFO: [ app_init ] --END-- [ RunTime:0.000000s ]
INFO: [ app_begin ] --START--
INFO: Run Behavior\ReadHtmlCacheBehavior [ RunTime:0.000000s ]
INFO: Run App\Behavior\SaaSServiceBehavior [ RunTime:0.000000s ]
INFO: [ app_begin ] --END-- [ RunTime:0.000000s ]
SQL: SELECT code, value FROM `paipai`.`dsc_shop_config` WHERE parent_id > 0 [ RunTime:0.0000s ]
NOTIC: [8] Undefined index: type_city D:\phpStudy\PHPTutorial\WWW\newppj\mobile\app\Modules\Base\Controllers\FrontendController.php 第 208 行.
SQL: select region_id, region_name from `paipai`.`dsc_region` where 1 AND parent_id = '' order by region_id asc limit 0, 1 [ RunTime:0.0000s ]
NOTIC: [8] Undefined index: type_province D:\phpStudy\PHPTutorial\WWW\newppj\mobile\app\Modules\Base\Controllers\FrontendController.php 第 215 行.
SQL: select region_id, region_name from `paipai`.`dsc_region` where 1 AND parent_id = '' order by region_id asc limit 0, 1 [ RunTime:0.0000s ]
NOTIC: [8] Undefined index: type_city D:\phpStudy\PHPTutorial\WWW\newppj\mobile\app\Modules\Base\Controllers\FrontendController.php 第 216 行.
SQL: select r1.parent_id, r2.region_name from `paipai`.`dsc_region` as r1, `paipai`.`dsc_region` as r2  where 1 AND r1.parent_id = r2.region_id AND r1.region_id = '' [ RunTime:0.0000s ]
NOTIC: [8] Undefined index: type_district D:\phpStudy\PHPTutorial\WWW\newppj\mobile\app\Modules\Base\Controllers\FrontendController.php 第 217 行.
SQL: select r1.parent_id, r2.region_name from `paipai`.`dsc_region` as r1, `paipai`.`dsc_region` as r2  where 1 AND r1.parent_id = r2.region_id AND r1.region_id = '' [ RunTime:0.0000s ]
NOTIC: [8] Undefined index: type_province D:\phpStudy\PHPTutorial\WWW\newppj\mobile\app\Modules\Base\Controllers\FrontendController.php 第 218 行.
SQL: select region_id,region_name from `paipai`.`dsc_region_warehouse` where regionId = '31' LIMIT 1 [ RunTime:0.0000s ]
SQL: select province, city, district from `paipai`.`dsc_seller_shopinfo` where ru_id = 0 [ RunTime:0.0000s ]
NOTIC: [2] ltrim(): Invalid '..'-range, no character to the left of '..' D:\phpStudy\PHPTutorial\WWW\newppj\mobile\app\Modules\Base\Controllers\FrontendController.php 第 323 行.
INFO: [ frontend_init ] --START--
SQL: SHOW COLUMNS FROM `dsc_drp_config` [ RunTime:0.0000s ]
SQL: SELECT `value` FROM `dsc_drp_config` WHERE `code` = 'custom_distribution' LIMIT 1   [ RunTime:0.0000s ]
SQL: SHOW COLUMNS FROM `dsc_drp_config` [ RunTime:0.0000s ]
SQL: SELECT `value` FROM `dsc_drp_config` WHERE `code` = 'custom_distributor' LIMIT 1   [ RunTime:0.0000s ]
INFO: Run App\Behavior\ReplaceLangBehavior [ RunTime:0.015599s ]
INFO: [ frontend_init ] --END-- [ RunTime:0.015599s ]
SQL: SHOW COLUMNS FROM `dsc_order_info` [ RunTime:0.0000s ]
SQL: SELECT `order_id` FROM `dsc_order_info` WHERE `order_sn` = '2018090917388412124' AND `user_id` = 3331 LIMIT 1   [ RunTime:0.0000s ]
SQL: SELECT pay_id, pay_code, pay_name, pay_fee,is_online,pay_desc, pay_config, is_cod FROM `paipai`.`dsc_payment` WHERE enabled = 1 AND is_cod = 0 ORDER BY pay_order ASC [ RunTime:0.0000s ]
SQL: SHOW COLUMNS FROM `dsc_payment` [ RunTime:0.0000s ]
SQL: SELECT `pay_config` FROM `dsc_payment` WHERE `pay_code` = 'wxpay' LIMIT 1   [ RunTime:0.0000s ]
SQL: SELECT * FROM dsc_order_info WHERE order_id='464' LIMIT 1 [ RunTime:0.0000s ]
SQL:  SELECT log_id FROM `paipai`.`dsc_pay_log` WHERE order_id = '464' LIMIT 1  [ RunTime:0.0000s ]
SQL: SELECT pay_id FROM dsc_payment WHERE pay_code='onlinepay' [ RunTime:0.0000s ]
SQL: SELECT enabled FROM dsc_payment WHERE pay_code=15 [ RunTime:0.0000s ]
SQL: SELECT * FROM `paipai`.`dsc_payment` WHERE pay_id = '9' AND enabled = 1 [ RunTime:0.0000s ]
SQL: UPDATE dsc_order_info set pay_id='9',pay_name='支付宝' WHERE order_id = '464' [ RunTime:0.0000s ]
SQL: SELECT order_id FROM `paipai`.`dsc_order_info` WHERE main_order_id = '464' [ RunTime:0.0000s ]
SQL: SELECT * FROM `paipai`.`dsc_payment` WHERE pay_code = 'alipay' AND enabled = '1' [ RunTime:0.0000s ]
NOTIC: [2048] Only variables should be passed by reference D:\phpStudy\PHPTutorial\WWW\newppj\mobile\vendor\Library\Think\View.class.php 第 175 行.
INFO: [ view_parse ] --START--
INFO: [ template_replace ] --START--
INFO: Run App\Behavior\ParseTemplateBehavior [ RunTime:0.000000s ]
INFO: [ template_replace ] --END-- [ RunTime:0.000000s ]
NOTIC: [2048] Only variables should be passed by reference D:\phpStudy\PHPTutorial\WWW\newppj\mobile\vendor\Common\functions.php 第 257 行.
NOTIC: [2048] Only variables should be passed by reference D:\phpStudy\PHPTutorial\WWW\newppj\mobile\vendor\Common\functions.php 第 262 行.
NOTIC: [2048] Only variables should be passed by reference D:\phpStudy\PHPTutorial\WWW\newppj\mobile\vendor\Common\functions.php 第 267 行.
INFO: [ template_replace ] --START--
INFO: Run App\Behavior\ParseTemplateBehavior [ RunTime:0.000000s ]
INFO: [ template_replace ] --END-- [ RunTime:0.000000s ]
NOTIC: [2048] Only variables should be passed by reference D:\phpStudy\PHPTutorial\WWW\newppj\mobile\vendor\Common\functions.php 第 257 行.
NOTIC: [2048] Only variables should be passed by reference D:\phpStudy\PHPTutorial\WWW\newppj\mobile\vendor\Common\functions.php 第 262 行.
NOTIC: [2048] Only variables should be passed by reference D:\phpStudy\PHPTutorial\WWW\newppj\mobile\vendor\Common\functions.php 第 267 行.
INFO: [ template_replace ] --START--
INFO: Run App\Behavior\ParseTemplateBehavior [ RunTime:0.000000s ]
INFO: [ template_replace ] --END-- [ RunTime:0.000000s ]
INFO: [ template_filter ] --START--
INFO: Run Behavior\ContentReplaceBehavior [ RunTime:0.000000s ]
INFO: [ template_filter ] --END-- [ RunTime:0.000000s ]
NOTIC: [8] Undefined variable: description D:\phpStudy\PHPTutorial\WWW\newppj\mobile\storage\framework\87a5e1\Cache\Onlinepay\f297608ee00e144e7e501fdf9612b9f6.php 第 9 行.
NOTIC: [8] Undefined variable: keywords D:\phpStudy\PHPTutorial\WWW\newppj\mobile\storage\framework\87a5e1\Cache\Onlinepay\f297608ee00e144e7e501fdf9612b9f6.php 第 10 行.
INFO: Run Behavior\ParseTemplateBehavior [ RunTime:0.000000s ]
INFO: [ view_parse ] --END-- [ RunTime:0.000000s ]
INFO: [ view_filter ] --START--
INFO: Run Behavior\WriteHtmlCacheBehavior [ RunTime:0.015599s ]
INFO: Run Behavior\TokenBuildBehavior [ RunTime:0.000000s ]
INFO: [ view_filter ] --END-- [ RunTime:0.015599s ]
INFO: [ app_end ] --START--
INFO: Run Behavior\ShowPageTraceBehavior [ RunTime:0.000000s ]
INFO: [ app_end ] --END-- [ RunTime:0.000000s ]

[ 2018-09-09T17:41:15+08:00 ] 223.93.142.25 /mobile/index.php?m=onlinepay&order_sn=2018090917510007894
NOTIC: [8] date_default_timezone_set(): Timezone ID '' is invalid D:\phpStudy\PHPTutorial\WWW\newppj\mobile\vendor\Library\Think\Think.class.php 第 106 行.
INFO: [ app_init ] --START--
INFO: Run Behavior\BuildLiteBehavior [ RunTime:0.000000s ]
INFO: [ app_init ] --END-- [ RunTime:0.000000s ]
INFO: [ app_begin ] --START--
INFO: Run Behavior\ReadHtmlCacheBehavior [ RunTime:0.000000s ]
INFO: Run App\Behavior\SaaSServiceBehavior [ RunTime:0.000000s ]
INFO: [ app_begin ] --END-- [ RunTime:0.000000s ]
SQL: SELECT code, value FROM `paipai`.`dsc_shop_config` WHERE parent_id > 0 [ RunTime:0.0000s ]
NOTIC: [8] Undefined index: type_city D:\phpStudy\PHPTutorial\WWW\newppj\mobile\app\Modules\Base\Controllers\FrontendController.php 第 208 行.
SQL: select region_id, region_name from `paipai`.`dsc_region` where 1 AND parent_id = '' order by region_id asc limit 0, 1 [ RunTime:0.0000s ]
NOTIC: [8] Undefined index: type_province D:\phpStudy\PHPTutorial\WWW\newppj\mobile\app\Modules\Base\Controllers\FrontendController.php 第 215 行.
SQL: select region_id, region_name from `paipai`.`dsc_region` where 1 AND parent_id = '' order by region_id asc limit 0, 1 [ RunTime:0.0000s ]
NOTIC: [8] Undefined index: type_city D:\phpStudy\PHPTutorial\WWW\newppj\mobile\app\Modules\Base\Controllers\FrontendController.php 第 216 行.
SQL: select r1.parent_id, r2.region_name from `paipai`.`dsc_region` as r1, `paipai`.`dsc_region` as r2  where 1 AND r1.parent_id = r2.region_id AND r1.region_id = '' [ RunTime:0.0000s ]
NOTIC: [8] Undefined index: type_district D:\phpStudy\PHPTutorial\WWW\newppj\mobile\app\Modules\Base\Controllers\FrontendController.php 第 217 行.
SQL: select r1.parent_id, r2.region_name from `paipai`.`dsc_region` as r1, `paipai`.`dsc_region` as r2  where 1 AND r1.parent_id = r2.region_id AND r1.region_id = '' [ RunTime:0.0000s ]
NOTIC: [8] Undefined index: type_province D:\phpStudy\PHPTutorial\WWW\newppj\mobile\app\Modules\Base\Controllers\FrontendController.php 第 218 行.
SQL: select region_id,region_name from `paipai`.`dsc_region_warehouse` where regionId = '31' LIMIT 1 [ RunTime:0.0000s ]
SQL: select province, city, district from `paipai`.`dsc_seller_shopinfo` where ru_id = 0 [ RunTime:0.0000s ]
NOTIC: [2] ltrim(): Invalid '..'-range, no character to the left of '..' D:\phpStudy\PHPTutorial\WWW\newppj\mobile\app\Modules\Base\Controllers\FrontendController.php 第 323 行.
INFO: [ frontend_init ] --START--
SQL: SHOW COLUMNS FROM `dsc_drp_config` [ RunTime:0.0000s ]
SQL: SELECT `value` FROM `dsc_drp_config` WHERE `code` = 'custom_distribution' LIMIT 1   [ RunTime:0.0000s ]
SQL: SHOW COLUMNS FROM `dsc_drp_config` [ RunTime:0.0000s ]
SQL: SELECT `value` FROM `dsc_drp_config` WHERE `code` = 'custom_distributor' LIMIT 1   [ RunTime:0.0000s ]
INFO: Run App\Behavior\ReplaceLangBehavior [ RunTime:0.000000s ]
INFO: [ frontend_init ] --END-- [ RunTime:0.000000s ]
SQL: SHOW COLUMNS FROM `dsc_order_info` [ RunTime:0.0156s ]
SQL: SELECT `order_id` FROM `dsc_order_info` WHERE `order_sn` = '2018090917510007894' AND `user_id` = 3331 LIMIT 1   [ RunTime:0.0000s ]
SQL: SELECT pay_id, pay_code, pay_name, pay_fee,is_online,pay_desc, pay_config, is_cod FROM `paipai`.`dsc_payment` WHERE enabled = 1 AND is_cod = 0 ORDER BY pay_order ASC [ RunTime:0.0000s ]
SQL: SHOW COLUMNS FROM `dsc_payment` [ RunTime:0.0000s ]
SQL: SELECT `pay_config` FROM `dsc_payment` WHERE `pay_code` = 'wxpay' LIMIT 1   [ RunTime:0.0000s ]
SQL: SELECT * FROM dsc_order_info WHERE order_id='465' LIMIT 1 [ RunTime:0.0000s ]
SQL:  SELECT log_id FROM `paipai`.`dsc_pay_log` WHERE order_id = '465' LIMIT 1  [ RunTime:0.0000s ]
SQL: SELECT pay_id FROM dsc_payment WHERE pay_code='onlinepay' [ RunTime:0.0000s ]
SQL: SELECT enabled FROM dsc_payment WHERE pay_code=15 [ RunTime:0.0000s ]
SQL: SELECT * FROM `paipai`.`dsc_payment` WHERE pay_id = '9' AND enabled = 1 [ RunTime:0.0000s ]
SQL: UPDATE dsc_order_info set pay_id='9',pay_name='支付宝' WHERE order_id = '465' [ RunTime:0.0000s ]
SQL: SELECT order_id FROM `paipai`.`dsc_order_info` WHERE main_order_id = '465' [ RunTime:0.0000s ]
SQL: SELECT * FROM `paipai`.`dsc_payment` WHERE pay_code = 'alipay' AND enabled = '1' [ RunTime:0.0000s ]
NOTIC: [2048] Only variables should be passed by reference D:\phpStudy\PHPTutorial\WWW\newppj\mobile\vendor\Library\Think\View.class.php 第 175 行.
INFO: [ view_parse ] --START--
INFO: [ template_replace ] --START--
INFO: Run App\Behavior\ParseTemplateBehavior [ RunTime:0.000000s ]
INFO: [ template_replace ] --END-- [ RunTime:0.000000s ]
NOTIC: [2048] Only variables should be passed by reference D:\phpStudy\PHPTutorial\WWW\newppj\mobile\vendor\Common\functions.php 第 257 行.
NOTIC: [2048] Only variables should be passed by reference D:\phpStudy\PHPTutorial\WWW\newppj\mobile\vendor\Common\functions.php 第 262 行.
NOTIC: [2048] Only variables should be passed by reference D:\phpStudy\PHPTutorial\WWW\newppj\mobile\vendor\Common\functions.php 第 267 行.
INFO: [ template_replace ] --START--
INFO: Run App\Behavior\ParseTemplateBehavior [ RunTime:0.000000s ]
INFO: [ template_replace ] --END-- [ RunTime:0.000000s ]
NOTIC: [2048] Only variables should be passed by reference D:\phpStudy\PHPTutorial\WWW\newppj\mobile\vendor\Common\functions.php 第 257 行.
NOTIC: [2048] Only variables should be passed by reference D:\phpStudy\PHPTutorial\WWW\newppj\mobile\vendor\Common\functions.php 第 262 行.
NOTIC: [2048] Only variables should be passed by reference D:\phpStudy\PHPTutorial\WWW\newppj\mobile\vendor\Common\functions.php 第 267 行.
INFO: [ template_replace ] --START--
INFO: Run App\Behavior\ParseTemplateBehavior [ RunTime:0.000000s ]
INFO: [ template_replace ] --END-- [ RunTime:0.000000s ]
INFO: [ template_filter ] --START--
INFO: Run Behavior\ContentReplaceBehavior [ RunTime:0.000000s ]
INFO: [ template_filter ] --END-- [ RunTime:0.000000s ]
NOTIC: [8] Undefined variable: description D:\phpStudy\PHPTutorial\WWW\newppj\mobile\storage\framework\87a5e1\Cache\Onlinepay\f297608ee00e144e7e501fdf9612b9f6.php 第 9 行.
NOTIC: [8] Undefined variable: keywords D:\phpStudy\PHPTutorial\WWW\newppj\mobile\storage\framework\87a5e1\Cache\Onlinepay\f297608ee00e144e7e501fdf9612b9f6.php 第 10 行.
INFO: Run Behavior\ParseTemplateBehavior [ RunTime:0.031198s ]
INFO: [ view_parse ] --END-- [ RunTime:0.031198s ]
INFO: [ view_filter ] --START--
INFO: Run Behavior\WriteHtmlCacheBehavior [ RunTime:0.000000s ]
INFO: Run Behavior\TokenBuildBehavior [ RunTime:0.000000s ]
INFO: [ view_filter ] --END-- [ RunTime:0.000000s ]
INFO: [ app_end ] --START--
INFO: Run Behavior\ShowPageTraceBehavior [ RunTime:0.000000s ]
INFO: [ app_end ] --END-- [ RunTime:0.000000s ]

