[ 2018-09-09T17:25:04+08:00 ] 203.208.60.53 /mobile/index.php?m=exchange
NOTIC: [8] date_default_timezone_set(): Timezone ID '' is invalid D:\phpStudy\PHPTutorial\WWW\newppj\mobile\vendor\Library\Think\Think.class.php 第 106 行.
INFO: [ app_init ] --START--
INFO: Run Behavior\BuildLiteBehavior [ RunTime:0.000000s ]
INFO: [ app_init ] --END-- [ RunTime:0.000000s ]
INFO: [ app_begin ] --START--
INFO: Run Behavior\ReadHtmlCacheBehavior [ RunTime:0.000000s ]
INFO: Run App\Behavior\SaaSServiceBehavior [ RunTime:0.000000s ]
INFO: [ app_begin ] --END-- [ RunTime:0.000000s ]
SQL: SELECT code, value FROM `paipai`.`dsc_shop_config` WHERE parent_id > 0 [ RunTime:0.0000s ]
SQL: SHOW COLUMNS FROM `dsc_stats` [ RunTime:0.0156s ]
SQL: INSERT INTO `dsc_stats` (`ip_address`,`visit_times`,`browser`,`system`,`language`,`area`,`referer_domain`,`referer_path`,`access_url`,`access_time`) VALUES ('203.208.60.53','1','Safari 537.36','Linux','','北京市','','','/mobile/index.php','1536456304') [ RunTime:0.0000s ]
NOTIC: [8] Undefined index: type_city D:\phpStudy\PHPTutorial\WWW\newppj\mobile\app\Modules\Base\Controllers\FrontendController.php 第 208 行.
SQL: select region_id, region_name from `paipai`.`dsc_region` where 1 AND parent_id = '' order by region_id asc limit 0, 1 [ RunTime:0.0000s ]
NOTIC: [8] Undefined index: type_province D:\phpStudy\PHPTutorial\WWW\newppj\mobile\app\Modules\Base\Controllers\FrontendController.php 第 215 行.
SQL: select region_id, region_name from `paipai`.`dsc_region` where 1 AND parent_id = '' order by region_id asc limit 0, 1 [ RunTime:0.0000s ]
NOTIC: [8] Undefined index: type_city D:\phpStudy\PHPTutorial\WWW\newppj\mobile\app\Modules\Base\Controllers\FrontendController.php 第 216 行.
SQL: select r1.parent_id, r2.region_name from `paipai`.`dsc_region` as r1, `paipai`.`dsc_region` as r2  where 1 AND r1.parent_id = r2.region_id AND r1.region_id = '' [ RunTime:0.0000s ]
NOTIC: [8] Undefined index: type_district D:\phpStudy\PHPTutorial\WWW\newppj\mobile\app\Modules\Base\Controllers\FrontendController.php 第 217 行.
SQL: select r1.parent_id, r2.region_name from `paipai`.`dsc_region` as r1, `paipai`.`dsc_region` as r2  where 1 AND r1.parent_id = r2.region_id AND r1.region_id = '' [ RunTime:0.0000s ]
NOTIC: [8] Undefined index: type_province D:\phpStudy\PHPTutorial\WWW\newppj\mobile\app\Modules\Base\Controllers\FrontendController.php 第 218 行.
SQL: select region_id,region_name from `paipai`.`dsc_region_warehouse` where regionId = '0' LIMIT 1 [ RunTime:0.0000s ]
SQL: select province, city, district from `paipai`.`dsc_seller_shopinfo` where ru_id = 0 [ RunTime:0.0000s ]
NOTIC: [2] ltrim(): Invalid '..'-range, no character to the left of '..' D:\phpStudy\PHPTutorial\WWW\newppj\mobile\app\Modules\Base\Controllers\FrontendController.php 第 323 行.
INFO: [ frontend_init ] --START--
SQL: SHOW COLUMNS FROM `dsc_drp_config` [ RunTime:0.0000s ]
SQL: SELECT `value` FROM `dsc_drp_config` WHERE `code` = 'custom_distribution' LIMIT 1   [ RunTime:0.0000s ]
SQL: SHOW COLUMNS FROM `dsc_drp_config` [ RunTime:0.0000s ]
SQL: SELECT `value` FROM `dsc_drp_config` WHERE `code` = 'custom_distributor' LIMIT 1   [ RunTime:0.0000s ]
INFO: Run App\Behavior\ReplaceLangBehavior [ RunTime:0.000000s ]
INFO: [ frontend_init ] --END-- [ RunTime:0.000000s ]
SQL: select country, province, city, district from `paipai`.`dsc_order_info` where user_id = '0' order by order_id DESC [ RunTime:0.0000s ]
SQL: select ut.province, ut.city, ut.district from `paipai`.`dsc_users` as u  left join `paipai`.`dsc_users_type` as ut on u.user_id = ut.user_id where u.user_id = '0' [ RunTime:0.0156s ]
NOTIC: [8] Undefined index: province D:\phpStudy\PHPTutorial\WWW\newppj\mobile\app\Modules\Exchange\Controllers\IndexController.php 第 433 行.
NOTIC: [8] Undefined index: province D:\phpStudy\PHPTutorial\WWW\newppj\mobile\app\Modules\Exchange\Controllers\IndexController.php 第 439 行.
NOTIC: [8] Undefined variable: province_info D:\phpStudy\PHPTutorial\WWW\newppj\mobile\app\Modules\Exchange\Controllers\IndexController.php 第 445 行.
SQL: select region_name from `paipai`.`dsc_region_warehouse` where regionId = '' [ RunTime:0.0000s ]
NOTIC: [8] Undefined variable: province_info D:\phpStudy\PHPTutorial\WWW\newppj\mobile\app\Modules\Exchange\Controllers\IndexController.php 第 447 行.
SQL: select region_id from `paipai`.`dsc_region_warehouse` where region_name = '北京仓库' and region_type = '0' [ RunTime:0.0000s ]
NOTIC: [8] Undefined index: city D:\phpStudy\PHPTutorial\WWW\newppj\mobile\app\Modules\Exchange\Controllers\IndexController.php 第 452 行.
NOTIC: [8] Undefined variable: city_info D:\phpStudy\PHPTutorial\WWW\newppj\mobile\app\Modules\Exchange\Controllers\IndexController.php 第 457 行.
NOTIC: [8] Undefined index: district D:\phpStudy\PHPTutorial\WWW\newppj\mobile\app\Modules\Exchange\Controllers\IndexController.php 第 460 行.
NOTIC: [8] Undefined variable: district_info D:\phpStudy\PHPTutorial\WWW\newppj\mobile\app\Modules\Exchange\Controllers\IndexController.php 第 465 行.
SQL: select region_id from `paipai`.`dsc_region` where parent_id = '0' [ RunTime:0.0000s ]
SQL: select region_id from `paipai`.`dsc_region` where parent_id = '0' [ RunTime:0.0000s ]
SQL: select rw2.region_id, rw2.region_name from`paipai`.`dsc_region_warehouse` as rw1 left join `paipai`.`dsc_region_warehouse` as rw2 on rw1.parent_id = rw2.region_id where rw1.regionId = '0' [ RunTime:0.0000s ]
NOTIC: [8] Undefined index: region_id D:\phpStudy\PHPTutorial\WWW\newppj\mobile\app\Modules\Exchange\Controllers\IndexController.php 第 493 行.
SQL: select province, city, district from `paipai`.`dsc_seller_shopinfo` where ru_id = 0 [ RunTime:0.0000s ]
SQL: select rw2.region_id, rw2.region_name from`paipai`.`dsc_region_warehouse` as rw1 left join `paipai`.`dsc_region_warehouse` as rw2 on rw1.parent_id = rw2.region_id where rw1.regionId = '31' [ RunTime:0.0000s ]
SQL: select region_id, region_name from `paipai`.`dsc_region_warehouse` where regionId = '31' LIMIT 1 [ RunTime:0.0000s ]
SQL: select parent_id from `paipai`.`dsc_region_warehouse` where regionId = '31' LIMIT 1 [ RunTime:0.0000s ]
SQL: select region_id from `paipai`.`dsc_region_warehouse` where regionId = '383' LIMIT 1 [ RunTime:0.0000s ]
SQL: select region_id, region_name from `paipai`.`dsc_region_warehouse` where regionId = '31' LIMIT 1 [ RunTime:0.0000s ]
SQL: SELECT cat_id  FROM `paipai`.`dsc_category` WHERE parent_id = '0'  AND is_show = 1 ORDER BY sort_order ASC, cat_id ASC [ RunTime:0.0000s ]
SQL: SELECT cat_id FROM `paipai`.`dsc_category` WHERE parent_id = '1546'  AND is_show = 1 LIMIT 1 [ RunTime:0.0000s ]
SQL: SELECT cat_id, cat_name, parent_id, is_show FROM `paipai`.`dsc_category`WHERE parent_id = '1546' AND is_show = 1  ORDER BY sort_order ASC, cat_id ASC [ RunTime:0.0000s ]
SQL: SELECT cat_id FROM `paipai`.`dsc_category` WHERE parent_id = '1558'  AND is_show = 1 LIMIT 1 [ RunTime:0.0000s ]
SQL: SELECT cat_id FROM `paipai`.`dsc_category` WHERE parent_id = '1547'  AND is_show = 1 LIMIT 1 [ RunTime:0.0000s ]
SQL: SELECT cat_id, cat_name, parent_id, is_show FROM `paipai`.`dsc_category`WHERE parent_id = '1547' AND is_show = 1  ORDER BY sort_order ASC, cat_id ASC [ RunTime:0.0000s ]
SQL: SELECT cat_id FROM `paipai`.`dsc_category` WHERE parent_id = '1556'  AND is_show = 1 LIMIT 1 [ RunTime:0.0000s ]
SQL: SELECT cat_id FROM `paipai`.`dsc_category` WHERE parent_id = '1548'  AND is_show = 1 LIMIT 1 [ RunTime:0.0000s ]
SQL: SELECT cat_id, cat_name, parent_id, is_show FROM `paipai`.`dsc_category`WHERE parent_id = '1548' AND is_show = 1  ORDER BY sort_order ASC, cat_id ASC [ RunTime:0.0000s ]
SQL: SELECT cat_id FROM `paipai`.`dsc_category` WHERE parent_id = '1557'  AND is_show = 1 LIMIT 1 [ RunTime:0.0000s ]
SQL: SELECT cat_id FROM `paipai`.`dsc_category` WHERE parent_id = '1549'  AND is_show = 1 LIMIT 1 [ RunTime:0.0000s ]
SQL: SELECT cat_id, cat_name, parent_id, is_show FROM `paipai`.`dsc_category`WHERE parent_id = '1549' AND is_show = 1  ORDER BY sort_order ASC, cat_id ASC [ RunTime:0.0000s ]
SQL: SELECT cat_id FROM `paipai`.`dsc_category` WHERE parent_id = '1552'  AND is_show = 1 LIMIT 1 [ RunTime:0.0000s ]
SQL: SELECT cat_id FROM `paipai`.`dsc_category` WHERE parent_id = '1550'  AND is_show = 1 LIMIT 1 [ RunTime:0.0000s ]
SQL: SELECT cat_id FROM `paipai`.`dsc_category` WHERE parent_id = '1551'  AND is_show = 1 LIMIT 1 [ RunTime:0.0000s ]
SQL: SELECT cat_id, cat_name, parent_id, is_show FROM `paipai`.`dsc_category`WHERE parent_id = '1551' AND is_show = 1  ORDER BY sort_order ASC, cat_id ASC [ RunTime:0.0000s ]
SQL: SELECT cat_id FROM `paipai`.`dsc_category` WHERE parent_id = '1553'  AND is_show = 1 LIMIT 1 [ RunTime:0.0156s ]
SQL: SELECT cat_id FROM `paipai`.`dsc_category` WHERE parent_id = '1554'  AND is_show = 1 LIMIT 1 [ RunTime:0.0000s ]
SQL: SELECT cat_id FROM `paipai`.`dsc_category` WHERE parent_id = '1555'  AND is_show = 1 LIMIT 1 [ RunTime:0.0000s ]
SQL: SHOW COLUMNS FROM `dsc_seo` [ RunTime:0.0000s ]
SQL: SELECT `title`,`keywords`,`description` FROM `dsc_seo` WHERE `type` = 'change' LIMIT 1   [ RunTime:0.0000s ]
NOTIC: [2] ltrim(): Invalid '..'-range, no character to the left of '..' D:\phpStudy\PHPTutorial\WWW\newppj\mobile\app\Modules\Base\Controllers\FrontendController.php 第 323 行.
NOTIC: [2048] Only variables should be passed by reference D:\phpStudy\PHPTutorial\WWW\newppj\mobile\vendor\Library\Think\View.class.php 第 175 行.
INFO: [ view_parse ] --START--
INFO: [ template_replace ] --START--
INFO: Run App\Behavior\ParseTemplateBehavior [ RunTime:0.015598s ]
INFO: [ template_replace ] --END-- [ RunTime:0.015598s ]
NOTIC: [2048] Only variables should be passed by reference D:\phpStudy\PHPTutorial\WWW\newppj\mobile\vendor\Common\functions.php 第 257 行.
NOTIC: [2048] Only variables should be passed by reference D:\phpStudy\PHPTutorial\WWW\newppj\mobile\vendor\Common\functions.php 第 262 行.
NOTIC: [2048] Only variables should be passed by reference D:\phpStudy\PHPTutorial\WWW\newppj\mobile\vendor\Common\functions.php 第 267 行.
INFO: [ template_replace ] --START--
INFO: Run App\Behavior\ParseTemplateBehavior [ RunTime:0.000000s ]
INFO: [ template_replace ] --END-- [ RunTime:0.000000s ]
NOTIC: [2048] Only variables should be passed by reference D:\phpStudy\PHPTutorial\WWW\newppj\mobile\vendor\Common\functions.php 第 257 行.
NOTIC: [2048] Only variables should be passed by reference D:\phpStudy\PHPTutorial\WWW\newppj\mobile\vendor\Common\functions.php 第 262 行.
NOTIC: [2048] Only variables should be passed by reference D:\phpStudy\PHPTutorial\WWW\newppj\mobile\vendor\Common\functions.php 第 267 行.
INFO: [ template_replace ] --START--
INFO: Run App\Behavior\ParseTemplateBehavior [ RunTime:0.000000s ]
INFO: [ template_replace ] --END-- [ RunTime:0.000000s ]
NOTIC: [2048] Only variables should be passed by reference D:\phpStudy\PHPTutorial\WWW\newppj\mobile\vendor\Common\functions.php 第 257 行.
NOTIC: [2048] Only variables should be passed by reference D:\phpStudy\PHPTutorial\WWW\newppj\mobile\vendor\Common\functions.php 第 262 行.
NOTIC: [2048] Only variables should be passed by reference D:\phpStudy\PHPTutorial\WWW\newppj\mobile\vendor\Common\functions.php 第 267 行.
INFO: [ template_replace ] --START--
INFO: Run App\Behavior\ParseTemplateBehavior [ RunTime:0.000000s ]
INFO: [ template_replace ] --END-- [ RunTime:0.000000s ]
NOTIC: [2048] Only variables should be passed by reference D:\phpStudy\PHPTutorial\WWW\newppj\mobile\vendor\Common\functions.php 第 257 行.
NOTIC: [2048] Only variables should be passed by reference D:\phpStudy\PHPTutorial\WWW\newppj\mobile\vendor\Common\functions.php 第 262 行.
NOTIC: [2048] Only variables should be passed by reference D:\phpStudy\PHPTutorial\WWW\newppj\mobile\vendor\Common\functions.php 第 267 行.
INFO: [ template_replace ] --START--
INFO: Run App\Behavior\ParseTemplateBehavior [ RunTime:0.000000s ]
INFO: [ template_replace ] --END-- [ RunTime:0.000000s ]
INFO: [ template_filter ] --START--
INFO: Run Behavior\ContentReplaceBehavior [ RunTime:0.000000s ]
INFO: [ template_filter ] --END-- [ RunTime:0.000000s ]
INFO: Run Behavior\ParseTemplateBehavior [ RunTime:0.046796s ]
INFO: [ view_parse ] --END-- [ RunTime:0.046796s ]
INFO: [ view_filter ] --START--
INFO: Run Behavior\WriteHtmlCacheBehavior [ RunTime:0.000000s ]
INFO: Run Behavior\TokenBuildBehavior [ RunTime:0.000000s ]
INFO: [ view_filter ] --END-- [ RunTime:0.000000s ]
INFO: [ app_end ] --START--
INFO: Run Behavior\ShowPageTraceBehavior [ RunTime:0.015599s ]
INFO: [ app_end ] --END-- [ RunTime:0.015599s ]

