[ 2018-09-09T17:32:10+08:00 ] 203.208.60.127 /mobile/index.php?m=community&c=post&goods_id=1050
NOTIC: [8] date_default_timezone_set(): Timezone ID '' is invalid D:\phpStudy\PHPTutorial\WWW\newppj\mobile\vendor\Library\Think\Think.class.php 第 106 行.
INFO: [ app_init ] --START--
INFO: Run Behavior\BuildLiteBehavior [ RunTime:0.000000s ]
INFO: [ app_init ] --END-- [ RunTime:0.000000s ]
INFO: [ app_begin ] --START--
INFO: Run Behavior\ReadHtmlCacheBehavior [ RunTime:0.000000s ]
INFO: Run App\Behavior\SaaSServiceBehavior [ RunTime:0.000000s ]
INFO: [ app_begin ] --END-- [ RunTime:0.000000s ]
SQL: SELECT code, value FROM `paipai`.`dsc_shop_config` WHERE parent_id > 0 [ RunTime:0.0000s ]
SQL: SHOW COLUMNS FROM `dsc_stats` [ RunTime:0.0000s ]
SQL: INSERT INTO `dsc_stats` (`ip_address`,`visit_times`,`browser`,`system`,`language`,`area`,`referer_domain`,`referer_path`,`access_url`,`access_time`) VALUES ('203.208.60.127','1','Safari 537.36','Linux','','北京市','','','/mobile/index.php','1536456730') [ RunTime:0.0000s ]
NOTIC: [8] Undefined index: type_city D:\phpStudy\PHPTutorial\WWW\newppj\mobile\app\Modules\Base\Controllers\FrontendController.php 第 208 行.
SQL: select region_id, region_name from `paipai`.`dsc_region` where 1 AND parent_id = '' order by region_id asc limit 0, 1 [ RunTime:0.0000s ]
NOTIC: [8] Undefined index: type_province D:\phpStudy\PHPTutorial\WWW\newppj\mobile\app\Modules\Base\Controllers\FrontendController.php 第 215 行.
SQL: select region_id, region_name from `paipai`.`dsc_region` where 1 AND parent_id = '' order by region_id asc limit 0, 1 [ RunTime:0.0000s ]
NOTIC: [8] Undefined index: type_city D:\phpStudy\PHPTutorial\WWW\newppj\mobile\app\Modules\Base\Controllers\FrontendController.php 第 216 行.
SQL: select r1.parent_id, r2.region_name from `paipai`.`dsc_region` as r1, `paipai`.`dsc_region` as r2  where 1 AND r1.parent_id = r2.region_id AND r1.region_id = '' [ RunTime:0.0000s ]
NOTIC: [8] Undefined index: type_district D:\phpStudy\PHPTutorial\WWW\newppj\mobile\app\Modules\Base\Controllers\FrontendController.php 第 217 行.
SQL: select r1.parent_id, r2.region_name from `paipai`.`dsc_region` as r1, `paipai`.`dsc_region` as r2  where 1 AND r1.parent_id = r2.region_id AND r1.region_id = '' [ RunTime:0.0000s ]
NOTIC: [8] Undefined index: type_province D:\phpStudy\PHPTutorial\WWW\newppj\mobile\app\Modules\Base\Controllers\FrontendController.php 第 218 行.
SQL: select region_id,region_name from `paipai`.`dsc_region_warehouse` where regionId = '0' LIMIT 1 [ RunTime:0.0000s ]
SQL: select province, city, district from `paipai`.`dsc_seller_shopinfo` where ru_id = 0 [ RunTime:0.0000s ]
NOTIC: [2] ltrim(): Invalid '..'-range, no character to the left of '..' D:\phpStudy\PHPTutorial\WWW\newppj\mobile\app\Modules\Base\Controllers\FrontendController.php 第 323 行.
INFO: [ frontend_init ] --START--
SQL: SHOW COLUMNS FROM `dsc_drp_config` [ RunTime:0.0156s ]
SQL: SELECT `value` FROM `dsc_drp_config` WHERE `code` = 'custom_distribution' LIMIT 1   [ RunTime:0.0000s ]
SQL: SHOW COLUMNS FROM `dsc_drp_config` [ RunTime:0.0000s ]
SQL: SELECT `value` FROM `dsc_drp_config` WHERE `code` = 'custom_distributor' LIMIT 1   [ RunTime:0.0000s ]
INFO: Run App\Behavior\ReplaceLangBehavior [ RunTime:0.015599s ]
INFO: [ frontend_init ] --END-- [ RunTime:0.015599s ]
SQL: SHOW COLUMNS FROM `dsc_goods` [ RunTime:0.0000s ]
SQL: SELECT `goods_id`,`goods_name`,`goods_thumb` FROM `dsc_goods` WHERE `goods_id` = 1050 LIMIT 1   [ RunTime:0.0000s ]
NOTIC: [2048] Only variables should be passed by reference D:\phpStudy\PHPTutorial\WWW\newppj\mobile\vendor\Library\Think\View.class.php 第 175 行.
INFO: [ view_parse ] --START--
INFO: [ template_replace ] --START--
INFO: Run App\Behavior\ParseTemplateBehavior [ RunTime:0.015599s ]
INFO: [ template_replace ] --END-- [ RunTime:0.015599s ]
NOTIC: [2048] Only variables should be passed by reference D:\phpStudy\PHPTutorial\WWW\newppj\mobile\vendor\Common\functions.php 第 257 行.
NOTIC: [2048] Only variables should be passed by reference D:\phpStudy\PHPTutorial\WWW\newppj\mobile\vendor\Common\functions.php 第 262 行.
NOTIC: [2048] Only variables should be passed by reference D:\phpStudy\PHPTutorial\WWW\newppj\mobile\vendor\Common\functions.php 第 267 行.
INFO: [ template_replace ] --START--
INFO: Run App\Behavior\ParseTemplateBehavior [ RunTime:0.000000s ]
INFO: [ template_replace ] --END-- [ RunTime:0.000000s ]
NOTIC: [2048] Only variables should be passed by reference D:\phpStudy\PHPTutorial\WWW\newppj\mobile\vendor\Common\functions.php 第 257 行.
NOTIC: [2048] Only variables should be passed by reference D:\phpStudy\PHPTutorial\WWW\newppj\mobile\vendor\Common\functions.php 第 262 行.
NOTIC: [2048] Only variables should be passed by reference D:\phpStudy\PHPTutorial\WWW\newppj\mobile\vendor\Common\functions.php 第 267 行.
INFO: [ template_replace ] --START--
INFO: Run App\Behavior\ParseTemplateBehavior [ RunTime:0.000000s ]
INFO: [ template_replace ] --END-- [ RunTime:0.000000s ]
NOTIC: [2048] Only variables should be passed by reference D:\phpStudy\PHPTutorial\WWW\newppj\mobile\vendor\Common\functions.php 第 257 行.
NOTIC: [2048] Only variables should be passed by reference D:\phpStudy\PHPTutorial\WWW\newppj\mobile\vendor\Common\functions.php 第 262 行.
NOTIC: [2048] Only variables should be passed by reference D:\phpStudy\PHPTutorial\WWW\newppj\mobile\vendor\Common\functions.php 第 267 行.
INFO: [ template_replace ] --START--
INFO: Run App\Behavior\ParseTemplateBehavior [ RunTime:0.000000s ]
INFO: [ template_replace ] --END-- [ RunTime:0.000000s ]
NOTIC: [2048] Only variables should be passed by reference D:\phpStudy\PHPTutorial\WWW\newppj\mobile\vendor\Common\functions.php 第 257 行.
NOTIC: [2048] Only variables should be passed by reference D:\phpStudy\PHPTutorial\WWW\newppj\mobile\vendor\Common\functions.php 第 262 行.
NOTIC: [2048] Only variables should be passed by reference D:\phpStudy\PHPTutorial\WWW\newppj\mobile\vendor\Common\functions.php 第 267 行.
INFO: [ template_replace ] --START--
INFO: Run App\Behavior\ParseTemplateBehavior [ RunTime:0.000000s ]
INFO: [ template_replace ] --END-- [ RunTime:0.000000s ]
INFO: [ template_filter ] --START--
INFO: Run Behavior\ContentReplaceBehavior [ RunTime:0.000000s ]
INFO: [ template_filter ] --END-- [ RunTime:0.000000s ]
NOTIC: [8] Undefined variable: description D:\phpStudy\PHPTutorial\WWW\newppj\mobile\storage\framework\87a5e1\Cache\Community\ee59b0a63140acccd23464641dd534c5.php 第 9 行.
NOTIC: [8] Undefined variable: keywords D:\phpStudy\PHPTutorial\WWW\newppj\mobile\storage\framework\87a5e1\Cache\Community\ee59b0a63140acccd23464641dd534c5.php 第 10 行.
NOTIC: [8] Undefined index: goods_url D:\phpStudy\PHPTutorial\WWW\newppj\mobile\storage\framework\87a5e1\Cache\Community\ee59b0a63140acccd23464641dd534c5.php 第 93 行.
NOTIC: [8] Undefined index: goods_url D:\phpStudy\PHPTutorial\WWW\newppj\mobile\storage\framework\87a5e1\Cache\Community\ee59b0a63140acccd23464641dd534c5.php 第 150 行.
NOTIC: [8] Undefined variable: action D:\phpStudy\PHPTutorial\WWW\newppj\mobile\storage\framework\87a5e1\Cache\Community\ee59b0a63140acccd23464641dd534c5.php 第 200 行.
NOTIC: [8] Undefined variable: action D:\phpStudy\PHPTutorial\WWW\newppj\mobile\storage\framework\87a5e1\Cache\Community\ee59b0a63140acccd23464641dd534c5.php 第 200 行.
NOTIC: [8] Undefined variable: action D:\phpStudy\PHPTutorial\WWW\newppj\mobile\storage\framework\87a5e1\Cache\Community\ee59b0a63140acccd23464641dd534c5.php 第 211 行.
INFO: Run Behavior\ParseTemplateBehavior [ RunTime:0.046796s ]
INFO: [ view_parse ] --END-- [ RunTime:0.046796s ]
INFO: [ view_filter ] --START--
INFO: Run Behavior\WriteHtmlCacheBehavior [ RunTime:0.000000s ]
INFO: Run Behavior\TokenBuildBehavior [ RunTime:0.000000s ]
INFO: [ view_filter ] --END-- [ RunTime:0.000000s ]
INFO: [ app_end ] --START--
INFO: Run Behavior\ShowPageTraceBehavior [ RunTime:0.000000s ]
INFO: [ app_end ] --END-- [ RunTime:0.000000s ]

[ 2018-09-09T17:37:57+08:00 ] 203.208.60.13 /mobile/index.php?m=community&a=my
NOTIC: [8] date_default_timezone_set(): Timezone ID '' is invalid D:\phpStudy\PHPTutorial\WWW\newppj\mobile\vendor\Library\Think\Think.class.php 第 106 行.
INFO: [ app_init ] --START--
INFO: Run Behavior\BuildLiteBehavior [ RunTime:0.000000s ]
INFO: [ app_init ] --END-- [ RunTime:0.000000s ]
INFO: [ app_begin ] --START--
INFO: Run Behavior\ReadHtmlCacheBehavior [ RunTime:0.000000s ]
INFO: Run App\Behavior\SaaSServiceBehavior [ RunTime:0.000000s ]
INFO: [ app_begin ] --END-- [ RunTime:0.000000s ]
SQL: SELECT code, value FROM `paipai`.`dsc_shop_config` WHERE parent_id > 0 [ RunTime:0.0000s ]
SQL: SHOW COLUMNS FROM `dsc_stats` [ RunTime:0.0000s ]
SQL: INSERT INTO `dsc_stats` (`ip_address`,`visit_times`,`browser`,`system`,`language`,`area`,`referer_domain`,`referer_path`,`access_url`,`access_time`) VALUES ('203.208.60.13','1','Safari 537.36','Linux','','北京市','','','/mobile/index.php','1536457077') [ RunTime:0.0000s ]
NOTIC: [8] Undefined index: type_city D:\phpStudy\PHPTutorial\WWW\newppj\mobile\app\Modules\Base\Controllers\FrontendController.php 第 208 行.
SQL: select region_id, region_name from `paipai`.`dsc_region` where 1 AND parent_id = '' order by region_id asc limit 0, 1 [ RunTime:0.0000s ]
NOTIC: [8] Undefined index: type_province D:\phpStudy\PHPTutorial\WWW\newppj\mobile\app\Modules\Base\Controllers\FrontendController.php 第 215 行.
SQL: select region_id, region_name from `paipai`.`dsc_region` where 1 AND parent_id = '' order by region_id asc limit 0, 1 [ RunTime:0.0000s ]
NOTIC: [8] Undefined index: type_city D:\phpStudy\PHPTutorial\WWW\newppj\mobile\app\Modules\Base\Controllers\FrontendController.php 第 216 行.
SQL: select r1.parent_id, r2.region_name from `paipai`.`dsc_region` as r1, `paipai`.`dsc_region` as r2  where 1 AND r1.parent_id = r2.region_id AND r1.region_id = '' [ RunTime:0.0000s ]
NOTIC: [8] Undefined index: type_district D:\phpStudy\PHPTutorial\WWW\newppj\mobile\app\Modules\Base\Controllers\FrontendController.php 第 217 行.
SQL: select r1.parent_id, r2.region_name from `paipai`.`dsc_region` as r1, `paipai`.`dsc_region` as r2  where 1 AND r1.parent_id = r2.region_id AND r1.region_id = '' [ RunTime:0.0000s ]
NOTIC: [8] Undefined index: type_province D:\phpStudy\PHPTutorial\WWW\newppj\mobile\app\Modules\Base\Controllers\FrontendController.php 第 218 行.
SQL: select region_id,region_name from `paipai`.`dsc_region_warehouse` where regionId = '0' LIMIT 1 [ RunTime:0.0000s ]
SQL: select province, city, district from `paipai`.`dsc_seller_shopinfo` where ru_id = 0 [ RunTime:0.0000s ]
NOTIC: [2] ltrim(): Invalid '..'-range, no character to the left of '..' D:\phpStudy\PHPTutorial\WWW\newppj\mobile\app\Modules\Base\Controllers\FrontendController.php 第 323 行.
INFO: [ frontend_init ] --START--
SQL: SHOW COLUMNS FROM `dsc_drp_config` [ RunTime:0.0000s ]
SQL: SELECT `value` FROM `dsc_drp_config` WHERE `code` = 'custom_distribution' LIMIT 1   [ RunTime:0.0000s ]
SQL: SHOW COLUMNS FROM `dsc_drp_config` [ RunTime:0.0000s ]
SQL: SELECT `value` FROM `dsc_drp_config` WHERE `code` = 'custom_distributor' LIMIT 1   [ RunTime:0.0000s ]
INFO: Run App\Behavior\ReplaceLangBehavior [ RunTime:0.000000s ]
INFO: [ frontend_init ] --END-- [ RunTime:0.000000s ]

[ 2018-09-09T17:38:55+08:00 ] 203.208.60.4 /mobile/index.php?m=community
NOTIC: [8] date_default_timezone_set(): Timezone ID '' is invalid D:\phpStudy\PHPTutorial\WWW\newppj\mobile\vendor\Library\Think\Think.class.php 第 106 行.
INFO: [ app_init ] --START--
INFO: Run Behavior\BuildLiteBehavior [ RunTime:0.000000s ]
INFO: [ app_init ] --END-- [ RunTime:0.000000s ]
INFO: [ app_begin ] --START--
INFO: Run Behavior\ReadHtmlCacheBehavior [ RunTime:0.000000s ]
INFO: Run App\Behavior\SaaSServiceBehavior [ RunTime:0.000000s ]
INFO: [ app_begin ] --END-- [ RunTime:0.000000s ]
SQL: SELECT code, value FROM `paipai`.`dsc_shop_config` WHERE parent_id > 0 [ RunTime:0.0000s ]
SQL: SHOW COLUMNS FROM `dsc_stats` [ RunTime:0.0000s ]
SQL: INSERT INTO `dsc_stats` (`ip_address`,`visit_times`,`browser`,`system`,`language`,`area`,`referer_domain`,`referer_path`,`access_url`,`access_time`) VALUES ('203.208.60.4','1','Safari 537.36','Linux','','北京市','','','/mobile/index.php','1536457135') [ RunTime:0.0000s ]
NOTIC: [8] Undefined index: type_city D:\phpStudy\PHPTutorial\WWW\newppj\mobile\app\Modules\Base\Controllers\FrontendController.php 第 208 行.
SQL: select region_id, region_name from `paipai`.`dsc_region` where 1 AND parent_id = '' order by region_id asc limit 0, 1 [ RunTime:0.0000s ]
NOTIC: [8] Undefined index: type_province D:\phpStudy\PHPTutorial\WWW\newppj\mobile\app\Modules\Base\Controllers\FrontendController.php 第 215 行.
SQL: select region_id, region_name from `paipai`.`dsc_region` where 1 AND parent_id = '' order by region_id asc limit 0, 1 [ RunTime:0.0000s ]
NOTIC: [8] Undefined index: type_city D:\phpStudy\PHPTutorial\WWW\newppj\mobile\app\Modules\Base\Controllers\FrontendController.php 第 216 行.
SQL: select r1.parent_id, r2.region_name from `paipai`.`dsc_region` as r1, `paipai`.`dsc_region` as r2  where 1 AND r1.parent_id = r2.region_id AND r1.region_id = '' [ RunTime:0.0000s ]
NOTIC: [8] Undefined index: type_district D:\phpStudy\PHPTutorial\WWW\newppj\mobile\app\Modules\Base\Controllers\FrontendController.php 第 217 行.
SQL: select r1.parent_id, r2.region_name from `paipai`.`dsc_region` as r1, `paipai`.`dsc_region` as r2  where 1 AND r1.parent_id = r2.region_id AND r1.region_id = '' [ RunTime:0.0000s ]
NOTIC: [8] Undefined index: type_province D:\phpStudy\PHPTutorial\WWW\newppj\mobile\app\Modules\Base\Controllers\FrontendController.php 第 218 行.
SQL: select region_id,region_name from `paipai`.`dsc_region_warehouse` where regionId = '0' LIMIT 1 [ RunTime:0.0000s ]
SQL: select province, city, district from `paipai`.`dsc_seller_shopinfo` where ru_id = 0 [ RunTime:0.0000s ]
NOTIC: [2] ltrim(): Invalid '..'-range, no character to the left of '..' D:\phpStudy\PHPTutorial\WWW\newppj\mobile\app\Modules\Base\Controllers\FrontendController.php 第 323 行.
INFO: [ frontend_init ] --START--
SQL: SHOW COLUMNS FROM `dsc_drp_config` [ RunTime:0.0156s ]
SQL: SELECT `value` FROM `dsc_drp_config` WHERE `code` = 'custom_distribution' LIMIT 1   [ RunTime:0.0000s ]
SQL: SHOW COLUMNS FROM `dsc_drp_config` [ RunTime:0.0000s ]
SQL: SELECT `value` FROM `dsc_drp_config` WHERE `code` = 'custom_distributor' LIMIT 1   [ RunTime:0.0000s ]
INFO: Run App\Behavior\ReplaceLangBehavior [ RunTime:0.015599s ]
INFO: [ frontend_init ] --END-- [ RunTime:0.015599s ]
SQL: SELECT COUNT(*) as num FROM dsc_discuss_circle WHERE user_id <> 0  AND parent_id = 0 AND goods_id <> 0 AND dis_type = 1 AND review_status = 3  [ RunTime:0.0000s ]
SQL: SELECT COUNT(*) as num FROM dsc_discuss_circle WHERE user_id <> 0  AND parent_id = 0 AND goods_id <> 0 AND dis_type = 2 AND review_status = 3  [ RunTime:0.0000s ]
SQL: SELECT COUNT(*) as num FROM dsc_discuss_circle WHERE user_id <> 0  AND parent_id = 0 AND goods_id <> 0 AND dis_type = 3 AND review_status = 3  [ RunTime:0.0000s ]
SQL: SELECT count(*) FROM `paipai`.`dsc_comment` AS cmt LEFT JOIN (SELECT comment_id,goods_id,comment_img FROM `paipai`.`dsc_comment_img` GROUP BY comment_id) cmt2 ON (cmt2.comment_id = cmt.comment_id) LEFT JOIN  `paipai`.`dsc_users` u ON (cmt.user_id = u.user_id) WHERE cmt2.comment_img != '' AND cmt.comment_id <> '0'  AND cmt.status = 1  [ RunTime:0.0000s ]
NOTIC: [2048] Only variables should be passed by reference D:\phpStudy\PHPTutorial\WWW\newppj\mobile\vendor\Library\Think\View.class.php 第 175 行.
INFO: [ view_parse ] --START--
INFO: [ template_replace ] --START--
INFO: Run App\Behavior\ParseTemplateBehavior [ RunTime:0.000000s ]
INFO: [ template_replace ] --END-- [ RunTime:0.000000s ]
NOTIC: [2048] Only variables should be passed by reference D:\phpStudy\PHPTutorial\WWW\newppj\mobile\vendor\Common\functions.php 第 257 行.
NOTIC: [2048] Only variables should be passed by reference D:\phpStudy\PHPTutorial\WWW\newppj\mobile\vendor\Common\functions.php 第 262 行.
NOTIC: [2048] Only variables should be passed by reference D:\phpStudy\PHPTutorial\WWW\newppj\mobile\vendor\Common\functions.php 第 267 行.
INFO: [ template_replace ] --START--
INFO: Run App\Behavior\ParseTemplateBehavior [ RunTime:0.015598s ]
INFO: [ template_replace ] --END-- [ RunTime:0.000000s ]
NOTIC: [2048] Only variables should be passed by reference D:\phpStudy\PHPTutorial\WWW\newppj\mobile\vendor\Common\functions.php 第 257 行.
NOTIC: [2048] Only variables should be passed by reference D:\phpStudy\PHPTutorial\WWW\newppj\mobile\vendor\Common\functions.php 第 262 行.
NOTIC: [2048] Only variables should be passed by reference D:\phpStudy\PHPTutorial\WWW\newppj\mobile\vendor\Common\functions.php 第 267 行.
INFO: [ template_replace ] --START--
INFO: Run App\Behavior\ParseTemplateBehavior [ RunTime:0.000000s ]
INFO: [ template_replace ] --END-- [ RunTime:-0.015598s ]
NOTIC: [2048] Only variables should be passed by reference D:\phpStudy\PHPTutorial\WWW\newppj\mobile\vendor\Common\functions.php 第 257 行.
NOTIC: [2048] Only variables should be passed by reference D:\phpStudy\PHPTutorial\WWW\newppj\mobile\vendor\Common\functions.php 第 262 行.
NOTIC: [2048] Only variables should be passed by reference D:\phpStudy\PHPTutorial\WWW\newppj\mobile\vendor\Common\functions.php 第 267 行.
INFO: [ template_replace ] --START--
INFO: Run App\Behavior\ParseTemplateBehavior [ RunTime:0.000000s ]
INFO: [ template_replace ] --END-- [ RunTime:-0.046796s ]
NOTIC: [2048] Only variables should be passed by reference D:\phpStudy\PHPTutorial\WWW\newppj\mobile\vendor\Common\functions.php 第 257 行.
NOTIC: [2048] Only variables should be passed by reference D:\phpStudy\PHPTutorial\WWW\newppj\mobile\vendor\Common\functions.php 第 262 行.
NOTIC: [2048] Only variables should be passed by reference D:\phpStudy\PHPTutorial\WWW\newppj\mobile\vendor\Common\functions.php 第 267 行.
INFO: [ template_replace ] --START--
INFO: Run App\Behavior\ParseTemplateBehavior [ RunTime:0.000000s ]
INFO: [ template_replace ] --END-- [ RunTime:-0.062394s ]
NOTIC: [2048] Only variables should be passed by reference D:\phpStudy\PHPTutorial\WWW\newppj\mobile\vendor\Common\functions.php 第 257 行.
NOTIC: [2048] Only variables should be passed by reference D:\phpStudy\PHPTutorial\WWW\newppj\mobile\vendor\Common\functions.php 第 262 行.
NOTIC: [2048] Only variables should be passed by reference D:\phpStudy\PHPTutorial\WWW\newppj\mobile\vendor\Common\functions.php 第 267 行.
INFO: [ template_replace ] --START--
INFO: Run App\Behavior\ParseTemplateBehavior [ RunTime:0.000000s ]
INFO: [ template_replace ] --END-- [ RunTime:-0.062394s ]
NOTIC: [2048] Only variables should be passed by reference D:\phpStudy\PHPTutorial\WWW\newppj\mobile\vendor\Common\functions.php 第 257 行.
NOTIC: [2048] Only variables should be passed by reference D:\phpStudy\PHPTutorial\WWW\newppj\mobile\vendor\Common\functions.php 第 262 行.
NOTIC: [2048] Only variables should be passed by reference D:\phpStudy\PHPTutorial\WWW\newppj\mobile\vendor\Common\functions.php 第 267 行.
INFO: [ template_replace ] --START--
INFO: Run App\Behavior\ParseTemplateBehavior [ RunTime:0.000000s ]
INFO: [ template_replace ] --END-- [ RunTime:-0.062394s ]
INFO: [ template_filter ] --START--
INFO: Run Behavior\ContentReplaceBehavior [ RunTime:0.000000s ]
INFO: [ template_filter ] --END-- [ RunTime:0.000000s ]
NOTIC: [8] Undefined variable: description D:\phpStudy\PHPTutorial\WWW\newppj\mobile\storage\framework\87a5e1\Cache\Community\216a3c766120a28202a65f34f485c9ec.php 第 9 行.
NOTIC: [8] Undefined variable: keywords D:\phpStudy\PHPTutorial\WWW\newppj\mobile\storage\framework\87a5e1\Cache\Community\216a3c766120a28202a65f34f485c9ec.php 第 10 行.
INFO: Run Behavior\ParseTemplateBehavior [ RunTime:0.062394s ]
INFO: [ view_parse ] --END-- [ RunTime:0.062394s ]
INFO: [ view_filter ] --START--
INFO: Run Behavior\WriteHtmlCacheBehavior [ RunTime:0.015599s ]
INFO: Run Behavior\TokenBuildBehavior [ RunTime:0.000000s ]
INFO: [ view_filter ] --END-- [ RunTime:0.015599s ]
INFO: [ app_end ] --START--
INFO: Run Behavior\ShowPageTraceBehavior [ RunTime:0.000000s ]
INFO: [ app_end ] --END-- [ RunTime:0.000000s ]

[ 2018-09-09T17:39:30+08:00 ] 203.208.60.53 /mobile/index.php?m=community&c=post
NOTIC: [8] date_default_timezone_set(): Timezone ID '' is invalid D:\phpStudy\PHPTutorial\WWW\newppj\mobile\vendor\Library\Think\Think.class.php 第 106 行.
INFO: [ app_init ] --START--
INFO: Run Behavior\BuildLiteBehavior [ RunTime:0.000000s ]
INFO: [ app_init ] --END-- [ RunTime:0.000000s ]
INFO: [ app_begin ] --START--
INFO: Run Behavior\ReadHtmlCacheBehavior [ RunTime:0.000000s ]
INFO: Run App\Behavior\SaaSServiceBehavior [ RunTime:0.000000s ]
INFO: [ app_begin ] --END-- [ RunTime:0.000000s ]
SQL: SELECT code, value FROM `paipai`.`dsc_shop_config` WHERE parent_id > 0 [ RunTime:0.0000s ]
SQL: SHOW COLUMNS FROM `dsc_stats` [ RunTime:0.0000s ]
SQL: INSERT INTO `dsc_stats` (`ip_address`,`visit_times`,`browser`,`system`,`language`,`area`,`referer_domain`,`referer_path`,`access_url`,`access_time`) VALUES ('203.208.60.53','1','Safari 537.36','Linux','','北京市','','','/mobile/index.php','1536457170') [ RunTime:0.0000s ]
NOTIC: [8] Undefined index: type_city D:\phpStudy\PHPTutorial\WWW\newppj\mobile\app\Modules\Base\Controllers\FrontendController.php 第 208 行.
SQL: select region_id, region_name from `paipai`.`dsc_region` where 1 AND parent_id = '' order by region_id asc limit 0, 1 [ RunTime:0.0000s ]
NOTIC: [8] Undefined index: type_province D:\phpStudy\PHPTutorial\WWW\newppj\mobile\app\Modules\Base\Controllers\FrontendController.php 第 215 行.
SQL: select region_id, region_name from `paipai`.`dsc_region` where 1 AND parent_id = '' order by region_id asc limit 0, 1 [ RunTime:0.0000s ]
NOTIC: [8] Undefined index: type_city D:\phpStudy\PHPTutorial\WWW\newppj\mobile\app\Modules\Base\Controllers\FrontendController.php 第 216 行.
SQL: select r1.parent_id, r2.region_name from `paipai`.`dsc_region` as r1, `paipai`.`dsc_region` as r2  where 1 AND r1.parent_id = r2.region_id AND r1.region_id = '' [ RunTime:0.0000s ]
NOTIC: [8] Undefined index: type_district D:\phpStudy\PHPTutorial\WWW\newppj\mobile\app\Modules\Base\Controllers\FrontendController.php 第 217 行.
SQL: select r1.parent_id, r2.region_name from `paipai`.`dsc_region` as r1, `paipai`.`dsc_region` as r2  where 1 AND r1.parent_id = r2.region_id AND r1.region_id = '' [ RunTime:0.0000s ]
NOTIC: [8] Undefined index: type_province D:\phpStudy\PHPTutorial\WWW\newppj\mobile\app\Modules\Base\Controllers\FrontendController.php 第 218 行.
SQL: select region_id,region_name from `paipai`.`dsc_region_warehouse` where regionId = '0' LIMIT 1 [ RunTime:0.0000s ]
SQL: select province, city, district from `paipai`.`dsc_seller_shopinfo` where ru_id = 0 [ RunTime:0.0000s ]
NOTIC: [2] ltrim(): Invalid '..'-range, no character to the left of '..' D:\phpStudy\PHPTutorial\WWW\newppj\mobile\app\Modules\Base\Controllers\FrontendController.php 第 323 行.
INFO: [ frontend_init ] --START--
SQL: SHOW COLUMNS FROM `dsc_drp_config` [ RunTime:0.0000s ]
SQL: SELECT `value` FROM `dsc_drp_config` WHERE `code` = 'custom_distribution' LIMIT 1   [ RunTime:0.0000s ]
SQL: SHOW COLUMNS FROM `dsc_drp_config` [ RunTime:0.0000s ]
SQL: SELECT `value` FROM `dsc_drp_config` WHERE `code` = 'custom_distributor' LIMIT 1   [ RunTime:0.0000s ]
INFO: Run App\Behavior\ReplaceLangBehavior [ RunTime:0.015598s ]
INFO: [ frontend_init ] --END-- [ RunTime:0.015598s ]

[ 2018-09-09T17:39:31+08:00 ] 203.208.60.98 /mobile/index.php?m=community
NOTIC: [8] date_default_timezone_set(): Timezone ID '' is invalid D:\phpStudy\PHPTutorial\WWW\newppj\mobile\vendor\Library\Think\Think.class.php 第 106 行.
INFO: [ app_init ] --START--
INFO: Run Behavior\BuildLiteBehavior [ RunTime:0.000000s ]
INFO: [ app_init ] --END-- [ RunTime:0.000000s ]
INFO: [ app_begin ] --START--
INFO: Run Behavior\ReadHtmlCacheBehavior [ RunTime:0.000000s ]
INFO: Run App\Behavior\SaaSServiceBehavior [ RunTime:0.000000s ]
INFO: [ app_begin ] --END-- [ RunTime:0.000000s ]
SQL: SELECT code, value FROM `paipai`.`dsc_shop_config` WHERE parent_id > 0 [ RunTime:0.0000s ]
NOTIC: [8] Undefined index: type_city D:\phpStudy\PHPTutorial\WWW\newppj\mobile\app\Modules\Base\Controllers\FrontendController.php 第 208 行.
SQL: select region_id, region_name from `paipai`.`dsc_region` where 1 AND parent_id = '' order by region_id asc limit 0, 1 [ RunTime:0.0000s ]
NOTIC: [8] Undefined index: type_province D:\phpStudy\PHPTutorial\WWW\newppj\mobile\app\Modules\Base\Controllers\FrontendController.php 第 215 行.
SQL: select region_id, region_name from `paipai`.`dsc_region` where 1 AND parent_id = '' order by region_id asc limit 0, 1 [ RunTime:0.0000s ]
NOTIC: [8] Undefined index: type_city D:\phpStudy\PHPTutorial\WWW\newppj\mobile\app\Modules\Base\Controllers\FrontendController.php 第 216 行.
SQL: select r1.parent_id, r2.region_name from `paipai`.`dsc_region` as r1, `paipai`.`dsc_region` as r2  where 1 AND r1.parent_id = r2.region_id AND r1.region_id = '' [ RunTime:0.0000s ]
NOTIC: [8] Undefined index: type_district D:\phpStudy\PHPTutorial\WWW\newppj\mobile\app\Modules\Base\Controllers\FrontendController.php 第 217 行.
SQL: select r1.parent_id, r2.region_name from `paipai`.`dsc_region` as r1, `paipai`.`dsc_region` as r2  where 1 AND r1.parent_id = r2.region_id AND r1.region_id = '' [ RunTime:0.0000s ]
NOTIC: [8] Undefined index: type_province D:\phpStudy\PHPTutorial\WWW\newppj\mobile\app\Modules\Base\Controllers\FrontendController.php 第 218 行.
SQL: select region_id,region_name from `paipai`.`dsc_region_warehouse` where regionId = '0' LIMIT 1 [ RunTime:0.0000s ]
SQL: select province, city, district from `paipai`.`dsc_seller_shopinfo` where ru_id = 0 [ RunTime:0.0000s ]
NOTIC: [2] ltrim(): Invalid '..'-range, no character to the left of '..' D:\phpStudy\PHPTutorial\WWW\newppj\mobile\app\Modules\Base\Controllers\FrontendController.php 第 323 行.
INFO: [ frontend_init ] --START--
SQL: SHOW COLUMNS FROM `dsc_drp_config` [ RunTime:0.0000s ]
SQL: SELECT `value` FROM `dsc_drp_config` WHERE `code` = 'custom_distribution' LIMIT 1   [ RunTime:0.0000s ]
SQL: SHOW COLUMNS FROM `dsc_drp_config` [ RunTime:0.0156s ]
SQL: SELECT `value` FROM `dsc_drp_config` WHERE `code` = 'custom_distributor' LIMIT 1   [ RunTime:0.0000s ]
INFO: Run App\Behavior\ReplaceLangBehavior [ RunTime:0.015599s ]
INFO: [ frontend_init ] --END-- [ RunTime:0.015599s ]
SQL: SELECT COUNT(*) as num FROM dsc_discuss_circle WHERE user_id <> 0  AND parent_id = 0 AND goods_id <> 0 AND dis_type = 1 AND review_status = 3  [ RunTime:0.0000s ]
SQL: SELECT COUNT(*) as num FROM dsc_discuss_circle WHERE user_id <> 0  AND parent_id = 0 AND goods_id <> 0 AND dis_type = 2 AND review_status = 3  [ RunTime:0.0000s ]
SQL: SELECT COUNT(*) as num FROM dsc_discuss_circle WHERE user_id <> 0  AND parent_id = 0 AND goods_id <> 0 AND dis_type = 3 AND review_status = 3  [ RunTime:0.0000s ]
SQL: SELECT count(*) FROM `paipai`.`dsc_comment` AS cmt LEFT JOIN (SELECT comment_id,goods_id,comment_img FROM `paipai`.`dsc_comment_img` GROUP BY comment_id) cmt2 ON (cmt2.comment_id = cmt.comment_id) LEFT JOIN  `paipai`.`dsc_users` u ON (cmt.user_id = u.user_id) WHERE cmt2.comment_img != '' AND cmt.comment_id <> '0'  AND cmt.status = 1  [ RunTime:0.0000s ]
NOTIC: [2048] Only variables should be passed by reference D:\phpStudy\PHPTutorial\WWW\newppj\mobile\vendor\Library\Think\View.class.php 第 175 行.
INFO: [ view_parse ] --START--
INFO: [ template_replace ] --START--
INFO: Run App\Behavior\ParseTemplateBehavior [ RunTime:0.000000s ]
INFO: [ template_replace ] --END-- [ RunTime:0.000000s ]
NOTIC: [2048] Only variables should be passed by reference D:\phpStudy\PHPTutorial\WWW\newppj\mobile\vendor\Common\functions.php 第 257 行.
NOTIC: [2048] Only variables should be passed by reference D:\phpStudy\PHPTutorial\WWW\newppj\mobile\vendor\Common\functions.php 第 262 行.
NOTIC: [2048] Only variables should be passed by reference D:\phpStudy\PHPTutorial\WWW\newppj\mobile\vendor\Common\functions.php 第 267 行.
INFO: [ template_replace ] --START--
INFO: Run App\Behavior\ParseTemplateBehavior [ RunTime:0.000000s ]
INFO: [ template_replace ] --END-- [ RunTime:0.000000s ]
NOTIC: [2048] Only variables should be passed by reference D:\phpStudy\PHPTutorial\WWW\newppj\mobile\vendor\Common\functions.php 第 257 行.
NOTIC: [2048] Only variables should be passed by reference D:\phpStudy\PHPTutorial\WWW\newppj\mobile\vendor\Common\functions.php 第 262 行.
NOTIC: [2048] Only variables should be passed by reference D:\phpStudy\PHPTutorial\WWW\newppj\mobile\vendor\Common\functions.php 第 267 行.
INFO: [ template_replace ] --START--
INFO: Run App\Behavior\ParseTemplateBehavior [ RunTime:0.000000s ]
INFO: [ template_replace ] --END-- [ RunTime:-0.015599s ]
NOTIC: [2048] Only variables should be passed by reference D:\phpStudy\PHPTutorial\WWW\newppj\mobile\vendor\Common\functions.php 第 257 行.
NOTIC: [2048] Only variables should be passed by reference D:\phpStudy\PHPTutorial\WWW\newppj\mobile\vendor\Common\functions.php 第 262 行.
NOTIC: [2048] Only variables should be passed by reference D:\phpStudy\PHPTutorial\WWW\newppj\mobile\vendor\Common\functions.php 第 267 行.
INFO: [ template_replace ] --START--
INFO: Run App\Behavior\ParseTemplateBehavior [ RunTime:0.000000s ]
INFO: [ template_replace ] --END-- [ RunTime:-0.015599s ]
NOTIC: [2048] Only variables should be passed by reference D:\phpStudy\PHPTutorial\WWW\newppj\mobile\vendor\Common\functions.php 第 257 行.
NOTIC: [2048] Only variables should be passed by reference D:\phpStudy\PHPTutorial\WWW\newppj\mobile\vendor\Common\functions.php 第 262 行.
NOTIC: [2048] Only variables should be passed by reference D:\phpStudy\PHPTutorial\WWW\newppj\mobile\vendor\Common\functions.php 第 267 行.
INFO: [ template_replace ] --START--
INFO: Run App\Behavior\ParseTemplateBehavior [ RunTime:0.000000s ]
INFO: [ template_replace ] --END-- [ RunTime:-0.015599s ]
NOTIC: [2048] Only variables should be passed by reference D:\phpStudy\PHPTutorial\WWW\newppj\mobile\vendor\Common\functions.php 第 257 行.
NOTIC: [2048] Only variables should be passed by reference D:\phpStudy\PHPTutorial\WWW\newppj\mobile\vendor\Common\functions.php 第 262 行.
NOTIC: [2048] Only variables should be passed by reference D:\phpStudy\PHPTutorial\WWW\newppj\mobile\vendor\Common\functions.php 第 267 行.
INFO: [ template_replace ] --START--
INFO: Run App\Behavior\ParseTemplateBehavior [ RunTime:0.000000s ]
INFO: [ template_replace ] --END-- [ RunTime:-0.015599s ]
NOTIC: [2048] Only variables should be passed by reference D:\phpStudy\PHPTutorial\WWW\newppj\mobile\vendor\Common\functions.php 第 257 行.
NOTIC: [2048] Only variables should be passed by reference D:\phpStudy\PHPTutorial\WWW\newppj\mobile\vendor\Common\functions.php 第 262 行.
NOTIC: [2048] Only variables should be passed by reference D:\phpStudy\PHPTutorial\WWW\newppj\mobile\vendor\Common\functions.php 第 267 行.
INFO: [ template_replace ] --START--
INFO: Run App\Behavior\ParseTemplateBehavior [ RunTime:0.000000s ]
INFO: [ template_replace ] --END-- [ RunTime:-0.015599s ]
INFO: [ template_filter ] --START--
INFO: Run Behavior\ContentReplaceBehavior [ RunTime:0.000000s ]
INFO: [ template_filter ] --END-- [ RunTime:0.000000s ]
NOTIC: [8] Undefined variable: description D:\phpStudy\PHPTutorial\WWW\newppj\mobile\storage\framework\87a5e1\Cache\Community\216a3c766120a28202a65f34f485c9ec.php 第 9 行.
NOTIC: [8] Undefined variable: keywords D:\phpStudy\PHPTutorial\WWW\newppj\mobile\storage\framework\87a5e1\Cache\Community\216a3c766120a28202a65f34f485c9ec.php 第 10 行.
INFO: Run Behavior\ParseTemplateBehavior [ RunTime:0.031197s ]
INFO: [ view_parse ] --END-- [ RunTime:0.031197s ]
INFO: [ view_filter ] --START--
INFO: Run Behavior\WriteHtmlCacheBehavior [ RunTime:0.000000s ]
INFO: Run Behavior\TokenBuildBehavior [ RunTime:0.000000s ]
INFO: [ view_filter ] --END-- [ RunTime:0.000000s ]
INFO: [ app_end ] --START--
INFO: Run Behavior\ShowPageTraceBehavior [ RunTime:0.000000s ]
INFO: [ app_end ] --END-- [ RunTime:0.000000s ]

[ 2018-09-09T17:39:56+08:00 ] 203.208.60.45 /mobile/index.php?m=community&a=like
NOTIC: [8] date_default_timezone_set(): Timezone ID '' is invalid D:\phpStudy\PHPTutorial\WWW\newppj\mobile\vendor\Library\Think\Think.class.php 第 106 行.
INFO: [ app_init ] --START--
INFO: Run Behavior\BuildLiteBehavior [ RunTime:0.000000s ]
INFO: [ app_init ] --END-- [ RunTime:0.000000s ]
INFO: [ app_begin ] --START--
INFO: Run Behavior\ReadHtmlCacheBehavior [ RunTime:0.000000s ]
INFO: Run App\Behavior\SaaSServiceBehavior [ RunTime:0.000000s ]
INFO: [ app_begin ] --END-- [ RunTime:0.000000s ]
SQL: SELECT code, value FROM `paipai`.`dsc_shop_config` WHERE parent_id > 0 [ RunTime:0.0000s ]
SQL: SHOW COLUMNS FROM `dsc_stats` [ RunTime:0.0000s ]
SQL: INSERT INTO `dsc_stats` (`ip_address`,`visit_times`,`browser`,`system`,`language`,`area`,`referer_domain`,`referer_path`,`access_url`,`access_time`) VALUES ('203.208.60.45','1','Safari 537.36','Linux','','北京市','','','/mobile/index.php','1536457196') [ RunTime:0.0000s ]
NOTIC: [8] Undefined index: type_city D:\phpStudy\PHPTutorial\WWW\newppj\mobile\app\Modules\Base\Controllers\FrontendController.php 第 208 行.
SQL: select region_id, region_name from `paipai`.`dsc_region` where 1 AND parent_id = '' order by region_id asc limit 0, 1 [ RunTime:0.0000s ]
NOTIC: [8] Undefined index: type_province D:\phpStudy\PHPTutorial\WWW\newppj\mobile\app\Modules\Base\Controllers\FrontendController.php 第 215 行.
SQL: select region_id, region_name from `paipai`.`dsc_region` where 1 AND parent_id = '' order by region_id asc limit 0, 1 [ RunTime:0.0000s ]
NOTIC: [8] Undefined index: type_city D:\phpStudy\PHPTutorial\WWW\newppj\mobile\app\Modules\Base\Controllers\FrontendController.php 第 216 行.
SQL: select r1.parent_id, r2.region_name from `paipai`.`dsc_region` as r1, `paipai`.`dsc_region` as r2  where 1 AND r1.parent_id = r2.region_id AND r1.region_id = '' [ RunTime:0.0000s ]
NOTIC: [8] Undefined index: type_district D:\phpStudy\PHPTutorial\WWW\newppj\mobile\app\Modules\Base\Controllers\FrontendController.php 第 217 行.
SQL: select r1.parent_id, r2.region_name from `paipai`.`dsc_region` as r1, `paipai`.`dsc_region` as r2  where 1 AND r1.parent_id = r2.region_id AND r1.region_id = '' [ RunTime:0.0000s ]
NOTIC: [8] Undefined index: type_province D:\phpStudy\PHPTutorial\WWW\newppj\mobile\app\Modules\Base\Controllers\FrontendController.php 第 218 行.
SQL: select region_id,region_name from `paipai`.`dsc_region_warehouse` where regionId = '0' LIMIT 1 [ RunTime:0.0000s ]
SQL: select province, city, district from `paipai`.`dsc_seller_shopinfo` where ru_id = 0 [ RunTime:0.0000s ]
NOTIC: [2] ltrim(): Invalid '..'-range, no character to the left of '..' D:\phpStudy\PHPTutorial\WWW\newppj\mobile\app\Modules\Base\Controllers\FrontendController.php 第 323 行.
INFO: [ frontend_init ] --START--
SQL: SHOW COLUMNS FROM `dsc_drp_config` [ RunTime:0.0156s ]
SQL: SELECT `value` FROM `dsc_drp_config` WHERE `code` = 'custom_distribution' LIMIT 1   [ RunTime:0.0000s ]
SQL: SHOW COLUMNS FROM `dsc_drp_config` [ RunTime:0.0000s ]
SQL: SELECT `value` FROM `dsc_drp_config` WHERE `code` = 'custom_distributor' LIMIT 1   [ RunTime:0.0000s ]
INFO: Run App\Behavior\ReplaceLangBehavior [ RunTime:0.015598s ]
INFO: [ frontend_init ] --END-- [ RunTime:0.015598s ]
INFO: [ app_end ] --START--
INFO: Run Behavior\ShowPageTraceBehavior [ RunTime:0.000000s ]
INFO: [ app_end ] --END-- [ RunTime:0.000000s ]

[ 2018-09-09T17:40:32+08:00 ] 203.208.60.65 /mobile/index.php?m=community&a=deletemycom
NOTIC: [8] date_default_timezone_set(): Timezone ID '' is invalid D:\phpStudy\PHPTutorial\WWW\newppj\mobile\vendor\Library\Think\Think.class.php 第 106 行.
INFO: [ app_init ] --START--
INFO: Run Behavior\BuildLiteBehavior [ RunTime:0.000000s ]
INFO: [ app_init ] --END-- [ RunTime:0.000000s ]
INFO: [ app_begin ] --START--
INFO: Run Behavior\ReadHtmlCacheBehavior [ RunTime:0.000000s ]
INFO: Run App\Behavior\SaaSServiceBehavior [ RunTime:0.000000s ]
INFO: [ app_begin ] --END-- [ RunTime:0.000000s ]
SQL: SELECT code, value FROM `paipai`.`dsc_shop_config` WHERE parent_id > 0 [ RunTime:0.0000s ]
SQL: SHOW COLUMNS FROM `dsc_stats` [ RunTime:0.0000s ]
SQL: INSERT INTO `dsc_stats` (`ip_address`,`visit_times`,`browser`,`system`,`language`,`area`,`referer_domain`,`referer_path`,`access_url`,`access_time`) VALUES ('203.208.60.65','1','Safari 537.36','Linux','','北京市','','','/mobile/index.php','1536457232') [ RunTime:0.0000s ]
NOTIC: [8] Undefined index: type_city D:\phpStudy\PHPTutorial\WWW\newppj\mobile\app\Modules\Base\Controllers\FrontendController.php 第 208 行.
SQL: select region_id, region_name from `paipai`.`dsc_region` where 1 AND parent_id = '' order by region_id asc limit 0, 1 [ RunTime:0.0000s ]
NOTIC: [8] Undefined index: type_province D:\phpStudy\PHPTutorial\WWW\newppj\mobile\app\Modules\Base\Controllers\FrontendController.php 第 215 行.
SQL: select region_id, region_name from `paipai`.`dsc_region` where 1 AND parent_id = '' order by region_id asc limit 0, 1 [ RunTime:0.0000s ]
NOTIC: [8] Undefined index: type_city D:\phpStudy\PHPTutorial\WWW\newppj\mobile\app\Modules\Base\Controllers\FrontendController.php 第 216 行.
SQL: select r1.parent_id, r2.region_name from `paipai`.`dsc_region` as r1, `paipai`.`dsc_region` as r2  where 1 AND r1.parent_id = r2.region_id AND r1.region_id = '' [ RunTime:0.0000s ]
NOTIC: [8] Undefined index: type_district D:\phpStudy\PHPTutorial\WWW\newppj\mobile\app\Modules\Base\Controllers\FrontendController.php 第 217 行.
SQL: select r1.parent_id, r2.region_name from `paipai`.`dsc_region` as r1, `paipai`.`dsc_region` as r2  where 1 AND r1.parent_id = r2.region_id AND r1.region_id = '' [ RunTime:0.0000s ]
NOTIC: [8] Undefined index: type_province D:\phpStudy\PHPTutorial\WWW\newppj\mobile\app\Modules\Base\Controllers\FrontendController.php 第 218 行.
SQL: select region_id,region_name from `paipai`.`dsc_region_warehouse` where regionId = '0' LIMIT 1 [ RunTime:0.0000s ]
SQL: select province, city, district from `paipai`.`dsc_seller_shopinfo` where ru_id = 0 [ RunTime:0.0000s ]
NOTIC: [2] ltrim(): Invalid '..'-range, no character to the left of '..' D:\phpStudy\PHPTutorial\WWW\newppj\mobile\app\Modules\Base\Controllers\FrontendController.php 第 323 行.
INFO: [ frontend_init ] --START--
SQL: SHOW COLUMNS FROM `dsc_drp_config` [ RunTime:0.0000s ]
SQL: SELECT `value` FROM `dsc_drp_config` WHERE `code` = 'custom_distribution' LIMIT 1   [ RunTime:0.0000s ]
SQL: SHOW COLUMNS FROM `dsc_drp_config` [ RunTime:0.0000s ]
SQL: SELECT `value` FROM `dsc_drp_config` WHERE `code` = 'custom_distributor' LIMIT 1   [ RunTime:0.0000s ]
INFO: Run App\Behavior\ReplaceLangBehavior [ RunTime:0.000000s ]
INFO: [ frontend_init ] --END-- [ RunTime:0.000000s ]

[ 2018-09-09T17:41:42+08:00 ] 203.208.60.123 /mobile/index.php?m=community&a=list&type=1
NOTIC: [8] date_default_timezone_set(): Timezone ID '' is invalid D:\phpStudy\PHPTutorial\WWW\newppj\mobile\vendor\Library\Think\Think.class.php 第 106 行.
INFO: [ app_init ] --START--
INFO: Run Behavior\BuildLiteBehavior [ RunTime:0.000000s ]
INFO: [ app_init ] --END-- [ RunTime:0.000000s ]
INFO: [ app_begin ] --START--
INFO: Run Behavior\ReadHtmlCacheBehavior [ RunTime:0.000000s ]
INFO: Run App\Behavior\SaaSServiceBehavior [ RunTime:0.000000s ]
INFO: [ app_begin ] --END-- [ RunTime:0.000000s ]
SQL: SELECT code, value FROM `paipai`.`dsc_shop_config` WHERE parent_id > 0 [ RunTime:0.0000s ]
SQL: SHOW COLUMNS FROM `dsc_stats` [ RunTime:0.0000s ]
SQL: INSERT INTO `dsc_stats` (`ip_address`,`visit_times`,`browser`,`system`,`language`,`area`,`referer_domain`,`referer_path`,`access_url`,`access_time`) VALUES ('203.208.60.123','1','Safari 537.36','Linux','','北京市','','','/mobile/index.php','1536457301') [ RunTime:0.0156s ]
NOTIC: [8] Undefined index: type_city D:\phpStudy\PHPTutorial\WWW\newppj\mobile\app\Modules\Base\Controllers\FrontendController.php 第 208 行.
SQL: select region_id, region_name from `paipai`.`dsc_region` where 1 AND parent_id = '' order by region_id asc limit 0, 1 [ RunTime:0.0000s ]
NOTIC: [8] Undefined index: type_province D:\phpStudy\PHPTutorial\WWW\newppj\mobile\app\Modules\Base\Controllers\FrontendController.php 第 215 行.
SQL: select region_id, region_name from `paipai`.`dsc_region` where 1 AND parent_id = '' order by region_id asc limit 0, 1 [ RunTime:0.0000s ]
NOTIC: [8] Undefined index: type_city D:\phpStudy\PHPTutorial\WWW\newppj\mobile\app\Modules\Base\Controllers\FrontendController.php 第 216 行.
SQL: select r1.parent_id, r2.region_name from `paipai`.`dsc_region` as r1, `paipai`.`dsc_region` as r2  where 1 AND r1.parent_id = r2.region_id AND r1.region_id = '' [ RunTime:0.0000s ]
NOTIC: [8] Undefined index: type_district D:\phpStudy\PHPTutorial\WWW\newppj\mobile\app\Modules\Base\Controllers\FrontendController.php 第 217 行.
SQL: select r1.parent_id, r2.region_name from `paipai`.`dsc_region` as r1, `paipai`.`dsc_region` as r2  where 1 AND r1.parent_id = r2.region_id AND r1.region_id = '' [ RunTime:0.0000s ]
NOTIC: [8] Undefined index: type_province D:\phpStudy\PHPTutorial\WWW\newppj\mobile\app\Modules\Base\Controllers\FrontendController.php 第 218 行.
SQL: select region_id,region_name from `paipai`.`dsc_region_warehouse` where regionId = '0' LIMIT 1 [ RunTime:0.0000s ]
SQL: select province, city, district from `paipai`.`dsc_seller_shopinfo` where ru_id = 0 [ RunTime:0.0000s ]
NOTIC: [2] ltrim(): Invalid '..'-range, no character to the left of '..' D:\phpStudy\PHPTutorial\WWW\newppj\mobile\app\Modules\Base\Controllers\FrontendController.php 第 323 行.
INFO: [ frontend_init ] --START--
SQL: SHOW COLUMNS FROM `dsc_drp_config` [ RunTime:0.0000s ]
SQL: SELECT `value` FROM `dsc_drp_config` WHERE `code` = 'custom_distribution' LIMIT 1   [ RunTime:0.0000s ]
SQL: SHOW COLUMNS FROM `dsc_drp_config` [ RunTime:0.0000s ]
SQL: SELECT `value` FROM `dsc_drp_config` WHERE `code` = 'custom_distributor' LIMIT 1   [ RunTime:0.0000s ]
INFO: Run App\Behavior\ReplaceLangBehavior [ RunTime:0.000000s ]
INFO: [ frontend_init ] --END-- [ RunTime:0.000000s ]
NOTIC: [2048] Only variables should be passed by reference D:\phpStudy\PHPTutorial\WWW\newppj\mobile\vendor\Library\Think\View.class.php 第 175 行.
INFO: [ view_parse ] --START--
INFO: [ template_replace ] --START--
INFO: Run App\Behavior\ParseTemplateBehavior [ RunTime:0.000000s ]
INFO: [ template_replace ] --END-- [ RunTime:0.000000s ]
NOTIC: [2048] Only variables should be passed by reference D:\phpStudy\PHPTutorial\WWW\newppj\mobile\vendor\Common\functions.php 第 257 行.
NOTIC: [2048] Only variables should be passed by reference D:\phpStudy\PHPTutorial\WWW\newppj\mobile\vendor\Common\functions.php 第 262 行.
NOTIC: [2048] Only variables should be passed by reference D:\phpStudy\PHPTutorial\WWW\newppj\mobile\vendor\Common\functions.php 第 267 行.
INFO: [ template_replace ] --START--
INFO: Run App\Behavior\ParseTemplateBehavior [ RunTime:0.015610s ]
INFO: [ template_replace ] --END-- [ RunTime:0.000000s ]
NOTIC: [2048] Only variables should be passed by reference D:\phpStudy\PHPTutorial\WWW\newppj\mobile\vendor\Common\functions.php 第 257 行.
NOTIC: [2048] Only variables should be passed by reference D:\phpStudy\PHPTutorial\WWW\newppj\mobile\vendor\Common\functions.php 第 262 行.
NOTIC: [2048] Only variables should be passed by reference D:\phpStudy\PHPTutorial\WWW\newppj\mobile\vendor\Common\functions.php 第 267 行.
INFO: [ template_replace ] --START--
INFO: Run App\Behavior\ParseTemplateBehavior [ RunTime:0.000000s ]
INFO: [ template_replace ] --END-- [ RunTime:-0.015610s ]
NOTIC: [2048] Only variables should be passed by reference D:\phpStudy\PHPTutorial\WWW\newppj\mobile\vendor\Common\functions.php 第 257 行.
NOTIC: [2048] Only variables should be passed by reference D:\phpStudy\PHPTutorial\WWW\newppj\mobile\vendor\Common\functions.php 第 262 行.
NOTIC: [2048] Only variables should be passed by reference D:\phpStudy\PHPTutorial\WWW\newppj\mobile\vendor\Common\functions.php 第 267 行.
INFO: [ template_replace ] --START--
INFO: Run App\Behavior\ParseTemplateBehavior [ RunTime:0.000000s ]
INFO: [ template_replace ] --END-- [ RunTime:-0.015610s ]
NOTIC: [2048] Only variables should be passed by reference D:\phpStudy\PHPTutorial\WWW\newppj\mobile\vendor\Common\functions.php 第 257 行.
NOTIC: [2048] Only variables should be passed by reference D:\phpStudy\PHPTutorial\WWW\newppj\mobile\vendor\Common\functions.php 第 262 行.
NOTIC: [2048] Only variables should be passed by reference D:\phpStudy\PHPTutorial\WWW\newppj\mobile\vendor\Common\functions.php 第 267 行.
INFO: [ template_replace ] --START--
INFO: Run App\Behavior\ParseTemplateBehavior [ RunTime:0.000000s ]
INFO: [ template_replace ] --END-- [ RunTime:-0.015610s ]
NOTIC: [2048] Only variables should be passed by reference D:\phpStudy\PHPTutorial\WWW\newppj\mobile\vendor\Common\functions.php 第 257 行.
NOTIC: [2048] Only variables should be passed by reference D:\phpStudy\PHPTutorial\WWW\newppj\mobile\vendor\Common\functions.php 第 262 行.
NOTIC: [2048] Only variables should be passed by reference D:\phpStudy\PHPTutorial\WWW\newppj\mobile\vendor\Common\functions.php 第 267 行.
INFO: [ template_replace ] --START--
INFO: Run App\Behavior\ParseTemplateBehavior [ RunTime:0.000000s ]
INFO: [ template_replace ] --END-- [ RunTime:-0.015610s ]
NOTIC: [2048] Only variables should be passed by reference D:\phpStudy\PHPTutorial\WWW\newppj\mobile\vendor\Common\functions.php 第 257 行.
NOTIC: [2048] Only variables should be passed by reference D:\phpStudy\PHPTutorial\WWW\newppj\mobile\vendor\Common\functions.php 第 262 行.
NOTIC: [2048] Only variables should be passed by reference D:\phpStudy\PHPTutorial\WWW\newppj\mobile\vendor\Common\functions.php 第 267 行.
INFO: [ template_replace ] --START--
INFO: Run App\Behavior\ParseTemplateBehavior [ RunTime:0.000000s ]
INFO: [ template_replace ] --END-- [ RunTime:-0.015610s ]
INFO: [ template_filter ] --START--
INFO: Run Behavior\ContentReplaceBehavior [ RunTime:0.000000s ]
INFO: [ template_filter ] --END-- [ RunTime:0.000000s ]
NOTIC: [8] Undefined variable: description D:\phpStudy\PHPTutorial\WWW\newppj\mobile\storage\framework\87a5e1\Cache\Community\c1d9c109f8c0774246227cc111d3b370.php 第 9 行.
NOTIC: [8] Undefined variable: keywords D:\phpStudy\PHPTutorial\WWW\newppj\mobile\storage\framework\87a5e1\Cache\Community\c1d9c109f8c0774246227cc111d3b370.php 第 10 行.
INFO: Run Behavior\ParseTemplateBehavior [ RunTime:0.046831s ]
INFO: [ view_parse ] --END-- [ RunTime:0.046831s ]
INFO: [ view_filter ] --START--
INFO: Run Behavior\WriteHtmlCacheBehavior [ RunTime:0.000000s ]
INFO: Run Behavior\TokenBuildBehavior [ RunTime:0.000000s ]
INFO: [ view_filter ] --END-- [ RunTime:0.000000s ]
INFO: [ app_end ] --START--
INFO: Run Behavior\ShowPageTraceBehavior [ RunTime:0.000000s ]
INFO: [ app_end ] --END-- [ RunTime:0.000000s ]

