[ 2018-09-09T15:09:16+08:00 ] ::1 /newpaipai/mobile/index.php?m=console&c=view&a=default
NOTIC: [8] date_default_timezone_set(): Timezone ID '' is invalid D:\WWW\newpaipai\mobile\vendor\Library\Think\Think.class.php 第 106 行.
INFO: [ app_init ] --START--
INFO: Run Behavior\BuildLiteBehavior [ RunTime:0.000000s ]
INFO: [ app_init ] --END-- [ RunTime:0.000000s ]
INFO: [ app_begin ] --START--
INFO: Run Behavior\ReadHtmlCacheBehavior [ RunTime:0.000976s ]
INFO: Run App\Behavior\SaaSServiceBehavior [ RunTime:0.000977s ]
INFO: [ app_begin ] --END-- [ RunTime:0.001953s ]
SQL: SELECT code, value FROM `paipai`.`dsc_shop_config` WHERE parent_id > 0 [ RunTime:0.0039s ]
NOTIC: [8] Undefined index: type_city D:\WWW\newpaipai\mobile\app\Modules\Base\Controllers\FrontendController.php 第 208 行.
SQL: select region_id, region_name from `paipai`.`dsc_region` where 1 AND parent_id = '' order by region_id asc limit 0, 1 [ RunTime:0.0029s ]
NOTIC: [8] Undefined index: type_province D:\WWW\newpaipai\mobile\app\Modules\Base\Controllers\FrontendController.php 第 215 行.
SQL: select region_id, region_name from `paipai`.`dsc_region` where 1 AND parent_id = '' order by region_id asc limit 0, 1 [ RunTime:0.0020s ]
NOTIC: [8] Undefined index: type_city D:\WWW\newpaipai\mobile\app\Modules\Base\Controllers\FrontendController.php 第 216 行.
SQL: select r1.parent_id, r2.region_name from `paipai`.`dsc_region` as r1, `paipai`.`dsc_region` as r2  where 1 AND r1.parent_id = r2.region_id AND r1.region_id = '' [ RunTime:0.0020s ]
NOTIC: [8] Undefined index: type_district D:\WWW\newpaipai\mobile\app\Modules\Base\Controllers\FrontendController.php 第 217 行.
SQL: select r1.parent_id, r2.region_name from `paipai`.`dsc_region` as r1, `paipai`.`dsc_region` as r2  where 1 AND r1.parent_id = r2.region_id AND r1.region_id = '' [ RunTime:0.0010s ]
NOTIC: [8] Undefined index: type_province D:\WWW\newpaipai\mobile\app\Modules\Base\Controllers\FrontendController.php 第 218 行.
SQL: select region_id,region_name from `paipai`.`dsc_region_warehouse` where regionId = '31' LIMIT 1 [ RunTime:0.0010s ]
SQL: select province, city, district from `paipai`.`dsc_seller_shopinfo` where ru_id = 0 [ RunTime:0.0020s ]
NOTIC: [2] ltrim(): Invalid '..'-range, no character to the left of '..' D:\WWW\newpaipai\mobile\app\Modules\Base\Controllers\FrontendController.php 第 323 行.
INFO: [ frontend_init ] --START--
SQL: SHOW COLUMNS FROM `dsc_drp_config` [ RunTime:0.0068s ]
SQL: SELECT `value` FROM `dsc_drp_config` WHERE `code` = 'custom_distribution' LIMIT 1   [ RunTime:0.0039s ]
SQL: SHOW COLUMNS FROM `dsc_drp_config` [ RunTime:0.0078s ]
SQL: SELECT `value` FROM `dsc_drp_config` WHERE `code` = 'custom_distributor' LIMIT 1   [ RunTime:0.0020s ]
INFO: Run App\Behavior\ReplaceLangBehavior [ RunTime:0.026367s ]
INFO: [ frontend_init ] --END-- [ RunTime:0.026367s ]
SQL: select country, province, city, district from `paipai`.`dsc_order_info` where user_id = '' order by order_id DESC [ RunTime:0.0029s ]
SQL: select ut.province, ut.city, ut.district from `paipai`.`dsc_users` as u  left join `paipai`.`dsc_users_type` as ut on u.user_id = ut.user_id where u.user_id = '' [ RunTime:0.0039s ]
NOTIC: [8] Undefined index: province D:\WWW\newpaipai\mobile\app\Modules\Console\Controllers\ViewController.php 第 600 行.
NOTIC: [8] Undefined index: province D:\WWW\newpaipai\mobile\app\Modules\Console\Controllers\ViewController.php 第 606 行.
NOTIC: [8] Undefined variable: province_info D:\WWW\newpaipai\mobile\app\Modules\Console\Controllers\ViewController.php 第 612 行.
SQL: select region_name from `paipai`.`dsc_region_warehouse` where regionId = '' [ RunTime:0.0029s ]
NOTIC: [8] Undefined variable: province_info D:\WWW\newpaipai\mobile\app\Modules\Console\Controllers\ViewController.php 第 614 行.
SQL: select region_id from `paipai`.`dsc_region_warehouse` where region_name = '北京仓库' and region_type = '0' [ RunTime:0.0020s ]
NOTIC: [8] Undefined index: city D:\WWW\newpaipai\mobile\app\Modules\Console\Controllers\ViewController.php 第 619 行.
NOTIC: [8] Undefined variable: city_info D:\WWW\newpaipai\mobile\app\Modules\Console\Controllers\ViewController.php 第 624 行.
NOTIC: [8] Undefined index: district D:\WWW\newpaipai\mobile\app\Modules\Console\Controllers\ViewController.php 第 627 行.
NOTIC: [8] Undefined variable: district_info D:\WWW\newpaipai\mobile\app\Modules\Console\Controllers\ViewController.php 第 632 行.
SQL: select region_id from `paipai`.`dsc_region` where parent_id = '31' [ RunTime:0.0020s ]
SQL: select region_id from `paipai`.`dsc_region` where parent_id = '383' [ RunTime:0.0010s ]
SQL: select rw2.region_id, rw2.region_name from`paipai`.`dsc_region_warehouse` as rw1 left join `paipai`.`dsc_region_warehouse` as rw2 on rw1.parent_id = rw2.region_id where rw1.regionId = '31' [ RunTime:0.0020s ]
NOTIC: [8] Undefined index: region_id D:\WWW\newpaipai\mobile\app\Modules\Console\Controllers\ViewController.php 第 660 行.
SQL: select province, city, district from `paipai`.`dsc_seller_shopinfo` where ru_id = 0 [ RunTime:0.0010s ]
SQL: select region_id, region_name from `paipai`.`dsc_region_warehouse` where regionId = '31' LIMIT 1 [ RunTime:0.0020s ]
SQL: select parent_id from `paipai`.`dsc_region_warehouse` where regionId = '31' LIMIT 1 [ RunTime:0.0020s ]
SQL: select region_id from `paipai`.`dsc_region_warehouse` where regionId = '383' LIMIT 1 [ RunTime:0.0020s ]
SQL: select region_id, region_name from `paipai`.`dsc_region_warehouse` where regionId = '31' LIMIT 1 [ RunTime:0.0020s ]
SQL: SHOW COLUMNS FROM `dsc_touch_page_view` [ RunTime:0.0078s ]
SQL: SELECT `id` FROM `dsc_touch_page_view` WHERE `ru_id` = 0 AND `type` = 'index' AND `default` = 1 LIMIT 1   [ RunTime:0.0010s ]

[ 2018-09-09T15:09:17+08:00 ] ::1 /newpaipai/mobile/index.php?m=console&c=view
NOTIC: [8] date_default_timezone_set(): Timezone ID '' is invalid D:\WWW\newpaipai\mobile\vendor\Library\Think\Think.class.php 第 106 行.
INFO: [ app_init ] --START--
INFO: Run Behavior\BuildLiteBehavior [ RunTime:0.000000s ]
INFO: [ app_init ] --END-- [ RunTime:0.000000s ]
INFO: [ app_begin ] --START--
INFO: Run Behavior\ReadHtmlCacheBehavior [ RunTime:0.000000s ]
INFO: Run App\Behavior\SaaSServiceBehavior [ RunTime:0.000977s ]
INFO: [ app_begin ] --END-- [ RunTime:0.000977s ]
SQL: SELECT code, value FROM `paipai`.`dsc_shop_config` WHERE parent_id > 0 [ RunTime:0.0029s ]
NOTIC: [2] session_start(): Cannot send session cache limiter - headers already sent D:\WWW\newpaipai\mobile\vendor\Common\functions.php 第 1321 行.
NOTIC: [2] Cannot modify header information - headers already sent D:\WWW\newpaipai\mobile\vendor\Common\functions.php 第 1454 行.
NOTIC: [8] Undefined index: type_city D:\WWW\newpaipai\mobile\app\Modules\Base\Controllers\FrontendController.php 第 208 行.
SQL: select region_id, region_name from `paipai`.`dsc_region` where 1 AND parent_id = '' order by region_id asc limit 0, 1 [ RunTime:0.0020s ]
NOTIC: [8] Undefined index: type_province D:\WWW\newpaipai\mobile\app\Modules\Base\Controllers\FrontendController.php 第 215 行.
SQL: select region_id, region_name from `paipai`.`dsc_region` where 1 AND parent_id = '' order by region_id asc limit 0, 1 [ RunTime:0.0010s ]
NOTIC: [8] Undefined index: type_city D:\WWW\newpaipai\mobile\app\Modules\Base\Controllers\FrontendController.php 第 216 行.
SQL: select r1.parent_id, r2.region_name from `paipai`.`dsc_region` as r1, `paipai`.`dsc_region` as r2  where 1 AND r1.parent_id = r2.region_id AND r1.region_id = '' [ RunTime:0.0010s ]
NOTIC: [8] Undefined index: type_district D:\WWW\newpaipai\mobile\app\Modules\Base\Controllers\FrontendController.php 第 217 行.
SQL: select r1.parent_id, r2.region_name from `paipai`.`dsc_region` as r1, `paipai`.`dsc_region` as r2  where 1 AND r1.parent_id = r2.region_id AND r1.region_id = '' [ RunTime:0.0010s ]
NOTIC: [8] Undefined index: type_province D:\WWW\newpaipai\mobile\app\Modules\Base\Controllers\FrontendController.php 第 218 行.
SQL: select region_id,region_name from `paipai`.`dsc_region_warehouse` where regionId = '31' LIMIT 1 [ RunTime:0.0010s ]
SQL: select province, city, district from `paipai`.`dsc_seller_shopinfo` where ru_id = 0 [ RunTime:0.0010s ]
NOTIC: [2] Cannot modify header information - headers already sent D:\WWW\newpaipai\mobile\vendor\Common\functions.php 第 1462 行.
NOTIC: [2] Cannot modify header information - headers already sent D:\WWW\newpaipai\mobile\vendor\Common\functions.php 第 1462 行.
NOTIC: [2] Cannot modify header information - headers already sent D:\WWW\newpaipai\mobile\vendor\Common\functions.php 第 1462 行.
NOTIC: [2] ltrim(): Invalid '..'-range, no character to the left of '..' D:\WWW\newpaipai\mobile\app\Modules\Base\Controllers\FrontendController.php 第 323 行.
INFO: [ frontend_init ] --START--
SQL: SHOW COLUMNS FROM `dsc_drp_config` [ RunTime:0.0068s ]
SQL: SELECT `value` FROM `dsc_drp_config` WHERE `code` = 'custom_distribution' LIMIT 1   [ RunTime:0.0020s ]
SQL: SHOW COLUMNS FROM `dsc_drp_config` [ RunTime:0.0068s ]
SQL: SELECT `value` FROM `dsc_drp_config` WHERE `code` = 'custom_distributor' LIMIT 1   [ RunTime:0.0020s ]
INFO: Run App\Behavior\ReplaceLangBehavior [ RunTime:0.021484s ]
INFO: [ frontend_init ] --END-- [ RunTime:0.021484s ]
NOTIC: [2] Cannot modify header information - headers already sent D:\WWW\newpaipai\mobile\app\Modules\Console\Controllers\ViewController.php 第 10 行.
NOTIC: [2] Cannot modify header information - headers already sent D:\WWW\newpaipai\mobile\app\Modules\Console\Controllers\ViewController.php 第 11 行.
NOTIC: [2] Cannot modify header information - headers already sent D:\WWW\newpaipai\mobile\app\Modules\Console\Controllers\ViewController.php 第 12 行.
SQL: select country, province, city, district from `paipai`.`dsc_order_info` where user_id = '' order by order_id DESC [ RunTime:0.0020s ]
SQL: select ut.province, ut.city, ut.district from `paipai`.`dsc_users` as u  left join `paipai`.`dsc_users_type` as ut on u.user_id = ut.user_id where u.user_id = '' [ RunTime:0.0010s ]
NOTIC: [8] Undefined index: province D:\WWW\newpaipai\mobile\app\Modules\Console\Controllers\ViewController.php 第 600 行.
NOTIC: [8] Undefined index: province D:\WWW\newpaipai\mobile\app\Modules\Console\Controllers\ViewController.php 第 606 行.
NOTIC: [8] Undefined variable: province_info D:\WWW\newpaipai\mobile\app\Modules\Console\Controllers\ViewController.php 第 612 行.
SQL: select region_name from `paipai`.`dsc_region_warehouse` where regionId = '' [ RunTime:0.0010s ]
NOTIC: [8] Undefined variable: province_info D:\WWW\newpaipai\mobile\app\Modules\Console\Controllers\ViewController.php 第 614 行.
SQL: select region_id from `paipai`.`dsc_region_warehouse` where region_name = '北京仓库' and region_type = '0' [ RunTime:0.0010s ]
NOTIC: [8] Undefined index: city D:\WWW\newpaipai\mobile\app\Modules\Console\Controllers\ViewController.php 第 619 行.
NOTIC: [8] Undefined variable: city_info D:\WWW\newpaipai\mobile\app\Modules\Console\Controllers\ViewController.php 第 624 行.
NOTIC: [8] Undefined index: district D:\WWW\newpaipai\mobile\app\Modules\Console\Controllers\ViewController.php 第 627 行.
NOTIC: [8] Undefined variable: district_info D:\WWW\newpaipai\mobile\app\Modules\Console\Controllers\ViewController.php 第 632 行.
SQL: select region_id from `paipai`.`dsc_region` where parent_id = '31' [ RunTime:0.0010s ]
SQL: select region_id from `paipai`.`dsc_region` where parent_id = '383' [ RunTime:0.0000s ]
SQL: select rw2.region_id, rw2.region_name from`paipai`.`dsc_region_warehouse` as rw1 left join `paipai`.`dsc_region_warehouse` as rw2 on rw1.parent_id = rw2.region_id where rw1.regionId = '31' [ RunTime:0.0010s ]
NOTIC: [8] Undefined index: region_id D:\WWW\newpaipai\mobile\app\Modules\Console\Controllers\ViewController.php 第 660 行.
NOTIC: [2] Cannot modify header information - headers already sent D:\WWW\newpaipai\mobile\vendor\Common\functions.php 第 1462 行.
NOTIC: [2] Cannot modify header information - headers already sent D:\WWW\newpaipai\mobile\vendor\Common\functions.php 第 1462 行.
SQL: select province, city, district from `paipai`.`dsc_seller_shopinfo` where ru_id = 0 [ RunTime:0.0020s ]
SQL: select region_id, region_name from `paipai`.`dsc_region_warehouse` where regionId = '31' LIMIT 1 [ RunTime:0.0010s ]
SQL: select parent_id from `paipai`.`dsc_region_warehouse` where regionId = '31' LIMIT 1 [ RunTime:0.0010s ]
SQL: select region_id from `paipai`.`dsc_region_warehouse` where regionId = '383' LIMIT 1 [ RunTime:0.0010s ]
NOTIC: [2] Cannot modify header information - headers already sent D:\WWW\newpaipai\mobile\vendor\Common\functions.php 第 1462 行.
SQL: select region_id, region_name from `paipai`.`dsc_region_warehouse` where regionId = '31' LIMIT 1 [ RunTime:0.0010s ]
NOTIC: [2] Cannot modify header information - headers already sent D:\WWW\newpaipai\mobile\vendor\Library\Think\Controller\RestController.class.php 第 178 行.
NOTIC: [2] Cannot modify header information - headers already sent D:\WWW\newpaipai\mobile\vendor\Library\Think\Controller\RestController.class.php 第 180 行.

[ 2018-09-09T15:09:17+08:00 ] ::1 /newpaipai/mobile/index.php?m=console&c=view&a=view
NOTIC: [8] date_default_timezone_set(): Timezone ID '' is invalid D:\WWW\newpaipai\mobile\vendor\Library\Think\Think.class.php 第 106 行.
INFO: [ app_init ] --START--
INFO: Run Behavior\BuildLiteBehavior [ RunTime:0.000000s ]
INFO: [ app_init ] --END-- [ RunTime:0.000000s ]
INFO: [ app_begin ] --START--
INFO: Run Behavior\ReadHtmlCacheBehavior [ RunTime:0.001953s ]
INFO: Run App\Behavior\SaaSServiceBehavior [ RunTime:0.000000s ]
INFO: [ app_begin ] --END-- [ RunTime:0.001953s ]
SQL: SELECT code, value FROM `paipai`.`dsc_shop_config` WHERE parent_id > 0 [ RunTime:0.0020s ]
NOTIC: [8] Undefined index: type_city D:\WWW\newpaipai\mobile\app\Modules\Base\Controllers\FrontendController.php 第 208 行.
SQL: select region_id, region_name from `paipai`.`dsc_region` where 1 AND parent_id = '' order by region_id asc limit 0, 1 [ RunTime:0.0029s ]
NOTIC: [8] Undefined index: type_province D:\WWW\newpaipai\mobile\app\Modules\Base\Controllers\FrontendController.php 第 215 行.
SQL: select region_id, region_name from `paipai`.`dsc_region` where 1 AND parent_id = '' order by region_id asc limit 0, 1 [ RunTime:0.0010s ]
NOTIC: [8] Undefined index: type_city D:\WWW\newpaipai\mobile\app\Modules\Base\Controllers\FrontendController.php 第 216 行.
SQL: select r1.parent_id, r2.region_name from `paipai`.`dsc_region` as r1, `paipai`.`dsc_region` as r2  where 1 AND r1.parent_id = r2.region_id AND r1.region_id = '' [ RunTime:0.0020s ]
NOTIC: [8] Undefined index: type_district D:\WWW\newpaipai\mobile\app\Modules\Base\Controllers\FrontendController.php 第 217 行.
SQL: select r1.parent_id, r2.region_name from `paipai`.`dsc_region` as r1, `paipai`.`dsc_region` as r2  where 1 AND r1.parent_id = r2.region_id AND r1.region_id = '' [ RunTime:0.0020s ]
NOTIC: [8] Undefined index: type_province D:\WWW\newpaipai\mobile\app\Modules\Base\Controllers\FrontendController.php 第 218 行.
SQL: select region_id,region_name from `paipai`.`dsc_region_warehouse` where regionId = '31' LIMIT 1 [ RunTime:0.0010s ]
SQL: select province, city, district from `paipai`.`dsc_seller_shopinfo` where ru_id = 0 [ RunTime:0.0020s ]
NOTIC: [2] ltrim(): Invalid '..'-range, no character to the left of '..' D:\WWW\newpaipai\mobile\app\Modules\Base\Controllers\FrontendController.php 第 323 行.
INFO: [ frontend_init ] --START--
SQL: SHOW COLUMNS FROM `dsc_drp_config` [ RunTime:0.0117s ]
SQL: SELECT `value` FROM `dsc_drp_config` WHERE `code` = 'custom_distribution' LIMIT 1   [ RunTime:0.0020s ]
SQL: SHOW COLUMNS FROM `dsc_drp_config` [ RunTime:0.0088s ]
SQL: SELECT `value` FROM `dsc_drp_config` WHERE `code` = 'custom_distributor' LIMIT 1   [ RunTime:0.0020s ]
INFO: Run App\Behavior\ReplaceLangBehavior [ RunTime:0.030274s ]
INFO: [ frontend_init ] --END-- [ RunTime:0.030274s ]
SQL: select country, province, city, district from `paipai`.`dsc_order_info` where user_id = '' order by order_id DESC [ RunTime:0.0029s ]
SQL: select ut.province, ut.city, ut.district from `paipai`.`dsc_users` as u  left join `paipai`.`dsc_users_type` as ut on u.user_id = ut.user_id where u.user_id = '' [ RunTime:0.0010s ]
NOTIC: [8] Undefined index: province D:\WWW\newpaipai\mobile\app\Modules\Console\Controllers\ViewController.php 第 600 行.
NOTIC: [8] Undefined index: province D:\WWW\newpaipai\mobile\app\Modules\Console\Controllers\ViewController.php 第 606 行.
NOTIC: [8] Undefined variable: province_info D:\WWW\newpaipai\mobile\app\Modules\Console\Controllers\ViewController.php 第 612 行.
SQL: select region_name from `paipai`.`dsc_region_warehouse` where regionId = '' [ RunTime:0.0010s ]
NOTIC: [8] Undefined variable: province_info D:\WWW\newpaipai\mobile\app\Modules\Console\Controllers\ViewController.php 第 614 行.
SQL: select region_id from `paipai`.`dsc_region_warehouse` where region_name = '北京仓库' and region_type = '0' [ RunTime:0.0020s ]
NOTIC: [8] Undefined index: city D:\WWW\newpaipai\mobile\app\Modules\Console\Controllers\ViewController.php 第 619 行.
NOTIC: [8] Undefined variable: city_info D:\WWW\newpaipai\mobile\app\Modules\Console\Controllers\ViewController.php 第 624 行.
NOTIC: [8] Undefined index: district D:\WWW\newpaipai\mobile\app\Modules\Console\Controllers\ViewController.php 第 627 行.
NOTIC: [8] Undefined variable: district_info D:\WWW\newpaipai\mobile\app\Modules\Console\Controllers\ViewController.php 第 632 行.
SQL: select region_id from `paipai`.`dsc_region` where parent_id = '31' [ RunTime:0.0010s ]
SQL: select region_id from `paipai`.`dsc_region` where parent_id = '383' [ RunTime:0.0010s ]
SQL: select rw2.region_id, rw2.region_name from`paipai`.`dsc_region_warehouse` as rw1 left join `paipai`.`dsc_region_warehouse` as rw2 on rw1.parent_id = rw2.region_id where rw1.regionId = '31' [ RunTime:0.0010s ]
NOTIC: [8] Undefined index: region_id D:\WWW\newpaipai\mobile\app\Modules\Console\Controllers\ViewController.php 第 660 行.
SQL: select province, city, district from `paipai`.`dsc_seller_shopinfo` where ru_id = 0 [ RunTime:0.0010s ]
SQL: select region_id, region_name from `paipai`.`dsc_region_warehouse` where regionId = '31' LIMIT 1 [ RunTime:0.0010s ]
SQL: select parent_id from `paipai`.`dsc_region_warehouse` where regionId = '31' LIMIT 1 [ RunTime:0.0020s ]
SQL: select region_id from `paipai`.`dsc_region_warehouse` where regionId = '383' LIMIT 1 [ RunTime:0.0010s ]
SQL: select region_id, region_name from `paipai`.`dsc_region_warehouse` where regionId = '31' LIMIT 1 [ RunTime:0.0020s ]
SQL: SHOW COLUMNS FROM `dsc_touch_page_view` [ RunTime:0.0078s ]
SQL: SELECT `type`,`title`,`thumb_pic`,`data`,`default` FROM `dsc_touch_page_view` WHERE `id` = 3 LIMIT 1   [ RunTime:0.0020s ]
NOTIC: [2] ltrim(): Invalid '..'-range, no character to the left of '..' D:\WWW\newpaipai\mobile\app\Modules\Console\Controllers\ViewController.php 第 521 行.
NOTIC: [2] file_get_contents(D:/WWW/newpaipai/mobile/storage/framework/92e1af/Data//navigation.php): failed to open stream: No such file or directory D:\WWW\newpaipai\mobile\app\Modules\Console\Controllers\ViewController.php 第 522 行.

[ 2018-09-09T15:09:19+08:00 ] ::1 /newpaipai/mobile/index.php?m=console&c=view&a=product
NOTIC: [8] date_default_timezone_set(): Timezone ID '' is invalid D:\WWW\newpaipai\mobile\vendor\Library\Think\Think.class.php 第 106 行.
INFO: [ app_init ] --START--
INFO: Run Behavior\BuildLiteBehavior [ RunTime:0.000000s ]
INFO: [ app_init ] --END-- [ RunTime:0.000000s ]
INFO: [ app_begin ] --START--
INFO: Run Behavior\ReadHtmlCacheBehavior [ RunTime:0.000977s ]
INFO: Run App\Behavior\SaaSServiceBehavior [ RunTime:0.000976s ]
INFO: [ app_begin ] --END-- [ RunTime:0.001953s ]
SQL: SELECT code, value FROM `paipai`.`dsc_shop_config` WHERE parent_id > 0 [ RunTime:0.0029s ]
NOTIC: [8] Undefined index: type_city D:\WWW\newpaipai\mobile\app\Modules\Base\Controllers\FrontendController.php 第 208 行.
SQL: select region_id, region_name from `paipai`.`dsc_region` where 1 AND parent_id = '' order by region_id asc limit 0, 1 [ RunTime:0.0029s ]
NOTIC: [8] Undefined index: type_province D:\WWW\newpaipai\mobile\app\Modules\Base\Controllers\FrontendController.php 第 215 行.
SQL: select region_id, region_name from `paipai`.`dsc_region` where 1 AND parent_id = '' order by region_id asc limit 0, 1 [ RunTime:0.0010s ]
NOTIC: [8] Undefined index: type_city D:\WWW\newpaipai\mobile\app\Modules\Base\Controllers\FrontendController.php 第 216 行.
SQL: select r1.parent_id, r2.region_name from `paipai`.`dsc_region` as r1, `paipai`.`dsc_region` as r2  where 1 AND r1.parent_id = r2.region_id AND r1.region_id = '' [ RunTime:0.0010s ]
NOTIC: [8] Undefined index: type_district D:\WWW\newpaipai\mobile\app\Modules\Base\Controllers\FrontendController.php 第 217 行.
SQL: select r1.parent_id, r2.region_name from `paipai`.`dsc_region` as r1, `paipai`.`dsc_region` as r2  where 1 AND r1.parent_id = r2.region_id AND r1.region_id = '' [ RunTime:0.0010s ]
NOTIC: [8] Undefined index: type_province D:\WWW\newpaipai\mobile\app\Modules\Base\Controllers\FrontendController.php 第 218 行.
SQL: select region_id,region_name from `paipai`.`dsc_region_warehouse` where regionId = '31' LIMIT 1 [ RunTime:0.0010s ]
SQL: select province, city, district from `paipai`.`dsc_seller_shopinfo` where ru_id = 0 [ RunTime:0.0010s ]
NOTIC: [2] ltrim(): Invalid '..'-range, no character to the left of '..' D:\WWW\newpaipai\mobile\app\Modules\Base\Controllers\FrontendController.php 第 323 行.
INFO: [ frontend_init ] --START--
SQL: SHOW COLUMNS FROM `dsc_drp_config` [ RunTime:0.0078s ]
SQL: SELECT `value` FROM `dsc_drp_config` WHERE `code` = 'custom_distribution' LIMIT 1   [ RunTime:0.0010s ]
SQL: SHOW COLUMNS FROM `dsc_drp_config` [ RunTime:0.0068s ]
SQL: SELECT `value` FROM `dsc_drp_config` WHERE `code` = 'custom_distributor' LIMIT 1   [ RunTime:0.0020s ]
INFO: Run App\Behavior\ReplaceLangBehavior [ RunTime:0.022461s ]
INFO: [ frontend_init ] --END-- [ RunTime:0.022461s ]
SQL: select country, province, city, district from `paipai`.`dsc_order_info` where user_id = '' order by order_id DESC [ RunTime:0.0029s ]
SQL: select ut.province, ut.city, ut.district from `paipai`.`dsc_users` as u  left join `paipai`.`dsc_users_type` as ut on u.user_id = ut.user_id where u.user_id = '' [ RunTime:0.0010s ]
NOTIC: [8] Undefined index: province D:\WWW\newpaipai\mobile\app\Modules\Console\Controllers\ViewController.php 第 600 行.
NOTIC: [8] Undefined index: province D:\WWW\newpaipai\mobile\app\Modules\Console\Controllers\ViewController.php 第 606 行.
NOTIC: [8] Undefined variable: province_info D:\WWW\newpaipai\mobile\app\Modules\Console\Controllers\ViewController.php 第 612 行.
SQL: select region_name from `paipai`.`dsc_region_warehouse` where regionId = '' [ RunTime:0.0010s ]
NOTIC: [8] Undefined variable: province_info D:\WWW\newpaipai\mobile\app\Modules\Console\Controllers\ViewController.php 第 614 行.
SQL: select region_id from `paipai`.`dsc_region_warehouse` where region_name = '北京仓库' and region_type = '0' [ RunTime:0.0020s ]
NOTIC: [8] Undefined index: city D:\WWW\newpaipai\mobile\app\Modules\Console\Controllers\ViewController.php 第 619 行.
NOTIC: [8] Undefined variable: city_info D:\WWW\newpaipai\mobile\app\Modules\Console\Controllers\ViewController.php 第 624 行.
NOTIC: [8] Undefined index: district D:\WWW\newpaipai\mobile\app\Modules\Console\Controllers\ViewController.php 第 627 行.
NOTIC: [8] Undefined variable: district_info D:\WWW\newpaipai\mobile\app\Modules\Console\Controllers\ViewController.php 第 632 行.
SQL: select region_id from `paipai`.`dsc_region` where parent_id = '31' [ RunTime:0.0010s ]
SQL: select region_id from `paipai`.`dsc_region` where parent_id = '383' [ RunTime:0.0020s ]
SQL: select rw2.region_id, rw2.region_name from`paipai`.`dsc_region_warehouse` as rw1 left join `paipai`.`dsc_region_warehouse` as rw2 on rw1.parent_id = rw2.region_id where rw1.regionId = '31' [ RunTime:0.0010s ]
NOTIC: [8] Undefined index: region_id D:\WWW\newpaipai\mobile\app\Modules\Console\Controllers\ViewController.php 第 660 行.
SQL: select province, city, district from `paipai`.`dsc_seller_shopinfo` where ru_id = 0 [ RunTime:0.0010s ]
SQL: select region_id, region_name from `paipai`.`dsc_region_warehouse` where regionId = '31' LIMIT 1 [ RunTime:0.0010s ]
SQL: select parent_id from `paipai`.`dsc_region_warehouse` where regionId = '31' LIMIT 1 [ RunTime:0.0010s ]
SQL: select region_id from `paipai`.`dsc_region_warehouse` where regionId = '383' LIMIT 1 [ RunTime:0.0020s ]
SQL: select region_id, region_name from `paipai`.`dsc_region_warehouse` where regionId = '31' LIMIT 1 [ RunTime:0.0010s ]
SQL: SELECT goods_id FROM `paipai`.`dsc_goods_cat` AS g WHERE 0 [ RunTime:0.0010s ]
NOTIC: [8] Undefined variable: where_area D:\WWW\newpaipai\mobile\app\Modules\Console\Helpers\function_helper.php 第 58 行.
SQL: SELECT g.goods_id, g.user_id, g.goods_name, wg.warehouse_price, wg.warehouse_promote_price, wag.region_price, wag.region_promote_price, g.model_price, g.model_attr,  g.goods_name_style, g.comments_number,g.sales_volume,g.market_price, g.is_new, g.is_best, g.is_hot,g.model_attr, IF(g.model_price < 1, g.goods_number, IF(g.model_price < 2, wg.region_number, wag.region_number)) AS goods_number, (SELECT IF((iw.goods_number + iw.user_number + iw.goods_comment_number + iw.merchants_comment_number + iw.user_attention_number) > iw.return_number, (iw.goods_number + iw.user_number + iw.goods_comment_number + iw.merchants_comment_number + iw.user_attention_number - iw.return_number), 0)  AS goods_sort FROM `paipai`.`dsc_intelligent_weight` AS iw WHERE iw.goods_id = g.goods_id LIMIT 1) AS goods_sort,  IF(g.model_price < 1, g.shop_price, IF(g.model_price < 2, wg.warehouse_price, wag.region_price)) AS org_price, g.model_price, IFNULL(IFNULL(mp.user_price, IF(g.model_price < 1, g.shop_price, IF(g.model_price < 2, wg.warehouse_price, wag.region_price)) * '1'), g.shop_price * '1')  AS shop_price, IFNULL(IF(g.model_price < 1, g.promote_price, IF(g.model_price < 2, wg.warehouse_promote_price, wag.region_promote_price)), g.promote_price) AS promote_price, g.goods_type, g.promote_start_date, g.promote_end_date, g.is_promote, g.goods_brief, g.goods_thumb , g.goods_img, msi.self_run , g.product_price, g.product_promote_price  FROM `paipai`.`dsc_goods` AS g  left join `paipai`.`dsc_warehouse_goods` as wg on g.goods_id = wg.goods_id and wg.region_id = '2'  left join `paipai`.`dsc_warehouse_area_goods` as wag on g.goods_id = wag.goods_id and wag.region_id = '24'  LEFT JOIN `paipai`.`dsc_merchants_shop_information` as msi on msi.user_id = g.user_id  LEFT JOIN `paipai`.`dsc_seller_shopinfo` as ssi on ssi.ru_id = g.user_id LEFT JOIN `paipai`.`dsc_member_price` AS mp ON mp.goods_id = g.goods_id  AND mp.user_rank = '0' WHERE g.is_on_sale = 1 AND g.is_alone_sale = 1 AND g.is_delete = 0 AND ssi.shop_close = 1 AND  g.is_hot = '1'   ORDER BY g.last_update LIMIT 8 [ RunTime:0.0068s ]
NOTIC: [8] Undefined index: goods_price D:\WWW\newpaipai\mobile\app\Helpers\ecmoban_helper.php 第 200 行.
NOTIC: [8] Undefined index: discount D:\WWW\newpaipai\mobile\app\Modules\Console\Helpers\function_helper.php 第 142 行.
SQL: SELECT COUNT(*) FROM `paipai`.`dsc_comment` where id_value ='948' AND status = 1 AND parent_id = 0 [ RunTime:0.0029s ]
NOTIC: [8] Undefined index: is_shipping D:\WWW\newpaipai\mobile\app\Modules\Console\Helpers\function_helper.php 第 159 行.
SQL: SELECT * FROM `paipai`.`dsc_products` WHERE goods_id = '948' LIMIT 0, 1 [ RunTime:0.0039s ]
SQL: select * from `paipai`.`dsc_seller_shopinfo` where ru_id='0' [ RunTime:0.0020s ]
NOTIC: [8] Undefined index: rz_shopName D:\WWW\newpaipai\mobile\app\Modules\Console\Helpers\function_helper.php 第 188 行.
SQL: select count(og.goods_number) as count from `paipai`.`dsc_order_goods` as og , `paipai`.`dsc_goods` as g , `paipai`.`dsc_order_info` as oi  where og.goods_id = g.goods_id and og.goods_id ='948' AND og.order_id = oi.order_id AND (oi.order_status = '1' OR oi.order_status = '5') AND (oi.pay_status = '2' OR oi.pay_status = '1') AND (oi.shipping_status = '1' OR oi.shipping_status = '2') group by g.goods_id [ RunTime:0.0020s ]
NOTIC: [8] Undefined index: goods_price D:\WWW\newpaipai\mobile\app\Helpers\ecmoban_helper.php 第 200 行.
NOTIC: [8] Undefined index: discount D:\WWW\newpaipai\mobile\app\Modules\Console\Helpers\function_helper.php 第 142 行.
SQL: SELECT COUNT(*) FROM `paipai`.`dsc_comment` where id_value ='1019' AND status = 1 AND parent_id = 0 [ RunTime:0.0010s ]
NOTIC: [8] Undefined index: is_shipping D:\WWW\newpaipai\mobile\app\Modules\Console\Helpers\function_helper.php 第 159 行.
SQL: SELECT * FROM `paipai`.`dsc_products` WHERE goods_id = '1019' LIMIT 0, 1 [ RunTime:0.0010s ]
SQL: select * from `paipai`.`dsc_seller_shopinfo` where ru_id='0' [ RunTime:0.0020s ]
NOTIC: [8] Undefined index: rz_shopName D:\WWW\newpaipai\mobile\app\Modules\Console\Helpers\function_helper.php 第 188 行.
SQL: select count(og.goods_number) as count from `paipai`.`dsc_order_goods` as og , `paipai`.`dsc_goods` as g , `paipai`.`dsc_order_info` as oi  where og.goods_id = g.goods_id and og.goods_id ='1019' AND og.order_id = oi.order_id AND (oi.order_status = '1' OR oi.order_status = '5') AND (oi.pay_status = '2' OR oi.pay_status = '1') AND (oi.shipping_status = '1' OR oi.shipping_status = '2') group by g.goods_id [ RunTime:0.0010s ]
NOTIC: [8] Undefined index: goods_price D:\WWW\newpaipai\mobile\app\Helpers\ecmoban_helper.php 第 200 行.
NOTIC: [8] Undefined index: discount D:\WWW\newpaipai\mobile\app\Modules\Console\Helpers\function_helper.php 第 142 行.
SQL: SELECT COUNT(*) FROM `paipai`.`dsc_comment` where id_value ='1018' AND status = 1 AND parent_id = 0 [ RunTime:0.0010s ]
NOTIC: [8] Undefined index: is_shipping D:\WWW\newpaipai\mobile\app\Modules\Console\Helpers\function_helper.php 第 159 行.
SQL: SELECT * FROM `paipai`.`dsc_products` WHERE goods_id = '1018' LIMIT 0, 1 [ RunTime:0.0020s ]
SQL: select * from `paipai`.`dsc_seller_shopinfo` where ru_id='0' [ RunTime:0.0020s ]
NOTIC: [8] Undefined index: rz_shopName D:\WWW\newpaipai\mobile\app\Modules\Console\Helpers\function_helper.php 第 188 行.
SQL: select count(og.goods_number) as count from `paipai`.`dsc_order_goods` as og , `paipai`.`dsc_goods` as g , `paipai`.`dsc_order_info` as oi  where og.goods_id = g.goods_id and og.goods_id ='1018' AND og.order_id = oi.order_id AND (oi.order_status = '1' OR oi.order_status = '5') AND (oi.pay_status = '2' OR oi.pay_status = '1') AND (oi.shipping_status = '1' OR oi.shipping_status = '2') group by g.goods_id [ RunTime:0.0020s ]
NOTIC: [8] Undefined index: goods_price D:\WWW\newpaipai\mobile\app\Helpers\ecmoban_helper.php 第 200 行.
NOTIC: [8] Undefined index: discount D:\WWW\newpaipai\mobile\app\Modules\Console\Helpers\function_helper.php 第 142 行.
SQL: SELECT COUNT(*) FROM `paipai`.`dsc_comment` where id_value ='1015' AND status = 1 AND parent_id = 0 [ RunTime:0.0010s ]
NOTIC: [8] Undefined index: is_shipping D:\WWW\newpaipai\mobile\app\Modules\Console\Helpers\function_helper.php 第 159 行.
SQL: SELECT * FROM `paipai`.`dsc_products` WHERE goods_id = '1015' LIMIT 0, 1 [ RunTime:0.0010s ]
SQL: select * from `paipai`.`dsc_seller_shopinfo` where ru_id='0' [ RunTime:0.0010s ]
NOTIC: [8] Undefined index: rz_shopName D:\WWW\newpaipai\mobile\app\Modules\Console\Helpers\function_helper.php 第 188 行.
SQL: select count(og.goods_number) as count from `paipai`.`dsc_order_goods` as og , `paipai`.`dsc_goods` as g , `paipai`.`dsc_order_info` as oi  where og.goods_id = g.goods_id and og.goods_id ='1015' AND og.order_id = oi.order_id AND (oi.order_status = '1' OR oi.order_status = '5') AND (oi.pay_status = '2' OR oi.pay_status = '1') AND (oi.shipping_status = '1' OR oi.shipping_status = '2') group by g.goods_id [ RunTime:0.0029s ]
NOTIC: [8] Undefined index: goods_price D:\WWW\newpaipai\mobile\app\Helpers\ecmoban_helper.php 第 200 行.
NOTIC: [8] Undefined index: discount D:\WWW\newpaipai\mobile\app\Modules\Console\Helpers\function_helper.php 第 142 行.
SQL: SELECT COUNT(*) FROM `paipai`.`dsc_comment` where id_value ='1011' AND status = 1 AND parent_id = 0 [ RunTime:0.0029s ]
NOTIC: [8] Undefined index: is_shipping D:\WWW\newpaipai\mobile\app\Modules\Console\Helpers\function_helper.php 第 159 行.
SQL: SELECT * FROM `paipai`.`dsc_products` WHERE goods_id = '1011' LIMIT 0, 1 [ RunTime:0.0029s ]
SQL: select * from `paipai`.`dsc_seller_shopinfo` where ru_id='0' [ RunTime:0.0020s ]
NOTIC: [8] Undefined index: rz_shopName D:\WWW\newpaipai\mobile\app\Modules\Console\Helpers\function_helper.php 第 188 行.
SQL: select count(og.goods_number) as count from `paipai`.`dsc_order_goods` as og , `paipai`.`dsc_goods` as g , `paipai`.`dsc_order_info` as oi  where og.goods_id = g.goods_id and og.goods_id ='1011' AND og.order_id = oi.order_id AND (oi.order_status = '1' OR oi.order_status = '5') AND (oi.pay_status = '2' OR oi.pay_status = '1') AND (oi.shipping_status = '1' OR oi.shipping_status = '2') group by g.goods_id [ RunTime:0.0020s ]
NOTIC: [8] Undefined index: goods_price D:\WWW\newpaipai\mobile\app\Helpers\ecmoban_helper.php 第 200 行.
NOTIC: [8] Undefined index: discount D:\WWW\newpaipai\mobile\app\Modules\Console\Helpers\function_helper.php 第 142 行.
SQL: SELECT COUNT(*) FROM `paipai`.`dsc_comment` where id_value ='1005' AND status = 1 AND parent_id = 0 [ RunTime:0.0010s ]
NOTIC: [8] Undefined index: is_shipping D:\WWW\newpaipai\mobile\app\Modules\Console\Helpers\function_helper.php 第 159 行.
SQL: SELECT * FROM `paipai`.`dsc_products` WHERE goods_id = '1005' LIMIT 0, 1 [ RunTime:0.0010s ]
SQL: select * from `paipai`.`dsc_seller_shopinfo` where ru_id='0' [ RunTime:0.0020s ]
NOTIC: [8] Undefined index: rz_shopName D:\WWW\newpaipai\mobile\app\Modules\Console\Helpers\function_helper.php 第 188 行.
SQL: select count(og.goods_number) as count from `paipai`.`dsc_order_goods` as og , `paipai`.`dsc_goods` as g , `paipai`.`dsc_order_info` as oi  where og.goods_id = g.goods_id and og.goods_id ='1005' AND og.order_id = oi.order_id AND (oi.order_status = '1' OR oi.order_status = '5') AND (oi.pay_status = '2' OR oi.pay_status = '1') AND (oi.shipping_status = '1' OR oi.shipping_status = '2') group by g.goods_id [ RunTime:0.0020s ]
NOTIC: [8] Undefined index: goods_price D:\WWW\newpaipai\mobile\app\Helpers\ecmoban_helper.php 第 200 行.
NOTIC: [8] Undefined index: discount D:\WWW\newpaipai\mobile\app\Modules\Console\Helpers\function_helper.php 第 142 行.
SQL: SELECT COUNT(*) FROM `paipai`.`dsc_comment` where id_value ='1001' AND status = 1 AND parent_id = 0 [ RunTime:0.0010s ]
NOTIC: [8] Undefined index: is_shipping D:\WWW\newpaipai\mobile\app\Modules\Console\Helpers\function_helper.php 第 159 行.
SQL: SELECT * FROM `paipai`.`dsc_products` WHERE goods_id = '1001' LIMIT 0, 1 [ RunTime:0.0010s ]
SQL: select * from `paipai`.`dsc_seller_shopinfo` where ru_id='0' [ RunTime:0.0010s ]
NOTIC: [8] Undefined index: rz_shopName D:\WWW\newpaipai\mobile\app\Modules\Console\Helpers\function_helper.php 第 188 行.
SQL: select count(og.goods_number) as count from `paipai`.`dsc_order_goods` as og , `paipai`.`dsc_goods` as g , `paipai`.`dsc_order_info` as oi  where og.goods_id = g.goods_id and og.goods_id ='1001' AND og.order_id = oi.order_id AND (oi.order_status = '1' OR oi.order_status = '5') AND (oi.pay_status = '2' OR oi.pay_status = '1') AND (oi.shipping_status = '1' OR oi.shipping_status = '2') group by g.goods_id [ RunTime:0.0010s ]
NOTIC: [8] Undefined index: goods_price D:\WWW\newpaipai\mobile\app\Helpers\ecmoban_helper.php 第 200 行.
NOTIC: [8] Undefined index: discount D:\WWW\newpaipai\mobile\app\Modules\Console\Helpers\function_helper.php 第 142 行.
SQL: SELECT COUNT(*) FROM `paipai`.`dsc_comment` where id_value ='986' AND status = 1 AND parent_id = 0 [ RunTime:0.0020s ]
NOTIC: [8] Undefined index: is_shipping D:\WWW\newpaipai\mobile\app\Modules\Console\Helpers\function_helper.php 第 159 行.
SQL: SELECT * FROM `paipai`.`dsc_products` WHERE goods_id = '986' LIMIT 0, 1 [ RunTime:0.0039s ]
SQL: select * from `paipai`.`dsc_seller_shopinfo` where ru_id='0' [ RunTime:0.0020s ]
NOTIC: [8] Undefined index: rz_shopName D:\WWW\newpaipai\mobile\app\Modules\Console\Helpers\function_helper.php 第 188 行.
SQL: select count(og.goods_number) as count from `paipai`.`dsc_order_goods` as og , `paipai`.`dsc_goods` as g , `paipai`.`dsc_order_info` as oi  where og.goods_id = g.goods_id and og.goods_id ='986' AND og.order_id = oi.order_id AND (oi.order_status = '1' OR oi.order_status = '5') AND (oi.pay_status = '2' OR oi.pay_status = '1') AND (oi.shipping_status = '1' OR oi.shipping_status = '2') group by g.goods_id [ RunTime:0.0020s ]

[ 2018-09-09T15:09:27+08:00 ] ::1 /newpaipai/mobile/index.php?m=console&c=view
NOTIC: [8] date_default_timezone_set(): Timezone ID '' is invalid D:\WWW\newpaipai\mobile\vendor\Library\Think\Think.class.php 第 106 行.
INFO: [ app_init ] --START--
INFO: Run Behavior\BuildLiteBehavior [ RunTime:0.000000s ]
INFO: [ app_init ] --END-- [ RunTime:0.000000s ]
INFO: [ app_begin ] --START--
INFO: Run Behavior\ReadHtmlCacheBehavior [ RunTime:0.000976s ]
INFO: Run App\Behavior\SaaSServiceBehavior [ RunTime:0.000977s ]
INFO: [ app_begin ] --END-- [ RunTime:0.001953s ]
SQL: SELECT code, value FROM `paipai`.`dsc_shop_config` WHERE parent_id > 0 [ RunTime:0.0029s ]
NOTIC: [2] session_start(): Cannot send session cache limiter - headers already sent D:\WWW\newpaipai\mobile\vendor\Common\functions.php 第 1321 行.
NOTIC: [2] Cannot modify header information - headers already sent D:\WWW\newpaipai\mobile\vendor\Common\functions.php 第 1454 行.
NOTIC: [8] Undefined index: type_city D:\WWW\newpaipai\mobile\app\Modules\Base\Controllers\FrontendController.php 第 208 行.
SQL: select region_id, region_name from `paipai`.`dsc_region` where 1 AND parent_id = '' order by region_id asc limit 0, 1 [ RunTime:0.0029s ]
NOTIC: [8] Undefined index: type_province D:\WWW\newpaipai\mobile\app\Modules\Base\Controllers\FrontendController.php 第 215 行.
SQL: select region_id, region_name from `paipai`.`dsc_region` where 1 AND parent_id = '' order by region_id asc limit 0, 1 [ RunTime:0.0010s ]
NOTIC: [8] Undefined index: type_city D:\WWW\newpaipai\mobile\app\Modules\Base\Controllers\FrontendController.php 第 216 行.
SQL: select r1.parent_id, r2.region_name from `paipai`.`dsc_region` as r1, `paipai`.`dsc_region` as r2  where 1 AND r1.parent_id = r2.region_id AND r1.region_id = '' [ RunTime:0.0010s ]
NOTIC: [8] Undefined index: type_district D:\WWW\newpaipai\mobile\app\Modules\Base\Controllers\FrontendController.php 第 217 行.
SQL: select r1.parent_id, r2.region_name from `paipai`.`dsc_region` as r1, `paipai`.`dsc_region` as r2  where 1 AND r1.parent_id = r2.region_id AND r1.region_id = '' [ RunTime:0.0010s ]
NOTIC: [8] Undefined index: type_province D:\WWW\newpaipai\mobile\app\Modules\Base\Controllers\FrontendController.php 第 218 行.
SQL: select region_id,region_name from `paipai`.`dsc_region_warehouse` where regionId = '31' LIMIT 1 [ RunTime:0.0010s ]
SQL: select province, city, district from `paipai`.`dsc_seller_shopinfo` where ru_id = 0 [ RunTime:0.0010s ]
NOTIC: [2] Cannot modify header information - headers already sent D:\WWW\newpaipai\mobile\vendor\Common\functions.php 第 1462 行.
NOTIC: [2] Cannot modify header information - headers already sent D:\WWW\newpaipai\mobile\vendor\Common\functions.php 第 1462 行.
NOTIC: [2] Cannot modify header information - headers already sent D:\WWW\newpaipai\mobile\vendor\Common\functions.php 第 1462 行.
NOTIC: [2] ltrim(): Invalid '..'-range, no character to the left of '..' D:\WWW\newpaipai\mobile\app\Modules\Base\Controllers\FrontendController.php 第 323 行.
INFO: [ frontend_init ] --START--
SQL: SHOW COLUMNS FROM `dsc_drp_config` [ RunTime:0.0068s ]
SQL: SELECT `value` FROM `dsc_drp_config` WHERE `code` = 'custom_distribution' LIMIT 1   [ RunTime:0.0010s ]
SQL: SHOW COLUMNS FROM `dsc_drp_config` [ RunTime:0.0068s ]
SQL: SELECT `value` FROM `dsc_drp_config` WHERE `code` = 'custom_distributor' LIMIT 1   [ RunTime:0.0010s ]
INFO: Run App\Behavior\ReplaceLangBehavior [ RunTime:0.021485s ]
INFO: [ frontend_init ] --END-- [ RunTime:0.021485s ]
NOTIC: [2] Cannot modify header information - headers already sent D:\WWW\newpaipai\mobile\app\Modules\Console\Controllers\ViewController.php 第 10 行.
NOTIC: [2] Cannot modify header information - headers already sent D:\WWW\newpaipai\mobile\app\Modules\Console\Controllers\ViewController.php 第 11 行.
NOTIC: [2] Cannot modify header information - headers already sent D:\WWW\newpaipai\mobile\app\Modules\Console\Controllers\ViewController.php 第 12 行.
SQL: select country, province, city, district from `paipai`.`dsc_order_info` where user_id = '' order by order_id DESC [ RunTime:0.0010s ]
SQL: select ut.province, ut.city, ut.district from `paipai`.`dsc_users` as u  left join `paipai`.`dsc_users_type` as ut on u.user_id = ut.user_id where u.user_id = '' [ RunTime:0.0010s ]
NOTIC: [8] Undefined index: province D:\WWW\newpaipai\mobile\app\Modules\Console\Controllers\ViewController.php 第 600 行.
NOTIC: [8] Undefined index: province D:\WWW\newpaipai\mobile\app\Modules\Console\Controllers\ViewController.php 第 606 行.
NOTIC: [8] Undefined variable: province_info D:\WWW\newpaipai\mobile\app\Modules\Console\Controllers\ViewController.php 第 612 行.
SQL: select region_name from `paipai`.`dsc_region_warehouse` where regionId = '' [ RunTime:0.0010s ]
NOTIC: [8] Undefined variable: province_info D:\WWW\newpaipai\mobile\app\Modules\Console\Controllers\ViewController.php 第 614 行.
SQL: select region_id from `paipai`.`dsc_region_warehouse` where region_name = '北京仓库' and region_type = '0' [ RunTime:0.0010s ]
NOTIC: [8] Undefined index: city D:\WWW\newpaipai\mobile\app\Modules\Console\Controllers\ViewController.php 第 619 行.
NOTIC: [8] Undefined variable: city_info D:\WWW\newpaipai\mobile\app\Modules\Console\Controllers\ViewController.php 第 624 行.
NOTIC: [8] Undefined index: district D:\WWW\newpaipai\mobile\app\Modules\Console\Controllers\ViewController.php 第 627 行.
NOTIC: [8] Undefined variable: district_info D:\WWW\newpaipai\mobile\app\Modules\Console\Controllers\ViewController.php 第 632 行.
SQL: select region_id from `paipai`.`dsc_region` where parent_id = '31' [ RunTime:0.0010s ]
SQL: select region_id from `paipai`.`dsc_region` where parent_id = '383' [ RunTime:0.0020s ]
SQL: select rw2.region_id, rw2.region_name from`paipai`.`dsc_region_warehouse` as rw1 left join `paipai`.`dsc_region_warehouse` as rw2 on rw1.parent_id = rw2.region_id where rw1.regionId = '31' [ RunTime:0.0010s ]
NOTIC: [8] Undefined index: region_id D:\WWW\newpaipai\mobile\app\Modules\Console\Controllers\ViewController.php 第 660 行.
NOTIC: [2] Cannot modify header information - headers already sent D:\WWW\newpaipai\mobile\vendor\Common\functions.php 第 1462 行.
NOTIC: [2] Cannot modify header information - headers already sent D:\WWW\newpaipai\mobile\vendor\Common\functions.php 第 1462 行.
SQL: select province, city, district from `paipai`.`dsc_seller_shopinfo` where ru_id = 0 [ RunTime:0.0020s ]
SQL: select region_id, region_name from `paipai`.`dsc_region_warehouse` where regionId = '31' LIMIT 1 [ RunTime:0.0010s ]
SQL: select parent_id from `paipai`.`dsc_region_warehouse` where regionId = '31' LIMIT 1 [ RunTime:0.0010s ]
SQL: select region_id from `paipai`.`dsc_region_warehouse` where regionId = '383' LIMIT 1 [ RunTime:0.0010s ]
NOTIC: [2] Cannot modify header information - headers already sent D:\WWW\newpaipai\mobile\vendor\Common\functions.php 第 1462 行.
SQL: select region_id, region_name from `paipai`.`dsc_region_warehouse` where regionId = '31' LIMIT 1 [ RunTime:0.0010s ]
NOTIC: [2] Cannot modify header information - headers already sent D:\WWW\newpaipai\mobile\vendor\Library\Think\Controller\RestController.class.php 第 178 行.
NOTIC: [2] Cannot modify header information - headers already sent D:\WWW\newpaipai\mobile\vendor\Library\Think\Controller\RestController.class.php 第 180 行.

[ 2018-09-09T15:09:27+08:00 ] ::1 /newpaipai/mobile/index.php?m=console&c=view&a=default
NOTIC: [8] date_default_timezone_set(): Timezone ID '' is invalid D:\WWW\newpaipai\mobile\vendor\Library\Think\Think.class.php 第 106 行.
INFO: [ app_init ] --START--
INFO: Run Behavior\BuildLiteBehavior [ RunTime:0.000000s ]
INFO: [ app_init ] --END-- [ RunTime:0.000000s ]
INFO: [ app_begin ] --START--
INFO: Run Behavior\ReadHtmlCacheBehavior [ RunTime:0.000977s ]
INFO: Run App\Behavior\SaaSServiceBehavior [ RunTime:0.000976s ]
INFO: [ app_begin ] --END-- [ RunTime:0.001953s ]
SQL: SELECT code, value FROM `paipai`.`dsc_shop_config` WHERE parent_id > 0 [ RunTime:0.0020s ]
NOTIC: [8] Undefined index: type_city D:\WWW\newpaipai\mobile\app\Modules\Base\Controllers\FrontendController.php 第 208 行.
SQL: select region_id, region_name from `paipai`.`dsc_region` where 1 AND parent_id = '' order by region_id asc limit 0, 1 [ RunTime:0.0010s ]
NOTIC: [8] Undefined index: type_province D:\WWW\newpaipai\mobile\app\Modules\Base\Controllers\FrontendController.php 第 215 行.
SQL: select region_id, region_name from `paipai`.`dsc_region` where 1 AND parent_id = '' order by region_id asc limit 0, 1 [ RunTime:0.0010s ]
NOTIC: [8] Undefined index: type_city D:\WWW\newpaipai\mobile\app\Modules\Base\Controllers\FrontendController.php 第 216 行.
SQL: select r1.parent_id, r2.region_name from `paipai`.`dsc_region` as r1, `paipai`.`dsc_region` as r2  where 1 AND r1.parent_id = r2.region_id AND r1.region_id = '' [ RunTime:0.0000s ]
NOTIC: [8] Undefined index: type_district D:\WWW\newpaipai\mobile\app\Modules\Base\Controllers\FrontendController.php 第 217 行.
SQL: select r1.parent_id, r2.region_name from `paipai`.`dsc_region` as r1, `paipai`.`dsc_region` as r2  where 1 AND r1.parent_id = r2.region_id AND r1.region_id = '' [ RunTime:0.0010s ]
NOTIC: [8] Undefined index: type_province D:\WWW\newpaipai\mobile\app\Modules\Base\Controllers\FrontendController.php 第 218 行.
SQL: select region_id,region_name from `paipai`.`dsc_region_warehouse` where regionId = '31' LIMIT 1 [ RunTime:0.0000s ]
SQL: select province, city, district from `paipai`.`dsc_seller_shopinfo` where ru_id = 0 [ RunTime:0.0000s ]
NOTIC: [2] ltrim(): Invalid '..'-range, no character to the left of '..' D:\WWW\newpaipai\mobile\app\Modules\Base\Controllers\FrontendController.php 第 323 行.
INFO: [ frontend_init ] --START--
SQL: SHOW COLUMNS FROM `dsc_drp_config` [ RunTime:0.0088s ]
SQL: SELECT `value` FROM `dsc_drp_config` WHERE `code` = 'custom_distribution' LIMIT 1   [ RunTime:0.0010s ]
SQL: SHOW COLUMNS FROM `dsc_drp_config` [ RunTime:0.0068s ]
SQL: SELECT `value` FROM `dsc_drp_config` WHERE `code` = 'custom_distributor' LIMIT 1   [ RunTime:0.0010s ]
INFO: Run App\Behavior\ReplaceLangBehavior [ RunTime:0.021485s ]
INFO: [ frontend_init ] --END-- [ RunTime:0.021485s ]
SQL: select country, province, city, district from `paipai`.`dsc_order_info` where user_id = '' order by order_id DESC [ RunTime:0.0010s ]
SQL: select ut.province, ut.city, ut.district from `paipai`.`dsc_users` as u  left join `paipai`.`dsc_users_type` as ut on u.user_id = ut.user_id where u.user_id = '' [ RunTime:0.0010s ]
NOTIC: [8] Undefined index: province D:\WWW\newpaipai\mobile\app\Modules\Console\Controllers\ViewController.php 第 600 行.
NOTIC: [8] Undefined index: province D:\WWW\newpaipai\mobile\app\Modules\Console\Controllers\ViewController.php 第 606 行.
NOTIC: [8] Undefined variable: province_info D:\WWW\newpaipai\mobile\app\Modules\Console\Controllers\ViewController.php 第 612 行.
SQL: select region_name from `paipai`.`dsc_region_warehouse` where regionId = '' [ RunTime:0.0010s ]
NOTIC: [8] Undefined variable: province_info D:\WWW\newpaipai\mobile\app\Modules\Console\Controllers\ViewController.php 第 614 行.
SQL: select region_id from `paipai`.`dsc_region_warehouse` where region_name = '北京仓库' and region_type = '0' [ RunTime:0.0010s ]
NOTIC: [8] Undefined index: city D:\WWW\newpaipai\mobile\app\Modules\Console\Controllers\ViewController.php 第 619 行.
NOTIC: [8] Undefined variable: city_info D:\WWW\newpaipai\mobile\app\Modules\Console\Controllers\ViewController.php 第 624 行.
NOTIC: [8] Undefined index: district D:\WWW\newpaipai\mobile\app\Modules\Console\Controllers\ViewController.php 第 627 行.
NOTIC: [8] Undefined variable: district_info D:\WWW\newpaipai\mobile\app\Modules\Console\Controllers\ViewController.php 第 632 行.
SQL: select region_id from `paipai`.`dsc_region` where parent_id = '31' [ RunTime:0.0000s ]
SQL: select region_id from `paipai`.`dsc_region` where parent_id = '383' [ RunTime:0.0010s ]
SQL: select rw2.region_id, rw2.region_name from`paipai`.`dsc_region_warehouse` as rw1 left join `paipai`.`dsc_region_warehouse` as rw2 on rw1.parent_id = rw2.region_id where rw1.regionId = '31' [ RunTime:0.0010s ]
NOTIC: [8] Undefined index: region_id D:\WWW\newpaipai\mobile\app\Modules\Console\Controllers\ViewController.php 第 660 行.
SQL: select province, city, district from `paipai`.`dsc_seller_shopinfo` where ru_id = 0 [ RunTime:0.0010s ]
SQL: select region_id, region_name from `paipai`.`dsc_region_warehouse` where regionId = '31' LIMIT 1 [ RunTime:0.0000s ]
SQL: select parent_id from `paipai`.`dsc_region_warehouse` where regionId = '31' LIMIT 1 [ RunTime:0.0000s ]
SQL: select region_id from `paipai`.`dsc_region_warehouse` where regionId = '383' LIMIT 1 [ RunTime:0.0010s ]
SQL: select region_id, region_name from `paipai`.`dsc_region_warehouse` where regionId = '31' LIMIT 1 [ RunTime:0.0000s ]
SQL: SHOW COLUMNS FROM `dsc_touch_page_view` [ RunTime:0.0068s ]
SQL: SELECT `id` FROM `dsc_touch_page_view` WHERE `ru_id` = 0 AND `type` = 'index' AND `default` = 1 LIMIT 1   [ RunTime:0.0010s ]

[ 2018-09-09T15:09:29+08:00 ] ::1 /newpaipai/mobile/index.php?m=console&c=view&a=view
NOTIC: [8] date_default_timezone_set(): Timezone ID '' is invalid D:\WWW\newpaipai\mobile\vendor\Library\Think\Think.class.php 第 106 行.
INFO: [ app_init ] --START--
INFO: Run Behavior\BuildLiteBehavior [ RunTime:0.000000s ]
INFO: [ app_init ] --END-- [ RunTime:0.000000s ]
INFO: [ app_begin ] --START--
INFO: Run Behavior\ReadHtmlCacheBehavior [ RunTime:0.001953s ]
INFO: Run App\Behavior\SaaSServiceBehavior [ RunTime:0.000000s ]
INFO: [ app_begin ] --END-- [ RunTime:0.001953s ]
SQL: SELECT code, value FROM `paipai`.`dsc_shop_config` WHERE parent_id > 0 [ RunTime:0.0020s ]
NOTIC: [8] Undefined index: type_city D:\WWW\newpaipai\mobile\app\Modules\Base\Controllers\FrontendController.php 第 208 行.
SQL: select region_id, region_name from `paipai`.`dsc_region` where 1 AND parent_id = '' order by region_id asc limit 0, 1 [ RunTime:0.0020s ]
NOTIC: [8] Undefined index: type_province D:\WWW\newpaipai\mobile\app\Modules\Base\Controllers\FrontendController.php 第 215 行.
SQL: select region_id, region_name from `paipai`.`dsc_region` where 1 AND parent_id = '' order by region_id asc limit 0, 1 [ RunTime:0.0020s ]
NOTIC: [8] Undefined index: type_city D:\WWW\newpaipai\mobile\app\Modules\Base\Controllers\FrontendController.php 第 216 行.
SQL: select r1.parent_id, r2.region_name from `paipai`.`dsc_region` as r1, `paipai`.`dsc_region` as r2  where 1 AND r1.parent_id = r2.region_id AND r1.region_id = '' [ RunTime:0.0010s ]
NOTIC: [8] Undefined index: type_district D:\WWW\newpaipai\mobile\app\Modules\Base\Controllers\FrontendController.php 第 217 行.
SQL: select r1.parent_id, r2.region_name from `paipai`.`dsc_region` as r1, `paipai`.`dsc_region` as r2  where 1 AND r1.parent_id = r2.region_id AND r1.region_id = '' [ RunTime:0.0010s ]
NOTIC: [8] Undefined index: type_province D:\WWW\newpaipai\mobile\app\Modules\Base\Controllers\FrontendController.php 第 218 行.
SQL: select region_id,region_name from `paipai`.`dsc_region_warehouse` where regionId = '31' LIMIT 1 [ RunTime:0.0010s ]
SQL: select province, city, district from `paipai`.`dsc_seller_shopinfo` where ru_id = 0 [ RunTime:0.0010s ]
NOTIC: [2] ltrim(): Invalid '..'-range, no character to the left of '..' D:\WWW\newpaipai\mobile\app\Modules\Base\Controllers\FrontendController.php 第 323 行.
INFO: [ frontend_init ] --START--
SQL: SHOW COLUMNS FROM `dsc_drp_config` [ RunTime:0.0078s ]
SQL: SELECT `value` FROM `dsc_drp_config` WHERE `code` = 'custom_distribution' LIMIT 1   [ RunTime:0.0020s ]
SQL: SHOW COLUMNS FROM `dsc_drp_config` [ RunTime:0.0059s ]
SQL: SELECT `value` FROM `dsc_drp_config` WHERE `code` = 'custom_distributor' LIMIT 1   [ RunTime:0.0010s ]
INFO: Run App\Behavior\ReplaceLangBehavior [ RunTime:0.022461s ]
INFO: [ frontend_init ] --END-- [ RunTime:0.022461s ]
SQL: select country, province, city, district from `paipai`.`dsc_order_info` where user_id = '' order by order_id DESC [ RunTime:0.0020s ]
SQL: select ut.province, ut.city, ut.district from `paipai`.`dsc_users` as u  left join `paipai`.`dsc_users_type` as ut on u.user_id = ut.user_id where u.user_id = '' [ RunTime:0.0010s ]
NOTIC: [8] Undefined index: province D:\WWW\newpaipai\mobile\app\Modules\Console\Controllers\ViewController.php 第 600 行.
NOTIC: [8] Undefined index: province D:\WWW\newpaipai\mobile\app\Modules\Console\Controllers\ViewController.php 第 606 行.
NOTIC: [8] Undefined variable: province_info D:\WWW\newpaipai\mobile\app\Modules\Console\Controllers\ViewController.php 第 612 行.
SQL: select region_name from `paipai`.`dsc_region_warehouse` where regionId = '' [ RunTime:0.0010s ]
NOTIC: [8] Undefined variable: province_info D:\WWW\newpaipai\mobile\app\Modules\Console\Controllers\ViewController.php 第 614 行.
SQL: select region_id from `paipai`.`dsc_region_warehouse` where region_name = '北京仓库' and region_type = '0' [ RunTime:0.0010s ]
NOTIC: [8] Undefined index: city D:\WWW\newpaipai\mobile\app\Modules\Console\Controllers\ViewController.php 第 619 行.
NOTIC: [8] Undefined variable: city_info D:\WWW\newpaipai\mobile\app\Modules\Console\Controllers\ViewController.php 第 624 行.
NOTIC: [8] Undefined index: district D:\WWW\newpaipai\mobile\app\Modules\Console\Controllers\ViewController.php 第 627 行.
NOTIC: [8] Undefined variable: district_info D:\WWW\newpaipai\mobile\app\Modules\Console\Controllers\ViewController.php 第 632 行.
SQL: select region_id from `paipai`.`dsc_region` where parent_id = '31' [ RunTime:0.0010s ]
SQL: select region_id from `paipai`.`dsc_region` where parent_id = '383' [ RunTime:0.0010s ]
SQL: select rw2.region_id, rw2.region_name from`paipai`.`dsc_region_warehouse` as rw1 left join `paipai`.`dsc_region_warehouse` as rw2 on rw1.parent_id = rw2.region_id where rw1.regionId = '31' [ RunTime:0.0010s ]
NOTIC: [8] Undefined index: region_id D:\WWW\newpaipai\mobile\app\Modules\Console\Controllers\ViewController.php 第 660 行.
SQL: select province, city, district from `paipai`.`dsc_seller_shopinfo` where ru_id = 0 [ RunTime:0.0020s ]
SQL: select region_id, region_name from `paipai`.`dsc_region_warehouse` where regionId = '31' LIMIT 1 [ RunTime:0.0010s ]
SQL: select parent_id from `paipai`.`dsc_region_warehouse` where regionId = '31' LIMIT 1 [ RunTime:0.0010s ]
SQL: select region_id from `paipai`.`dsc_region_warehouse` where regionId = '383' LIMIT 1 [ RunTime:0.0010s ]
SQL: select region_id, region_name from `paipai`.`dsc_region_warehouse` where regionId = '31' LIMIT 1 [ RunTime:0.0010s ]
SQL: SHOW COLUMNS FROM `dsc_touch_page_view` [ RunTime:0.0068s ]
SQL: SELECT `type`,`title`,`thumb_pic`,`data`,`default` FROM `dsc_touch_page_view` WHERE `id` = 3 LIMIT 1   [ RunTime:0.0020s ]
NOTIC: [2] ltrim(): Invalid '..'-range, no character to the left of '..' D:\WWW\newpaipai\mobile\app\Modules\Console\Controllers\ViewController.php 第 521 行.
NOTIC: [2] file_get_contents(D:/WWW/newpaipai/mobile/storage/framework/92e1af/Data//navigation.php): failed to open stream: No such file or directory D:\WWW\newpaipai\mobile\app\Modules\Console\Controllers\ViewController.php 第 522 行.

[ 2018-09-09T15:09:30+08:00 ] ::1 /newpaipai/mobile/index.php?m=console&c=view&a=product
NOTIC: [8] date_default_timezone_set(): Timezone ID '' is invalid D:\WWW\newpaipai\mobile\vendor\Library\Think\Think.class.php 第 106 行.
INFO: [ app_init ] --START--
INFO: Run Behavior\BuildLiteBehavior [ RunTime:0.000000s ]
INFO: [ app_init ] --END-- [ RunTime:0.000000s ]
INFO: [ app_begin ] --START--
INFO: Run Behavior\ReadHtmlCacheBehavior [ RunTime:0.000977s ]
INFO: Run App\Behavior\SaaSServiceBehavior [ RunTime:0.000976s ]
INFO: [ app_begin ] --END-- [ RunTime:0.002929s ]
SQL: SELECT code, value FROM `paipai`.`dsc_shop_config` WHERE parent_id > 0 [ RunTime:0.0020s ]
NOTIC: [8] Undefined index: type_city D:\WWW\newpaipai\mobile\app\Modules\Base\Controllers\FrontendController.php 第 208 行.
SQL: select region_id, region_name from `paipai`.`dsc_region` where 1 AND parent_id = '' order by region_id asc limit 0, 1 [ RunTime:0.0020s ]
NOTIC: [8] Undefined index: type_province D:\WWW\newpaipai\mobile\app\Modules\Base\Controllers\FrontendController.php 第 215 行.
SQL: select region_id, region_name from `paipai`.`dsc_region` where 1 AND parent_id = '' order by region_id asc limit 0, 1 [ RunTime:0.0010s ]
NOTIC: [8] Undefined index: type_city D:\WWW\newpaipai\mobile\app\Modules\Base\Controllers\FrontendController.php 第 216 行.
SQL: select r1.parent_id, r2.region_name from `paipai`.`dsc_region` as r1, `paipai`.`dsc_region` as r2  where 1 AND r1.parent_id = r2.region_id AND r1.region_id = '' [ RunTime:0.0010s ]
NOTIC: [8] Undefined index: type_district D:\WWW\newpaipai\mobile\app\Modules\Base\Controllers\FrontendController.php 第 217 行.
SQL: select r1.parent_id, r2.region_name from `paipai`.`dsc_region` as r1, `paipai`.`dsc_region` as r2  where 1 AND r1.parent_id = r2.region_id AND r1.region_id = '' [ RunTime:0.0010s ]
NOTIC: [8] Undefined index: type_province D:\WWW\newpaipai\mobile\app\Modules\Base\Controllers\FrontendController.php 第 218 行.
SQL: select region_id,region_name from `paipai`.`dsc_region_warehouse` where regionId = '31' LIMIT 1 [ RunTime:0.0010s ]
SQL: select province, city, district from `paipai`.`dsc_seller_shopinfo` where ru_id = 0 [ RunTime:0.0010s ]
NOTIC: [2] ltrim(): Invalid '..'-range, no character to the left of '..' D:\WWW\newpaipai\mobile\app\Modules\Base\Controllers\FrontendController.php 第 323 行.
INFO: [ frontend_init ] --START--
SQL: SHOW COLUMNS FROM `dsc_drp_config` [ RunTime:0.0078s ]
SQL: SELECT `value` FROM `dsc_drp_config` WHERE `code` = 'custom_distribution' LIMIT 1   [ RunTime:0.0010s ]
SQL: SHOW COLUMNS FROM `dsc_drp_config` [ RunTime:0.0078s ]
SQL: SELECT `value` FROM `dsc_drp_config` WHERE `code` = 'custom_distributor' LIMIT 1   [ RunTime:0.0020s ]
INFO: Run App\Behavior\ReplaceLangBehavior [ RunTime:0.025391s ]
INFO: [ frontend_init ] --END-- [ RunTime:0.025391s ]
SQL: select country, province, city, district from `paipai`.`dsc_order_info` where user_id = '' order by order_id DESC [ RunTime:0.0010s ]
SQL: select ut.province, ut.city, ut.district from `paipai`.`dsc_users` as u  left join `paipai`.`dsc_users_type` as ut on u.user_id = ut.user_id where u.user_id = '' [ RunTime:0.0010s ]
NOTIC: [8] Undefined index: province D:\WWW\newpaipai\mobile\app\Modules\Console\Controllers\ViewController.php 第 600 行.
NOTIC: [8] Undefined index: province D:\WWW\newpaipai\mobile\app\Modules\Console\Controllers\ViewController.php 第 606 行.
NOTIC: [8] Undefined variable: province_info D:\WWW\newpaipai\mobile\app\Modules\Console\Controllers\ViewController.php 第 612 行.
SQL: select region_name from `paipai`.`dsc_region_warehouse` where regionId = '' [ RunTime:0.0010s ]
NOTIC: [8] Undefined variable: province_info D:\WWW\newpaipai\mobile\app\Modules\Console\Controllers\ViewController.php 第 614 行.
SQL: select region_id from `paipai`.`dsc_region_warehouse` where region_name = '北京仓库' and region_type = '0' [ RunTime:0.0010s ]
NOTIC: [8] Undefined index: city D:\WWW\newpaipai\mobile\app\Modules\Console\Controllers\ViewController.php 第 619 行.
NOTIC: [8] Undefined variable: city_info D:\WWW\newpaipai\mobile\app\Modules\Console\Controllers\ViewController.php 第 624 行.
NOTIC: [8] Undefined index: district D:\WWW\newpaipai\mobile\app\Modules\Console\Controllers\ViewController.php 第 627 行.
NOTIC: [8] Undefined variable: district_info D:\WWW\newpaipai\mobile\app\Modules\Console\Controllers\ViewController.php 第 632 行.
SQL: select region_id from `paipai`.`dsc_region` where parent_id = '31' [ RunTime:0.0020s ]
SQL: select region_id from `paipai`.`dsc_region` where parent_id = '383' [ RunTime:0.0010s ]
SQL: select rw2.region_id, rw2.region_name from`paipai`.`dsc_region_warehouse` as rw1 left join `paipai`.`dsc_region_warehouse` as rw2 on rw1.parent_id = rw2.region_id where rw1.regionId = '31' [ RunTime:0.0020s ]
NOTIC: [8] Undefined index: region_id D:\WWW\newpaipai\mobile\app\Modules\Console\Controllers\ViewController.php 第 660 行.
SQL: select province, city, district from `paipai`.`dsc_seller_shopinfo` where ru_id = 0 [ RunTime:0.0020s ]
SQL: select region_id, region_name from `paipai`.`dsc_region_warehouse` where regionId = '31' LIMIT 1 [ RunTime:0.0020s ]
SQL: select parent_id from `paipai`.`dsc_region_warehouse` where regionId = '31' LIMIT 1 [ RunTime:0.0010s ]
SQL: select region_id from `paipai`.`dsc_region_warehouse` where regionId = '383' LIMIT 1 [ RunTime:0.0010s ]
SQL: select region_id, region_name from `paipai`.`dsc_region_warehouse` where regionId = '31' LIMIT 1 [ RunTime:0.0020s ]

