[ 2018-09-09T15:09:14+08:00 ] ::1 /newpaipai/mobile/
NOTIC: [8] date_default_timezone_set(): Timezone ID '' is invalid D:\WWW\newpaipai\mobile\vendor\Library\Think\Think.class.php 第 106 行.
INFO: [ app_init ] --START--
INFO: Run Behavior\BuildLiteBehavior [ RunTime:0.000000s ]
INFO: [ app_init ] --END-- [ RunTime:0.000000s ]
INFO: [ app_begin ] --START--
INFO: Run Behavior\ReadHtmlCacheBehavior [ RunTime:0.000977s ]
INFO: Run App\Behavior\SaaSServiceBehavior [ RunTime:0.001953s ]
INFO: [ app_begin ] --END-- [ RunTime:0.002930s ]
NOTIC: [2] mkdir(): No such file or directory D:\WWW\newpaipai\mobile\vendor\Library\Think\Cache\Driver\File.class.php 第 43 行.
SQL: SELECT code, value FROM `paipai`.`dsc_shop_config` WHERE parent_id > 0 [ RunTime:0.0010s ]
SQL: SHOW COLUMNS FROM `dsc_stats` [ RunTime:0.0059s ]
SQL: INSERT INTO `dsc_stats` (`ip_address`,`visit_times`,`browser`,`system`,`language`,`area`,`referer_domain`,`referer_path`,`access_url`,`access_time`) VALUES ('0.0.0.0','4','Safari 604.1','Unknown','zh,en','IANA','','','/newpaipai/mobile/index.php','1536448154') [ RunTime:0.0010s ]
NOTIC: [8] Undefined index: type_city D:\WWW\newpaipai\mobile\app\Modules\Base\Controllers\FrontendController.php 第 208 行.
SQL: select region_id, region_name from `paipai`.`dsc_region` where 1 AND parent_id = '' order by region_id asc limit 0, 1 [ RunTime:0.0010s ]
NOTIC: [8] Undefined index: type_province D:\WWW\newpaipai\mobile\app\Modules\Base\Controllers\FrontendController.php 第 215 行.
SQL: select region_id, region_name from `paipai`.`dsc_region` where 1 AND parent_id = '' order by region_id asc limit 0, 1 [ RunTime:0.0010s ]
NOTIC: [8] Undefined index: type_city D:\WWW\newpaipai\mobile\app\Modules\Base\Controllers\FrontendController.php 第 216 行.
SQL: select r1.parent_id, r2.region_name from `paipai`.`dsc_region` as r1, `paipai`.`dsc_region` as r2  where 1 AND r1.parent_id = r2.region_id AND r1.region_id = '' [ RunTime:0.0000s ]
NOTIC: [8] Undefined index: type_district D:\WWW\newpaipai\mobile\app\Modules\Base\Controllers\FrontendController.php 第 217 行.
SQL: select r1.parent_id, r2.region_name from `paipai`.`dsc_region` as r1, `paipai`.`dsc_region` as r2  where 1 AND r1.parent_id = r2.region_id AND r1.region_id = '' [ RunTime:0.0020s ]
NOTIC: [8] Undefined index: type_province D:\WWW\newpaipai\mobile\app\Modules\Base\Controllers\FrontendController.php 第 218 行.
SQL: select region_id,region_name from `paipai`.`dsc_region_warehouse` where regionId = '31' LIMIT 1 [ RunTime:0.0000s ]
SQL: select province, city, district from `paipai`.`dsc_seller_shopinfo` where ru_id = 0 [ RunTime:0.0000s ]
NOTIC: [2] ltrim(): Invalid '..'-range, no character to the left of '..' D:\WWW\newpaipai\mobile\app\Modules\Base\Controllers\FrontendController.php 第 323 行.
INFO: [ frontend_init ] --START--
SQL: SHOW COLUMNS FROM `dsc_drp_config` [ RunTime:0.0068s ]
SQL: SELECT `value` FROM `dsc_drp_config` WHERE `code` = 'custom_distribution' LIMIT 1   [ RunTime:0.0010s ]
SQL: SHOW COLUMNS FROM `dsc_drp_config` [ RunTime:0.0068s ]
SQL: SELECT `value` FROM `dsc_drp_config` WHERE `code` = 'custom_distributor' LIMIT 1   [ RunTime:0.0010s ]
INFO: Run App\Behavior\ReplaceLangBehavior [ RunTime:0.020507s ]
INFO: [ frontend_init ] --END-- [ RunTime:0.020507s ]
SQL: SHOW COLUMNS FROM `dsc_touch_ad` [ RunTime:0.0098s ]
SQL: SELECT * FROM `dsc_touch_ad` WHERE `ad_name` = '首页红包广告' LIMIT 1   [ RunTime:0.0010s ]
NOTIC: [2] file_put_contents(D:/WWW/newpaipai/mobile/storage/framework/92e1af/Temp/9d6718b52f44b6c8723f35f5e985d5eb.php): failed to open stream: No such file or directory D:\WWW\newpaipai\mobile\vendor\Library\Think\Cache\Driver\File.class.php 第 137 行.
SQL: SHOW COLUMNS FROM `dsc_touch_page_view` [ RunTime:0.0068s ]
SQL: SELECT `title`,`thumb_pic`,`page_id` FROM `dsc_touch_page_view` WHERE `id` = 0 LIMIT 1   [ RunTime:0.0020s ]
SQL: SHOW COLUMNS FROM `dsc_seo` [ RunTime:0.0078s ]
NOTIC: [2] mkdir(): No such file or directory D:\WWW\newpaipai\mobile\vendor\Library\Think\Cache\Driver\File.class.php 第 43 行.
SQL: SELECT `title`,`keywords`,`description` FROM `dsc_seo` WHERE `type` = 'index' LIMIT 1   [ RunTime:0.0010s ]
NOTIC: [2] file_put_contents(D:/WWW/newpaipai/mobile/storage/framework/92e1af/Temp/d91d173c7bb1081c7728a45345be1b19.php): failed to open stream: No such file or directory D:\WWW\newpaipai\mobile\vendor\Library\Think\Cache\Driver\File.class.php 第 137 行.
NOTIC: [2] ltrim(): Invalid '..'-range, no character to the left of '..' D:\WWW\newpaipai\mobile\app\Modules\Base\Controllers\FrontendController.php 第 323 行.
NOTIC: [2048] Only variables should be passed by reference D:\WWW\newpaipai\mobile\vendor\Library\Think\View.class.php 第 175 行.
INFO: [ view_parse ] --START--
INFO: [ template_replace ] --START--
INFO: Run App\Behavior\ParseTemplateBehavior [ RunTime:0.008790s ]
INFO: [ template_replace ] --END-- [ RunTime:0.008790s ]
NOTIC: [2048] Only variables should be passed by reference D:\WWW\newpaipai\mobile\vendor\Common\functions.php 第 257 行.
NOTIC: [2048] Only variables should be passed by reference D:\WWW\newpaipai\mobile\vendor\Common\functions.php 第 262 行.
NOTIC: [2048] Only variables should be passed by reference D:\WWW\newpaipai\mobile\vendor\Common\functions.php 第 267 行.
INFO: [ template_replace ] --START--
INFO: Run App\Behavior\ParseTemplateBehavior [ RunTime:0.001953s ]
INFO: [ template_replace ] --END-- [ RunTime:-0.002929s ]
INFO: [ template_filter ] --START--
INFO: Run Behavior\ContentReplaceBehavior [ RunTime:0.000000s ]
INFO: [ template_filter ] --END-- [ RunTime:0.000976s ]
INFO: Run Behavior\ParseTemplateBehavior [ RunTime:0.040039s ]
INFO: [ view_parse ] --END-- [ RunTime:0.040039s ]
INFO: [ view_filter ] --START--
INFO: Run Behavior\WriteHtmlCacheBehavior [ RunTime:0.001953s ]
INFO: Run Behavior\TokenBuildBehavior [ RunTime:0.001954s ]
INFO: [ view_filter ] --END-- [ RunTime:0.003907s ]
INFO: [ app_end ] --START--
INFO: Run Behavior\ShowPageTraceBehavior [ RunTime:0.000976s ]
INFO: [ app_end ] --END-- [ RunTime:0.000976s ]

[ 2018-09-09T15:09:16+08:00 ] ::1 /newpaipai/mobile/index.php?m=index&a=appnav
NOTIC: [8] date_default_timezone_set(): Timezone ID '' is invalid D:\WWW\newpaipai\mobile\vendor\Library\Think\Think.class.php 第 106 行.
INFO: [ app_init ] --START--
INFO: Run Behavior\BuildLiteBehavior [ RunTime:0.000000s ]
INFO: [ app_init ] --END-- [ RunTime:0.000000s ]
INFO: [ app_begin ] --START--
INFO: Run Behavior\ReadHtmlCacheBehavior [ RunTime:0.001953s ]
INFO: Run App\Behavior\SaaSServiceBehavior [ RunTime:0.000000s ]
INFO: [ app_begin ] --END-- [ RunTime:0.001953s ]
SQL: SELECT code, value FROM `paipai`.`dsc_shop_config` WHERE parent_id > 0 [ RunTime:0.0039s ]
NOTIC: [2] session_start(): Cannot send session cache limiter - headers already sent D:\WWW\newpaipai\mobile\vendor\Common\functions.php 第 1321 行.
NOTIC: [2] Cannot modify header information - headers already sent D:\WWW\newpaipai\mobile\vendor\Common\functions.php 第 1454 行.
NOTIC: [8] Undefined index: type_city D:\WWW\newpaipai\mobile\app\Modules\Base\Controllers\FrontendController.php 第 208 行.
SQL: select region_id, region_name from `paipai`.`dsc_region` where 1 AND parent_id = '' order by region_id asc limit 0, 1 [ RunTime:0.0020s ]
NOTIC: [8] Undefined index: type_province D:\WWW\newpaipai\mobile\app\Modules\Base\Controllers\FrontendController.php 第 215 行.
SQL: select region_id, region_name from `paipai`.`dsc_region` where 1 AND parent_id = '' order by region_id asc limit 0, 1 [ RunTime:0.0010s ]
NOTIC: [8] Undefined index: type_city D:\WWW\newpaipai\mobile\app\Modules\Base\Controllers\FrontendController.php 第 216 行.
SQL: select r1.parent_id, r2.region_name from `paipai`.`dsc_region` as r1, `paipai`.`dsc_region` as r2  where 1 AND r1.parent_id = r2.region_id AND r1.region_id = '' [ RunTime:0.0010s ]
NOTIC: [8] Undefined index: type_district D:\WWW\newpaipai\mobile\app\Modules\Base\Controllers\FrontendController.php 第 217 行.
SQL: select r1.parent_id, r2.region_name from `paipai`.`dsc_region` as r1, `paipai`.`dsc_region` as r2  where 1 AND r1.parent_id = r2.region_id AND r1.region_id = '' [ RunTime:0.0010s ]
NOTIC: [8] Undefined index: type_province D:\WWW\newpaipai\mobile\app\Modules\Base\Controllers\FrontendController.php 第 218 行.
SQL: select region_id,region_name from `paipai`.`dsc_region_warehouse` where regionId = '31' LIMIT 1 [ RunTime:0.0010s ]
SQL: select province, city, district from `paipai`.`dsc_seller_shopinfo` where ru_id = 0 [ RunTime:0.0010s ]
NOTIC: [2] Cannot modify header information - headers already sent D:\WWW\newpaipai\mobile\vendor\Common\functions.php 第 1462 行.
NOTIC: [2] Cannot modify header information - headers already sent D:\WWW\newpaipai\mobile\vendor\Common\functions.php 第 1462 行.
NOTIC: [2] Cannot modify header information - headers already sent D:\WWW\newpaipai\mobile\vendor\Common\functions.php 第 1462 行.
NOTIC: [2] ltrim(): Invalid '..'-range, no character to the left of '..' D:\WWW\newpaipai\mobile\app\Modules\Base\Controllers\FrontendController.php 第 323 行.
INFO: [ frontend_init ] --START--
SQL: SHOW COLUMNS FROM `dsc_drp_config` [ RunTime:0.0068s ]
SQL: SELECT `value` FROM `dsc_drp_config` WHERE `code` = 'custom_distribution' LIMIT 1   [ RunTime:0.0010s ]
SQL: SHOW COLUMNS FROM `dsc_drp_config` [ RunTime:0.0068s ]
SQL: SELECT `value` FROM `dsc_drp_config` WHERE `code` = 'custom_distributor' LIMIT 1   [ RunTime:0.0010s ]
INFO: Run App\Behavior\ReplaceLangBehavior [ RunTime:0.020507s ]
INFO: [ frontend_init ] --END-- [ RunTime:0.021484s ]
NOTIC: [2] Cannot modify header information - headers already sent D:\WWW\newpaipai\mobile\app\Modules\Index\Controllers\IndexController.php 第 10 行.
NOTIC: [2] Cannot modify header information - headers already sent D:\WWW\newpaipai\mobile\app\Modules\Index\Controllers\IndexController.php 第 11 行.
NOTIC: [2] Cannot modify header information - headers already sent D:\WWW\newpaipai\mobile\app\Modules\Index\Controllers\IndexController.php 第 12 行.
NOTIC: [2] Cannot modify header information - headers already sent D:\WWW\newpaipai\mobile\vendor\Library\Think\Controller\RestController.class.php 第 178 行.
NOTIC: [2] Cannot modify header information - headers already sent D:\WWW\newpaipai\mobile\vendor\Library\Think\Controller\RestController.class.php 第 180 行.

[ 2018-09-09T15:09:25+08:00 ] ::1 /newpaipai/mobile/
NOTIC: [8] date_default_timezone_set(): Timezone ID '' is invalid D:\WWW\newpaipai\mobile\vendor\Library\Think\Think.class.php 第 106 行.
INFO: [ app_init ] --START--
INFO: Run Behavior\BuildLiteBehavior [ RunTime:0.000000s ]
INFO: [ app_init ] --END-- [ RunTime:0.000000s ]
INFO: [ app_begin ] --START--
INFO: Run Behavior\ReadHtmlCacheBehavior [ RunTime:0.001954s ]
INFO: Run App\Behavior\SaaSServiceBehavior [ RunTime:0.000000s ]
INFO: [ app_begin ] --END-- [ RunTime:0.001954s ]
SQL: SELECT code, value FROM `paipai`.`dsc_shop_config` WHERE parent_id > 0 [ RunTime:0.0020s ]
NOTIC: [8] Undefined index: type_city D:\WWW\newpaipai\mobile\app\Modules\Base\Controllers\FrontendController.php 第 208 行.
SQL: select region_id, region_name from `paipai`.`dsc_region` where 1 AND parent_id = '' order by region_id asc limit 0, 1 [ RunTime:0.0020s ]
NOTIC: [8] Undefined index: type_province D:\WWW\newpaipai\mobile\app\Modules\Base\Controllers\FrontendController.php 第 215 行.
SQL: select region_id, region_name from `paipai`.`dsc_region` where 1 AND parent_id = '' order by region_id asc limit 0, 1 [ RunTime:0.0010s ]
NOTIC: [8] Undefined index: type_city D:\WWW\newpaipai\mobile\app\Modules\Base\Controllers\FrontendController.php 第 216 行.
SQL: select r1.parent_id, r2.region_name from `paipai`.`dsc_region` as r1, `paipai`.`dsc_region` as r2  where 1 AND r1.parent_id = r2.region_id AND r1.region_id = '' [ RunTime:0.0010s ]
NOTIC: [8] Undefined index: type_district D:\WWW\newpaipai\mobile\app\Modules\Base\Controllers\FrontendController.php 第 217 行.
SQL: select r1.parent_id, r2.region_name from `paipai`.`dsc_region` as r1, `paipai`.`dsc_region` as r2  where 1 AND r1.parent_id = r2.region_id AND r1.region_id = '' [ RunTime:0.0010s ]
NOTIC: [8] Undefined index: type_province D:\WWW\newpaipai\mobile\app\Modules\Base\Controllers\FrontendController.php 第 218 行.
SQL: select region_id,region_name from `paipai`.`dsc_region_warehouse` where regionId = '31' LIMIT 1 [ RunTime:0.0010s ]
SQL: select province, city, district from `paipai`.`dsc_seller_shopinfo` where ru_id = 0 [ RunTime:0.0020s ]
NOTIC: [2] ltrim(): Invalid '..'-range, no character to the left of '..' D:\WWW\newpaipai\mobile\app\Modules\Base\Controllers\FrontendController.php 第 323 行.
INFO: [ frontend_init ] --START--
SQL: SHOW COLUMNS FROM `dsc_drp_config` [ RunTime:0.0068s ]
SQL: SELECT `value` FROM `dsc_drp_config` WHERE `code` = 'custom_distribution' LIMIT 1   [ RunTime:0.0010s ]
SQL: SHOW COLUMNS FROM `dsc_drp_config` [ RunTime:0.0068s ]
SQL: SELECT `value` FROM `dsc_drp_config` WHERE `code` = 'custom_distributor' LIMIT 1   [ RunTime:0.0020s ]
INFO: Run App\Behavior\ReplaceLangBehavior [ RunTime:0.024414s ]
INFO: [ frontend_init ] --END-- [ RunTime:0.024414s ]
SQL: SHOW COLUMNS FROM `dsc_touch_ad` [ RunTime:0.0068s ]
SQL: SELECT * FROM `dsc_touch_ad` WHERE `ad_name` = '首页红包广告' LIMIT 1   [ RunTime:0.0020s ]
SQL: SHOW COLUMNS FROM `dsc_touch_page_view` [ RunTime:0.0078s ]
SQL: SELECT `title`,`thumb_pic`,`page_id` FROM `dsc_touch_page_view` WHERE `id` = 0 LIMIT 1   [ RunTime:0.0010s ]
SQL: SHOW COLUMNS FROM `dsc_seo` [ RunTime:0.0068s ]
SQL: SELECT `title`,`keywords`,`description` FROM `dsc_seo` WHERE `type` = 'index' LIMIT 1   [ RunTime:0.0020s ]
NOTIC: [2] ltrim(): Invalid '..'-range, no character to the left of '..' D:\WWW\newpaipai\mobile\app\Modules\Base\Controllers\FrontendController.php 第 323 行.
NOTIC: [2048] Only variables should be passed by reference D:\WWW\newpaipai\mobile\vendor\Library\Think\View.class.php 第 175 行.
INFO: [ view_parse ] --START--
INFO: [ template_replace ] --START--
INFO: Run App\Behavior\ParseTemplateBehavior [ RunTime:0.002930s ]
INFO: [ template_replace ] --END-- [ RunTime:0.002930s ]
NOTIC: [2048] Only variables should be passed by reference D:\WWW\newpaipai\mobile\vendor\Common\functions.php 第 257 行.
NOTIC: [2048] Only variables should be passed by reference D:\WWW\newpaipai\mobile\vendor\Common\functions.php 第 262 行.
NOTIC: [2048] Only variables should be passed by reference D:\WWW\newpaipai\mobile\vendor\Common\functions.php 第 267 行.
INFO: [ template_replace ] --START--
INFO: Run App\Behavior\ParseTemplateBehavior [ RunTime:0.001953s ]
INFO: [ template_replace ] --END-- [ RunTime:-0.000976s ]
INFO: [ template_filter ] --START--
INFO: Run Behavior\ContentReplaceBehavior [ RunTime:0.000000s ]
INFO: [ template_filter ] --END-- [ RunTime:0.000000s ]
INFO: Run Behavior\ParseTemplateBehavior [ RunTime:0.018555s ]
INFO: [ view_parse ] --END-- [ RunTime:0.018555s ]
INFO: [ view_filter ] --START--
INFO: Run Behavior\WriteHtmlCacheBehavior [ RunTime:0.000977s ]
INFO: Run Behavior\TokenBuildBehavior [ RunTime:0.000976s ]
INFO: [ view_filter ] --END-- [ RunTime:0.001953s ]
INFO: [ app_end ] --START--
INFO: Run Behavior\ShowPageTraceBehavior [ RunTime:0.001953s ]
INFO: [ app_end ] --END-- [ RunTime:0.001953s ]

[ 2018-09-09T15:09:27+08:00 ] ::1 /newpaipai/mobile/index.php?m=index&a=appnav
NOTIC: [8] date_default_timezone_set(): Timezone ID '' is invalid D:\WWW\newpaipai\mobile\vendor\Library\Think\Think.class.php 第 106 行.
INFO: [ app_init ] --START--
INFO: Run Behavior\BuildLiteBehavior [ RunTime:0.000000s ]
INFO: [ app_init ] --END-- [ RunTime:0.000000s ]
INFO: [ app_begin ] --START--
INFO: Run Behavior\ReadHtmlCacheBehavior [ RunTime:0.000977s ]
INFO: Run App\Behavior\SaaSServiceBehavior [ RunTime:0.000000s ]
INFO: [ app_begin ] --END-- [ RunTime:0.000977s ]
SQL: SELECT code, value FROM `paipai`.`dsc_shop_config` WHERE parent_id > 0 [ RunTime:0.0029s ]
NOTIC: [2] session_start(): Cannot send session cache limiter - headers already sent D:\WWW\newpaipai\mobile\vendor\Common\functions.php 第 1321 行.
NOTIC: [2] Cannot modify header information - headers already sent D:\WWW\newpaipai\mobile\vendor\Common\functions.php 第 1454 行.
NOTIC: [8] Undefined index: type_city D:\WWW\newpaipai\mobile\app\Modules\Base\Controllers\FrontendController.php 第 208 行.
SQL: select region_id, region_name from `paipai`.`dsc_region` where 1 AND parent_id = '' order by region_id asc limit 0, 1 [ RunTime:0.0020s ]
NOTIC: [8] Undefined index: type_province D:\WWW\newpaipai\mobile\app\Modules\Base\Controllers\FrontendController.php 第 215 行.
SQL: select region_id, region_name from `paipai`.`dsc_region` where 1 AND parent_id = '' order by region_id asc limit 0, 1 [ RunTime:0.0020s ]
NOTIC: [8] Undefined index: type_city D:\WWW\newpaipai\mobile\app\Modules\Base\Controllers\FrontendController.php 第 216 行.
SQL: select r1.parent_id, r2.region_name from `paipai`.`dsc_region` as r1, `paipai`.`dsc_region` as r2  where 1 AND r1.parent_id = r2.region_id AND r1.region_id = '' [ RunTime:0.0010s ]
NOTIC: [8] Undefined index: type_district D:\WWW\newpaipai\mobile\app\Modules\Base\Controllers\FrontendController.php 第 217 行.
SQL: select r1.parent_id, r2.region_name from `paipai`.`dsc_region` as r1, `paipai`.`dsc_region` as r2  where 1 AND r1.parent_id = r2.region_id AND r1.region_id = '' [ RunTime:0.0010s ]
NOTIC: [8] Undefined index: type_province D:\WWW\newpaipai\mobile\app\Modules\Base\Controllers\FrontendController.php 第 218 行.
SQL: select region_id,region_name from `paipai`.`dsc_region_warehouse` where regionId = '31' LIMIT 1 [ RunTime:0.0010s ]
SQL: select province, city, district from `paipai`.`dsc_seller_shopinfo` where ru_id = 0 [ RunTime:0.0010s ]
NOTIC: [2] Cannot modify header information - headers already sent D:\WWW\newpaipai\mobile\vendor\Common\functions.php 第 1462 行.
NOTIC: [2] Cannot modify header information - headers already sent D:\WWW\newpaipai\mobile\vendor\Common\functions.php 第 1462 行.
NOTIC: [2] Cannot modify header information - headers already sent D:\WWW\newpaipai\mobile\vendor\Common\functions.php 第 1462 行.
NOTIC: [2] ltrim(): Invalid '..'-range, no character to the left of '..' D:\WWW\newpaipai\mobile\app\Modules\Base\Controllers\FrontendController.php 第 323 行.
INFO: [ frontend_init ] --START--
SQL: SHOW COLUMNS FROM `dsc_drp_config` [ RunTime:0.0098s ]
SQL: SELECT `value` FROM `dsc_drp_config` WHERE `code` = 'custom_distribution' LIMIT 1   [ RunTime:0.0029s ]
SQL: SHOW COLUMNS FROM `dsc_drp_config` [ RunTime:0.0078s ]
SQL: SELECT `value` FROM `dsc_drp_config` WHERE `code` = 'custom_distributor' LIMIT 1   [ RunTime:0.0020s ]
INFO: Run App\Behavior\ReplaceLangBehavior [ RunTime:0.025391s ]
INFO: [ frontend_init ] --END-- [ RunTime:0.026367s ]
NOTIC: [2] Cannot modify header information - headers already sent D:\WWW\newpaipai\mobile\app\Modules\Index\Controllers\IndexController.php 第 10 行.
NOTIC: [2] Cannot modify header information - headers already sent D:\WWW\newpaipai\mobile\app\Modules\Index\Controllers\IndexController.php 第 11 行.
NOTIC: [2] Cannot modify header information - headers already sent D:\WWW\newpaipai\mobile\app\Modules\Index\Controllers\IndexController.php 第 12 行.
NOTIC: [2] Cannot modify header information - headers already sent D:\WWW\newpaipai\mobile\vendor\Library\Think\Controller\RestController.class.php 第 178 行.
NOTIC: [2] Cannot modify header information - headers already sent D:\WWW\newpaipai\mobile\vendor\Library\Think\Controller\RestController.class.php 第 180 行.

